Jul 19, 2011 7:07:52 AM org.apache.catalina.core.AprLifecycleListener init
INFO: Loaded APR based Apache Tomcat Native library 1.1.20.
Jul 19, 2011 7:07:52 AM org.apache.catalina.core.AprLifecycleListener init
INFO: APR capabilities: IPv6 [true], sendfile [true], accept filters [false], random [true].
Jul 19, 2011 7:07:54 AM org.apache.coyote.http11.Http11AprProtocol init
INFO: Initializing Coyote HTTP/1.1 on http-8080
Jul 19, 2011 7:07:54 AM org.apache.coyote.ajp.AjpAprProtocol init
INFO: Initializing Coyote AJP/1.3 on ajp-8009
Jul 19, 2011 7:07:54 AM org.apache.catalina.startup.Catalina load
INFO: Initialization processed in 3159 ms
Jul 19, 2011 7:07:54 AM org.apache.catalina.core.StandardService start
INFO: Starting service Catalina
Jul 19, 2011 7:07:54 AM org.apache.catalina.core.StandardEngine start
INFO: Starting Servlet Engine: Apache Tomcat/6.0.32
Jul 19, 2011 7:07:54 AM org.apache.catalina.startup.HostConfig deployDescriptor
INFO: Deploying configuration descriptor petclinic.xml
Jul 19, 2011 7:07:58 AM org.apache.catalina.startup.HostConfig deployDirectory
INFO: Deploying web application directory ROOT
Jul 19, 2011 7:07:58 AM org.apache.coyote.http11.Http11AprProtocol start
INFO: Starting Coyote HTTP/1.1 on http-8080
Jul 19, 2011 7:07:59 AM org.apache.coyote.ajp.AjpAprProtocol start
INFO: Starting Coyote AJP/1.3 on ajp-8009
Jul 19, 2011 7:07:59 AM org.apache.catalina.startup.Catalina start
INFO: Server startup in 4373 ms
Jul 19, 2011 8:31:02 AM org.apache.coyote.http11.Http11AprProtocol pause
INFO: Pausing Coyote HTTP/1.1 on http-8080
Jul 19, 2011 8:31:02 AM org.apache.coyote.ajp.AjpAprProtocol pause
INFO: Pausing Coyote AJP/1.3 on ajp-8009
Jul 19, 2011 8:31:03 AM org.apache.catalina.core.StandardService stop
INFO: Stopping service Catalina
Jul 19, 2011 8:31:04 AM org.apache.catalina.loader.WebappClassLoader clearReferencesJdbc
SEVERE: The web application [/petclinic] registered the JDBC driver [org.hsqldb.jdbcDriver] but failed to unregister it when the web application was stopped. To prevent a memory leak, the JDBC Driver has been forcibly unregistered.
Jul 19, 2011 8:31:04 AM org.apache.catalina.loader.WebappClassLoader clearReferencesThreads
SEVERE: The web application [/petclinic] appears to have started a thread named [Timer-0] but has failed to stop it. This is very likely to create a memory leak.
Jul 19, 2011 8:31:05 AM org.apache.coyote.http11.Http11AprProtocol destroy
INFO: Stopping Coyote HTTP/1.1 on http-8080
Jul 19, 2011 8:31:06 AM org.apache.coyote.ajp.AjpAprProtocol destroy
INFO: Stopping Coyote AJP/1.3 on ajp-8009
