Sep 14, 2011 4:20:53 PM org.apache.catalina.core.AprLifecycleListener init
INFO: Loaded APR based Apache Tomcat Native library 1.1.20.
Sep 14, 2011 4:20:53 PM org.apache.catalina.core.AprLifecycleListener init
INFO: APR capabilities: IPv6 [true], sendfile [true], accept filters [false], random [true].
Sep 14, 2011 4:20:55 PM org.apache.coyote.http11.Http11AprProtocol init
INFO: Initializing Coyote HTTP/1.1 on http-8081
Sep 14, 2011 4:20:55 PM org.apache.coyote.ajp.AjpAprProtocol init
INFO: Initializing Coyote AJP/1.3 on ajp-8009
Sep 14, 2011 4:20:55 PM org.apache.catalina.startup.Catalina load
INFO: Initialization processed in 2556 ms
Sep 14, 2011 4:20:56 PM org.apache.catalina.core.StandardService start
INFO: Starting service Catalina
Sep 14, 2011 4:20:56 PM org.apache.catalina.core.StandardEngine start
INFO: Starting Servlet Engine: Apache Tomcat/6.0.32
Sep 14, 2011 4:20:56 PM org.apache.catalina.startup.HostConfig deployDescriptor
INFO: Deploying configuration descriptor petclinic.xml
Sep 14, 2011 4:20:59 PM org.apache.catalina.startup.HostConfig deployDirectory
INFO: Deploying web application directory ROOT
Sep 14, 2011 4:20:59 PM org.apache.coyote.http11.Http11AprProtocol start
INFO: Starting Coyote HTTP/1.1 on http-8081
Sep 14, 2011 4:20:59 PM org.apache.coyote.ajp.AjpAprProtocol start
INFO: Starting Coyote AJP/1.3 on ajp-8009
Sep 14, 2011 4:20:59 PM org.apache.catalina.startup.Catalina start
INFO: Server startup in 3863 ms
Sep 14, 2011 4:22:19 PM org.apache.catalina.core.AprLifecycleListener init
INFO: Loaded APR based Apache Tomcat Native library 1.1.20.
Sep 14, 2011 4:22:19 PM org.apache.catalina.core.AprLifecycleListener init
INFO: APR capabilities: IPv6 [true], sendfile [true], accept filters [false], random [true].
Sep 14, 2011 4:22:21 PM org.apache.coyote.http11.Http11AprProtocol init
INFO: Initializing Coyote HTTP/1.1 on http-8081
Sep 14, 2011 4:22:21 PM org.apache.coyote.ajp.AjpAprProtocol init
INFO: Initializing Coyote AJP/1.3 on ajp-8009
Sep 14, 2011 4:22:21 PM org.apache.catalina.startup.Catalina load
INFO: Initialization processed in 2315 ms
Sep 14, 2011 4:22:21 PM org.apache.catalina.core.StandardService start
INFO: Starting service Catalina
Sep 14, 2011 4:22:21 PM org.apache.catalina.core.StandardEngine start
INFO: Starting Servlet Engine: Apache Tomcat/6.0.32
Sep 14, 2011 4:22:21 PM org.apache.catalina.startup.HostConfig deployDescriptor
INFO: Deploying configuration descriptor petclinic.xml
Sep 14, 2011 4:22:25 PM org.apache.catalina.startup.HostConfig deployDirectory
INFO: Deploying web application directory ROOT
Sep 14, 2011 4:37:52 PM org.apache.catalina.core.AprLifecycleListener init
INFO: Loaded APR based Apache Tomcat Native library 1.1.20.
Sep 14, 2011 4:37:52 PM org.apache.catalina.core.AprLifecycleListener init
INFO: APR capabilities: IPv6 [true], sendfile [true], accept filters [false], random [true].
Sep 14, 2011 4:37:53 PM org.apache.coyote.http11.Http11AprProtocol init
INFO: Initializing Coyote HTTP/1.1 on http-8081
Sep 14, 2011 4:37:53 PM org.apache.coyote.ajp.AjpAprProtocol init
INFO: Initializing Coyote AJP/1.3 on ajp-8009
Sep 14, 2011 4:37:53 PM org.apache.catalina.startup.Catalina load
INFO: Initialization processed in 2274 ms
Sep 14, 2011 4:37:53 PM org.apache.catalina.core.StandardService start
INFO: Starting service Catalina
Sep 14, 2011 4:37:53 PM org.apache.catalina.core.StandardEngine start
INFO: Starting Servlet Engine: Apache Tomcat/6.0.32
Sep 14, 2011 4:37:53 PM org.apache.catalina.startup.HostConfig deployDescriptor
INFO: Deploying configuration descriptor petclinic.xml
Sep 14, 2011 4:37:57 PM org.apache.catalina.startup.HostConfig deployDirectory
INFO: Deploying web application directory ROOT
Sep 14, 2011 4:38:08 PM org.apache.catalina.core.AprLifecycleListener init
INFO: Loaded APR based Apache Tomcat Native library 1.1.20.
Sep 14, 2011 4:38:08 PM org.apache.catalina.core.AprLifecycleListener init
INFO: APR capabilities: IPv6 [true], sendfile [true], accept filters [false], random [true].
Sep 14, 2011 4:38:10 PM org.apache.coyote.http11.Http11AprProtocol init
INFO: Initializing Coyote HTTP/1.1 on http-8081
Sep 14, 2011 4:38:10 PM org.apache.coyote.ajp.AjpAprProtocol init
INFO: Initializing Coyote AJP/1.3 on ajp-8009
Sep 14, 2011 4:38:10 PM org.apache.catalina.startup.Catalina load
INFO: Initialization processed in 2242 ms
Sep 14, 2011 4:38:10 PM org.apache.catalina.core.StandardService start
INFO: Starting service Catalina
Sep 14, 2011 4:38:10 PM org.apache.catalina.core.StandardEngine start
INFO: Starting Servlet Engine: Apache Tomcat/6.0.32
Sep 14, 2011 4:38:10 PM org.apache.catalina.startup.HostConfig deployDescriptor
INFO: Deploying configuration descriptor petclinic.xml
Sep 14, 2011 4:38:13 PM org.apache.catalina.startup.HostConfig deployDirectory
INFO: Deploying web application directory ROOT
Sep 14, 2011 4:38:14 PM org.apache.coyote.http11.Http11AprProtocol start
INFO: Starting Coyote HTTP/1.1 on http-8081
Sep 14, 2011 4:38:14 PM org.apache.coyote.ajp.AjpAprProtocol start
INFO: Starting Coyote AJP/1.3 on ajp-8009
Sep 14, 2011 4:38:14 PM org.apache.catalina.startup.Catalina start
INFO: Server startup in 3842 ms
Sep 14, 2011 4:42:23 PM org.apache.catalina.core.AprLifecycleListener init
INFO: Loaded APR based Apache Tomcat Native library 1.1.20.
Sep 14, 2011 4:42:23 PM org.apache.catalina.core.AprLifecycleListener init
INFO: APR capabilities: IPv6 [true], sendfile [true], accept filters [false], random [true].
Sep 14, 2011 4:42:25 PM org.apache.coyote.http11.Http11AprProtocol init
INFO: Initializing Coyote HTTP/1.1 on http-8081
Sep 14, 2011 4:42:25 PM org.apache.coyote.ajp.AjpAprProtocol init
INFO: Initializing Coyote AJP/1.3 on ajp-8009
Sep 14, 2011 4:42:25 PM org.apache.catalina.startup.Catalina load
INFO: Initialization processed in 2559 ms
Sep 14, 2011 4:42:25 PM org.apache.catalina.core.StandardService start
INFO: Starting service Catalina
Sep 14, 2011 4:42:25 PM org.apache.catalina.core.StandardEngine start
INFO: Starting Servlet Engine: Apache Tomcat/6.0.32
Sep 14, 2011 4:42:25 PM org.apache.catalina.startup.HostConfig deployDescriptor
INFO: Deploying configuration descriptor petclinic.xml
Sep 14, 2011 4:42:29 PM org.apache.catalina.startup.HostConfig deployDirectory
INFO: Deploying web application directory ROOT
Sep 14, 2011 4:42:29 PM org.apache.coyote.http11.Http11AprProtocol start
INFO: Starting Coyote HTTP/1.1 on http-8081
Sep 14, 2011 4:42:30 PM org.apache.coyote.ajp.AjpAprProtocol start
INFO: Starting Coyote AJP/1.3 on ajp-8009
Sep 14, 2011 4:42:30 PM org.apache.catalina.startup.Catalina start
INFO: Server startup in 4904 ms
Sep 14, 2011 8:37:56 PM org.apache.coyote.http11.Http11AprProtocol pause
INFO: Pausing Coyote HTTP/1.1 on http-8081
Sep 14, 2011 8:37:56 PM org.apache.coyote.ajp.AjpAprProtocol pause
INFO: Pausing Coyote AJP/1.3 on ajp-8009
Sep 14, 2011 8:37:57 PM org.apache.catalina.core.StandardService stop
INFO: Stopping service Catalina
Sep 14, 2011 8:38:33 PM org.apache.catalina.core.AprLifecycleListener init
INFO: Loaded APR based Apache Tomcat Native library 1.1.20.
Sep 14, 2011 8:38:34 PM org.apache.catalina.core.AprLifecycleListener init
INFO: APR capabilities: IPv6 [true], sendfile [true], accept filters [false], random [true].
Sep 14, 2011 8:38:44 PM org.apache.coyote.http11.Http11AprProtocol init
INFO: Initializing Coyote HTTP/1.1 on http-8081
Sep 14, 2011 8:38:44 PM org.apache.coyote.ajp.AjpAprProtocol init
INFO: Initializing Coyote AJP/1.3 on ajp-8009
Sep 14, 2011 8:38:44 PM org.apache.catalina.startup.Catalina load
INFO: Initialization processed in 11990 ms
Sep 14, 2011 8:38:44 PM org.apache.catalina.core.StandardService start
INFO: Starting service Catalina
Sep 14, 2011 8:38:44 PM org.apache.catalina.core.StandardEngine start
INFO: Starting Servlet Engine: Apache Tomcat/6.0.32
Sep 14, 2011 8:38:44 PM org.apache.catalina.startup.HostConfig deployDescriptor
INFO: Deploying configuration descriptor petclinic.xml
Sep 14, 2011 8:38:50 PM org.apache.catalina.startup.HostConfig deployDirectory
INFO: Deploying web application directory ROOT
Sep 14, 2011 8:38:50 PM org.apache.coyote.http11.Http11AprProtocol start
INFO: Starting Coyote HTTP/1.1 on http-8081
Sep 14, 2011 8:38:51 PM org.apache.coyote.ajp.AjpAprProtocol start
INFO: Starting Coyote AJP/1.3 on ajp-8009
Sep 14, 2011 8:38:51 PM org.apache.catalina.startup.Catalina start
INFO: Server startup in 7089 ms
