Jul 18, 2011 1:49:06 PM org.apache.catalina.core.AprLifecycleListener init
INFO: Loaded APR based Apache Tomcat Native library 1.1.20.
Jul 18, 2011 1:49:06 PM org.apache.catalina.core.AprLifecycleListener init
INFO: APR capabilities: IPv6 [true], sendfile [true], accept filters [false], random [true].
Jul 18, 2011 1:49:08 PM org.apache.coyote.http11.Http11AprProtocol init
INFO: Initializing Coyote HTTP/1.1 on http-8080
Jul 18, 2011 1:49:08 PM org.apache.coyote.ajp.AjpAprProtocol init
INFO: Initializing Coyote AJP/1.3 on ajp-8009
Jul 18, 2011 1:49:08 PM org.apache.catalina.startup.Catalina load
INFO: Initialization processed in 2436 ms
Jul 18, 2011 1:49:08 PM org.apache.catalina.core.StandardService start
INFO: Starting service Catalina
Jul 18, 2011 1:49:08 PM org.apache.catalina.core.StandardEngine start
INFO: Starting Servlet Engine: Apache Tomcat/6.0.32
Jul 18, 2011 1:49:08 PM org.apache.catalina.startup.HostConfig deployWAR
INFO: Deploying web application archive petclinic.war
Jul 18, 2011 1:49:14 PM org.apache.catalina.startup.HostConfig deployDirectory
INFO: Deploying web application directory docs
Jul 18, 2011 1:49:14 PM org.apache.catalina.startup.HostConfig deployDirectory
INFO: Deploying web application directory examples
Jul 18, 2011 1:49:14 PM org.apache.catalina.startup.HostConfig deployDirectory
INFO: Deploying web application directory host-manager
Jul 18, 2011 1:49:15 PM org.apache.catalina.startup.HostConfig deployDirectory
INFO: Deploying web application directory manager
Jul 18, 2011 1:49:15 PM org.apache.catalina.startup.HostConfig deployDirectory
INFO: Deploying web application directory ROOT
Jul 18, 2011 1:49:15 PM org.apache.coyote.http11.Http11AprProtocol start
INFO: Starting Coyote HTTP/1.1 on http-8080
Jul 18, 2011 1:49:15 PM org.apache.coyote.ajp.AjpAprProtocol start
INFO: Starting Coyote AJP/1.3 on ajp-8009
Jul 18, 2011 1:49:15 PM org.apache.catalina.startup.Catalina start
INFO: Server startup in 6984 ms
Jul 18, 2011 2:06:58 PM org.apache.catalina.startup.HostConfig checkResources
INFO: Undeploying context [/manager]
Jul 18, 2011 2:06:58 PM org.apache.catalina.startup.HostConfig checkResources
INFO: Undeploying context [/docs]
Jul 18, 2011 2:06:59 PM org.apache.catalina.startup.HostConfig checkResources
INFO: Undeploying context [/examples]
Jul 18, 2011 2:06:59 PM org.apache.catalina.startup.HostConfig checkResources
INFO: Undeploying context [/host-manager]
Jul 18, 2011 2:07:24 PM org.apache.coyote.http11.Http11AprProtocol pause
INFO: Pausing Coyote HTTP/1.1 on http-8080
Jul 18, 2011 2:07:24 PM org.apache.coyote.ajp.AjpAprProtocol pause
INFO: Pausing Coyote AJP/1.3 on ajp-8009
Jul 18, 2011 2:07:25 PM org.apache.catalina.core.StandardService stop
INFO: Stopping service Catalina
Jul 18, 2011 2:07:25 PM org.apache.catalina.loader.WebappClassLoader clearReferencesJdbc
SEVERE: The web application [/petclinic] registered the JDBC driver [org.hsqldb.jdbcDriver] but failed to unregister it when the web application was stopped. To prevent a memory leak, the JDBC Driver has been forcibly unregistered.
Jul 18, 2011 2:07:25 PM org.apache.catalina.loader.WebappClassLoader clearReferencesThreads
SEVERE: The web application [/petclinic] appears to have started a thread named [Timer-0] but has failed to stop it. This is very likely to create a memory leak.
Jul 18, 2011 2:07:26 PM org.apache.coyote.http11.Http11AprProtocol destroy
INFO: Stopping Coyote HTTP/1.1 on http-8080
Jul 18, 2011 2:07:26 PM org.apache.coyote.ajp.AjpAprProtocol destroy
INFO: Stopping Coyote AJP/1.3 on ajp-8009
