Jul 12, 2011 12:00:18 AM org.apache.catalina.core.AprLifecycleListener init
INFO: The APR based Apache Tomcat Native library which allows optimal performance in production environments was not found on the java.library.path: C:\Windows\system32;C:\Windows\Sun\Java\bin;C:\Windows\system32;C:\Windows;C:\Program Files\ActiveState Komodo Edit 6\;C:\Windows\system32;C:\Windows;C:\Windows\System32\Wbem;C:\Windows\System32\WindowsPowerShell\v1.0\;c:\Program Files\Microsoft SQL Server\100\Tools\Binn\;c:\Program Files\Microsoft SQL Server\100\DTS\Binn\;C:\Program Files\TortoiseGit\bin;C:\Program Files\TortoiseSVN\bin;c:\Program Files\Microsoft SQL Server\100\Tools\Binn\VSShell\Common7\IDE\;c:\Program Files\Microsoft Visual Studio 9.0\Common7\IDE\PrivateAssemblies\;.
Jul 12, 2011 12:00:18 AM org.apache.coyote.AbstractProtocol init
INFO: Initializing ProtocolHandler ["http-bio-8080"]
Jul 12, 2011 12:00:19 AM org.apache.coyote.AbstractProtocol init
INFO: Initializing ProtocolHandler ["ajp-bio-8009"]
Jul 12, 2011 12:00:19 AM org.apache.catalina.startup.Catalina load
INFO: Initialization processed in 1034 ms
Jul 12, 2011 12:00:19 AM org.apache.catalina.core.StandardService startInternal
INFO: Starting service Catalina
Jul 12, 2011 12:00:19 AM org.apache.catalina.core.StandardEngine startInternal
INFO: Starting Servlet Engine: Apache Tomcat/7.0.16
Jul 12, 2011 12:00:19 AM org.apache.catalina.startup.HostConfig deployWAR
INFO: Deploying web application archive jpetstore.war
Jul 12, 2011 12:00:57 AM org.apache.catalina.core.AprLifecycleListener init
INFO: The APR based Apache Tomcat Native library which allows optimal performance in production environments was not found on the java.library.path: C:\Windows\system32;C:\Windows\Sun\Java\bin;C:\Windows\system32;C:\Windows;C:\Program Files\ActiveState Komodo Edit 6\;C:\Windows\system32;C:\Windows;C:\Windows\System32\Wbem;C:\Windows\System32\WindowsPowerShell\v1.0\;c:\Program Files\Microsoft SQL Server\100\Tools\Binn\;c:\Program Files\Microsoft SQL Server\100\DTS\Binn\;C:\Program Files\TortoiseGit\bin;C:\Program Files\TortoiseSVN\bin;c:\Program Files\Microsoft SQL Server\100\Tools\Binn\VSShell\Common7\IDE\;c:\Program Files\Microsoft Visual Studio 9.0\Common7\IDE\PrivateAssemblies\;.
Jul 12, 2011 12:00:58 AM org.apache.coyote.AbstractProtocol init
INFO: Initializing ProtocolHandler ["http-bio-8080"]
Jul 12, 2011 12:00:58 AM org.apache.coyote.AbstractProtocol init
INFO: Initializing ProtocolHandler ["ajp-bio-8009"]
Jul 12, 2011 12:00:58 AM org.apache.catalina.startup.Catalina load
INFO: Initialization processed in 935 ms
Jul 12, 2011 12:00:58 AM org.apache.catalina.core.StandardService startInternal
INFO: Starting service Catalina
Jul 12, 2011 12:00:58 AM org.apache.catalina.core.StandardEngine startInternal
INFO: Starting Servlet Engine: Apache Tomcat/7.0.16
Jul 12, 2011 12:00:58 AM org.apache.catalina.startup.HostConfig deployWAR
INFO: Deploying web application archive jpetstore.war
Jul 12, 2011 12:00:59 AM org.springframework.web.context.ContextLoader initWebApplicationContext
INFO: Root WebApplicationContext: initialization started
Jul 12, 2011 12:00:59 AM org.springframework.context.support.AbstractApplicationContext prepareRefresh
INFO: Refreshing org.springframework.web.context.support.XmlWebApplicationContext@955cd5: display name [Root WebApplicationContext]; startup date [Tue Jul 12 00:00:59 BST 2011]; root of context hierarchy
Jul 12, 2011 12:01:00 AM org.springframework.beans.factory.xml.XmlBeanDefinitionReader loadBeanDefinitions
INFO: Loading XML bean definitions from ServletContext resource [/WEB-INF/dataAccessContext-local.xml]
Jul 12, 2011 12:01:00 AM org.springframework.beans.factory.xml.XmlBeanDefinitionReader loadBeanDefinitions
INFO: Loading XML bean definitions from ServletContext resource [/WEB-INF/applicationContext.xml]
Jul 12, 2011 12:01:00 AM org.springframework.context.support.AbstractApplicationContext obtainFreshBeanFactory
INFO: Bean factory for application context [org.springframework.web.context.support.XmlWebApplicationContext@955cd5]: org.springframework.beans.factory.support.DefaultListableBeanFactory@1c7e2da
Jul 12, 2011 12:01:00 AM org.springframework.core.io.support.PropertiesLoaderSupport loadProperties
INFO: Loading properties file from ServletContext resource [/WEB-INF/mail.properties]
Jul 12, 2011 12:01:00 AM org.springframework.core.io.support.PropertiesLoaderSupport loadProperties
INFO: Loading properties file from ServletContext resource [/WEB-INF/jdbc.properties]
Jul 12, 2011 12:01:00 AM org.springframework.beans.factory.support.DefaultListableBeanFactory preInstantiateSingletons
INFO: Pre-instantiating singletons in org.springframework.beans.factory.support.DefaultListableBeanFactory@1c7e2da: defining beans [dataSource,transactionManager,sqlMapClient,accountDao,categoryDao,productDao,itemDao,orderDao,sequenceDao,propertyConfigurer,accountValidator,orderValidator,petStore,org.springframework.aop.config.internalAutoProxyCreator,org.springframework.aop.support.DefaultBeanFactoryPointcutAdvisor#0,txAdvice]; root of factory hierarchy
Jul 12, 2011 12:01:01 AM org.springframework.web.context.ContextLoader initWebApplicationContext
INFO: Root WebApplicationContext: initialization completed in 1875 ms
Jul 12, 2011 12:01:01 AM org.springframework.web.servlet.FrameworkServlet initServletBean
INFO: FrameworkServlet 'petstore': initialization started
Jul 12, 2011 12:01:01 AM org.springframework.context.support.AbstractApplicationContext prepareRefresh
INFO: Refreshing org.springframework.web.context.support.XmlWebApplicationContext@adf5be: display name [WebApplicationContext for namespace 'petstore-servlet']; startup date [Tue Jul 12 00:01:01 BST 2011]; parent: org.springframework.web.context.support.XmlWebApplicationContext@955cd5
Jul 12, 2011 12:01:01 AM org.springframework.beans.factory.xml.XmlBeanDefinitionReader loadBeanDefinitions
INFO: Loading XML bean definitions from ServletContext resource [/WEB-INF/petstore-servlet.xml]
Jul 12, 2011 12:01:01 AM org.springframework.context.support.AbstractApplicationContext obtainFreshBeanFactory
INFO: Bean factory for application context [org.springframework.web.context.support.XmlWebApplicationContext@adf5be]: org.springframework.beans.factory.support.DefaultListableBeanFactory@1fe4169
Jul 12, 2011 12:01:01 AM org.springframework.beans.factory.support.DefaultListableBeanFactory preInstantiateSingletons
INFO: Pre-instantiating singletons in org.springframework.beans.factory.support.DefaultListableBeanFactory@1fe4169: defining beans [viewResolver,defaultHandlerMapping,/shop/addItemToCart.do,/shop/checkout.do,/shop/index.do,/shop/newAccount.do,/shop/removeItemFromCart.do,/shop/signoff.do,/shop/searchProducts.do,/shop/signon.do,/shop/signonForm.do,/shop/updateCartQuantities.do,/shop/viewCart.do,/shop/viewCategory.do,/shop/viewItem.do,/shop/viewProduct.do,secureHandlerMapping,signonInterceptor,secure_editAccount,secure_listOrders,secure_newOrder,secure_viewOrder]; parent: org.springframework.beans.factory.support.DefaultListableBeanFactory@1c7e2da
Jul 12, 2011 12:01:02 AM org.springframework.web.servlet.FrameworkServlet initServletBean
INFO: FrameworkServlet 'petstore': initialization completed in 351 ms
Jul 12, 2011 12:01:02 AM org.springframework.web.servlet.FrameworkServlet initServletBean
INFO: FrameworkServlet 'remoting': initialization started
Jul 12, 2011 12:01:02 AM org.springframework.context.support.AbstractApplicationContext prepareRefresh
INFO: Refreshing org.springframework.web.context.support.XmlWebApplicationContext@1296d1d: display name [WebApplicationContext for namespace 'remoting-servlet']; startup date [Tue Jul 12 00:01:02 BST 2011]; parent: org.springframework.web.context.support.XmlWebApplicationContext@955cd5
Jul 12, 2011 12:01:02 AM org.springframework.beans.factory.xml.XmlBeanDefinitionReader loadBeanDefinitions
INFO: Loading XML bean definitions from ServletContext resource [/WEB-INF/remoting-servlet.xml]
Jul 12, 2011 12:01:02 AM org.springframework.context.support.AbstractApplicationContext obtainFreshBeanFactory
INFO: Bean factory for application context [org.springframework.web.context.support.XmlWebApplicationContext@1296d1d]: org.springframework.beans.factory.support.DefaultListableBeanFactory@f63055
Jul 12, 2011 12:01:02 AM org.springframework.beans.factory.support.DefaultListableBeanFactory preInstantiateSingletons
INFO: Pre-instantiating singletons in org.springframework.beans.factory.support.DefaultListableBeanFactory@f63055: defining beans [/OrderService-hessian,/OrderService-burlap,/OrderService-httpinvoker]; parent: org.springframework.beans.factory.support.DefaultListableBeanFactory@1c7e2da
Jul 12, 2011 12:01:02 AM org.springframework.web.servlet.FrameworkServlet initServletBean
INFO: FrameworkServlet 'remoting': initialization completed in 172 ms
Jul 12, 2011 12:01:02 AM org.apache.axis.utils.JavaUtils isAttachmentSupported
WARNING: Unable to find required classes (javax.activation.DataHandler and javax.mail.internet.MimeMultipart). Attachment support is disabled.
Jul 12, 2011 12:01:03 AM org.apache.coyote.AbstractProtocol start
INFO: Starting ProtocolHandler ["http-bio-8080"]
Jul 12, 2011 12:01:03 AM org.apache.coyote.AbstractProtocol start
INFO: Starting ProtocolHandler ["ajp-bio-8009"]
Jul 12, 2011 12:01:03 AM org.apache.catalina.startup.Catalina start
INFO: Server startup in 5167 ms
Jul 12, 2011 12:05:58 AM org.apache.catalina.core.AprLifecycleListener init
INFO: The APR based Apache Tomcat Native library which allows optimal performance in production environments was not found on the java.library.path: C:\Windows\system32;C:\Windows\Sun\Java\bin;C:\Windows\system32;C:\Windows;C:\Program Files\ActiveState Komodo Edit 6\;C:\Windows\system32;C:\Windows;C:\Windows\System32\Wbem;C:\Windows\System32\WindowsPowerShell\v1.0\;c:\Program Files\Microsoft SQL Server\100\Tools\Binn\;c:\Program Files\Microsoft SQL Server\100\DTS\Binn\;C:\Program Files\TortoiseGit\bin;C:\Program Files\TortoiseSVN\bin;c:\Program Files\Microsoft SQL Server\100\Tools\Binn\VSShell\Common7\IDE\;c:\Program Files\Microsoft Visual Studio 9.0\Common7\IDE\PrivateAssemblies\;.
Jul 12, 2011 12:05:58 AM org.apache.coyote.AbstractProtocol init
INFO: Initializing ProtocolHandler ["http-bio-8080"]
Jul 12, 2011 12:05:58 AM org.apache.coyote.AbstractProtocol init
INFO: Initializing ProtocolHandler ["ajp-bio-8009"]
Jul 12, 2011 12:05:58 AM org.apache.catalina.startup.Catalina load
INFO: Initialization processed in 1631 ms
Jul 12, 2011 12:05:58 AM org.apache.catalina.core.StandardService startInternal
INFO: Starting service Catalina
Jul 12, 2011 12:05:58 AM org.apache.catalina.core.StandardEngine startInternal
INFO: Starting Servlet Engine: Apache Tomcat/7.0.16
Jul 12, 2011 12:05:58 AM org.apache.catalina.startup.HostConfig deployWAR
INFO: Deploying web application archive jpetstore.war
Jul 12, 2011 12:06:00 AM org.springframework.web.context.ContextLoader initWebApplicationContext
INFO: Root WebApplicationContext: initialization started
Jul 12, 2011 12:06:00 AM org.springframework.context.support.AbstractApplicationContext prepareRefresh
INFO: Refreshing org.springframework.web.context.support.XmlWebApplicationContext@955cd5: display name [Root WebApplicationContext]; startup date [Tue Jul 12 00:06:00 BST 2011]; root of context hierarchy
Jul 12, 2011 12:06:01 AM org.springframework.beans.factory.xml.XmlBeanDefinitionReader loadBeanDefinitions
INFO: Loading XML bean definitions from ServletContext resource [/WEB-INF/dataAccessContext-local.xml]
Jul 12, 2011 12:06:01 AM org.springframework.beans.factory.xml.XmlBeanDefinitionReader loadBeanDefinitions
INFO: Loading XML bean definitions from ServletContext resource [/WEB-INF/applicationContext.xml]
Jul 12, 2011 12:06:01 AM org.springframework.context.support.AbstractApplicationContext obtainFreshBeanFactory
INFO: Bean factory for application context [org.springframework.web.context.support.XmlWebApplicationContext@955cd5]: org.springframework.beans.factory.support.DefaultListableBeanFactory@17aece8
Jul 12, 2011 12:06:01 AM org.springframework.core.io.support.PropertiesLoaderSupport loadProperties
INFO: Loading properties file from ServletContext resource [/WEB-INF/mail.properties]
Jul 12, 2011 12:06:01 AM org.springframework.core.io.support.PropertiesLoaderSupport loadProperties
INFO: Loading properties file from ServletContext resource [/WEB-INF/jdbc.properties]
Jul 12, 2011 12:06:01 AM org.springframework.beans.factory.support.DefaultListableBeanFactory preInstantiateSingletons
INFO: Pre-instantiating singletons in org.springframework.beans.factory.support.DefaultListableBeanFactory@17aece8: defining beans [dataSource,transactionManager,sqlMapClient,accountDao,categoryDao,productDao,itemDao,orderDao,sequenceDao,propertyConfigurer,accountValidator,orderValidator,petStore,org.springframework.aop.config.internalAutoProxyCreator,org.springframework.aop.support.DefaultBeanFactoryPointcutAdvisor#0,txAdvice]; root of factory hierarchy
Jul 12, 2011 12:06:03 AM org.springframework.web.context.ContextLoader initWebApplicationContext
INFO: Root WebApplicationContext: initialization completed in 2424 ms
Jul 12, 2011 12:06:03 AM org.springframework.web.servlet.FrameworkServlet initServletBean
INFO: FrameworkServlet 'petstore': initialization started
Jul 12, 2011 12:06:03 AM org.springframework.context.support.AbstractApplicationContext prepareRefresh
INFO: Refreshing org.springframework.web.context.support.XmlWebApplicationContext@16f70a4: display name [WebApplicationContext for namespace 'petstore-servlet']; startup date [Tue Jul 12 00:06:03 BST 2011]; parent: org.springframework.web.context.support.XmlWebApplicationContext@955cd5
Jul 12, 2011 12:06:03 AM org.springframework.beans.factory.xml.XmlBeanDefinitionReader loadBeanDefinitions
INFO: Loading XML bean definitions from ServletContext resource [/WEB-INF/petstore-servlet.xml]
Jul 12, 2011 12:06:03 AM org.springframework.context.support.AbstractApplicationContext obtainFreshBeanFactory
INFO: Bean factory for application context [org.springframework.web.context.support.XmlWebApplicationContext@16f70a4]: org.springframework.beans.factory.support.DefaultListableBeanFactory@160c4b0
Jul 12, 2011 12:06:03 AM org.springframework.beans.factory.support.DefaultListableBeanFactory preInstantiateSingletons
INFO: Pre-instantiating singletons in org.springframework.beans.factory.support.DefaultListableBeanFactory@160c4b0: defining beans [viewResolver,defaultHandlerMapping,/shop/addItemToCart.do,/shop/checkout.do,/shop/index.do,/shop/newAccount.do,/shop/removeItemFromCart.do,/shop/signoff.do,/shop/searchProducts.do,/shop/signon.do,/shop/signonForm.do,/shop/updateCartQuantities.do,/shop/viewCart.do,/shop/viewCategory.do,/shop/viewItem.do,/shop/viewProduct.do,secureHandlerMapping,signonInterceptor,secure_editAccount,secure_listOrders,secure_newOrder,secure_viewOrder]; parent: org.springframework.beans.factory.support.DefaultListableBeanFactory@17aece8
Jul 12, 2011 12:06:03 AM org.springframework.web.servlet.FrameworkServlet initServletBean
INFO: FrameworkServlet 'petstore': initialization completed in 474 ms
Jul 12, 2011 12:06:04 AM org.springframework.web.servlet.FrameworkServlet initServletBean
INFO: FrameworkServlet 'remoting': initialization started
Jul 12, 2011 12:06:04 AM org.springframework.context.support.AbstractApplicationContext prepareRefresh
INFO: Refreshing org.springframework.web.context.support.XmlWebApplicationContext@e2d0b2: display name [WebApplicationContext for namespace 'remoting-servlet']; startup date [Tue Jul 12 00:06:04 BST 2011]; parent: org.springframework.web.context.support.XmlWebApplicationContext@955cd5
Jul 12, 2011 12:06:04 AM org.springframework.beans.factory.xml.XmlBeanDefinitionReader loadBeanDefinitions
INFO: Loading XML bean definitions from ServletContext resource [/WEB-INF/remoting-servlet.xml]
Jul 12, 2011 12:06:04 AM org.springframework.context.support.AbstractApplicationContext obtainFreshBeanFactory
INFO: Bean factory for application context [org.springframework.web.context.support.XmlWebApplicationContext@e2d0b2]: org.springframework.beans.factory.support.DefaultListableBeanFactory@df4bfc
Jul 12, 2011 12:06:04 AM org.springframework.beans.factory.support.DefaultListableBeanFactory preInstantiateSingletons
INFO: Pre-instantiating singletons in org.springframework.beans.factory.support.DefaultListableBeanFactory@df4bfc: defining beans [/OrderService-hessian,/OrderService-burlap,/OrderService-httpinvoker]; parent: org.springframework.beans.factory.support.DefaultListableBeanFactory@17aece8
Jul 12, 2011 12:06:04 AM org.springframework.web.servlet.FrameworkServlet initServletBean
INFO: FrameworkServlet 'remoting': initialization completed in 177 ms
Jul 12, 2011 12:06:04 AM org.apache.axis.utils.JavaUtils isAttachmentSupported
WARNING: Unable to find required classes (javax.activation.DataHandler and javax.mail.internet.MimeMultipart). Attachment support is disabled.
Jul 12, 2011 12:06:05 AM org.apache.coyote.AbstractProtocol start
INFO: Starting ProtocolHandler ["http-bio-8080"]
Jul 12, 2011 12:06:05 AM org.apache.coyote.AbstractProtocol start
INFO: Starting ProtocolHandler ["ajp-bio-8009"]
Jul 12, 2011 12:06:05 AM org.apache.catalina.startup.Catalina start
INFO: Server startup in 6346 ms
Jul 12, 2011 12:06:36 AM org.apache.catalina.core.AprLifecycleListener init
INFO: The APR based Apache Tomcat Native library which allows optimal performance in production environments was not found on the java.library.path: C:\Windows\system32;C:\Windows\Sun\Java\bin;C:\Windows\system32;C:\Windows;C:\Program Files\ActiveState Komodo Edit 6\;C:\Windows\system32;C:\Windows;C:\Windows\System32\Wbem;C:\Windows\System32\WindowsPowerShell\v1.0\;c:\Program Files\Microsoft SQL Server\100\Tools\Binn\;c:\Program Files\Microsoft SQL Server\100\DTS\Binn\;C:\Program Files\TortoiseGit\bin;C:\Program Files\TortoiseSVN\bin;c:\Program Files\Microsoft SQL Server\100\Tools\Binn\VSShell\Common7\IDE\;c:\Program Files\Microsoft Visual Studio 9.0\Common7\IDE\PrivateAssemblies\;.
Jul 12, 2011 12:06:36 AM org.apache.coyote.AbstractProtocol init
INFO: Initializing ProtocolHandler ["http-bio-8080"]
Jul 12, 2011 12:06:36 AM org.apache.coyote.AbstractProtocol init
INFO: Initializing ProtocolHandler ["ajp-bio-8009"]
Jul 12, 2011 12:06:36 AM org.apache.catalina.startup.Catalina load
INFO: Initialization processed in 1132 ms
Jul 12, 2011 12:06:37 AM org.apache.catalina.core.StandardService startInternal
INFO: Starting service Catalina
Jul 12, 2011 12:06:37 AM org.apache.catalina.core.StandardEngine startInternal
INFO: Starting Servlet Engine: Apache Tomcat/7.0.16
Jul 12, 2011 12:06:37 AM org.apache.catalina.startup.HostConfig deployWAR
INFO: Deploying web application archive jpetstore.war
Jul 12, 2011 12:06:38 AM org.springframework.web.context.ContextLoader initWebApplicationContext
INFO: Root WebApplicationContext: initialization started
Jul 12, 2011 12:06:38 AM org.springframework.context.support.AbstractApplicationContext prepareRefresh
INFO: Refreshing org.springframework.web.context.support.XmlWebApplicationContext@d85cc: display name [Root WebApplicationContext]; startup date [Tue Jul 12 00:06:38 BST 2011]; root of context hierarchy
Jul 12, 2011 12:06:38 AM org.springframework.beans.factory.xml.XmlBeanDefinitionReader loadBeanDefinitions
INFO: Loading XML bean definitions from ServletContext resource [/WEB-INF/dataAccessContext-local.xml]
Jul 12, 2011 12:06:38 AM org.springframework.beans.factory.xml.XmlBeanDefinitionReader loadBeanDefinitions
INFO: Loading XML bean definitions from ServletContext resource [/WEB-INF/applicationContext.xml]
Jul 12, 2011 12:06:39 AM org.springframework.context.support.AbstractApplicationContext obtainFreshBeanFactory
INFO: Bean factory for application context [org.springframework.web.context.support.XmlWebApplicationContext@d85cc]: org.springframework.beans.factory.support.DefaultListableBeanFactory@125d06e
Jul 12, 2011 12:06:39 AM org.springframework.core.io.support.PropertiesLoaderSupport loadProperties
INFO: Loading properties file from ServletContext resource [/WEB-INF/mail.properties]
Jul 12, 2011 12:06:39 AM org.springframework.core.io.support.PropertiesLoaderSupport loadProperties
INFO: Loading properties file from ServletContext resource [/WEB-INF/jdbc.properties]
Jul 12, 2011 12:06:39 AM org.springframework.beans.factory.support.DefaultListableBeanFactory preInstantiateSingletons
INFO: Pre-instantiating singletons in org.springframework.beans.factory.support.DefaultListableBeanFactory@125d06e: defining beans [dataSource,transactionManager,sqlMapClient,accountDao,categoryDao,productDao,itemDao,orderDao,sequenceDao,propertyConfigurer,accountValidator,orderValidator,petStore,org.springframework.aop.config.internalAutoProxyCreator,org.springframework.aop.support.DefaultBeanFactoryPointcutAdvisor#0,txAdvice]; root of factory hierarchy
Jul 12, 2011 12:06:40 AM org.springframework.web.context.ContextLoader initWebApplicationContext
INFO: Root WebApplicationContext: initialization completed in 2025 ms
Jul 12, 2011 12:06:40 AM org.springframework.web.servlet.FrameworkServlet initServletBean
INFO: FrameworkServlet 'petstore': initialization started
Jul 12, 2011 12:06:40 AM org.springframework.context.support.AbstractApplicationContext prepareRefresh
INFO: Refreshing org.springframework.web.context.support.XmlWebApplicationContext@1b17d49: display name [WebApplicationContext for namespace 'petstore-servlet']; startup date [Tue Jul 12 00:06:40 BST 2011]; parent: org.springframework.web.context.support.XmlWebApplicationContext@d85cc
Jul 12, 2011 12:06:40 AM org.springframework.beans.factory.xml.XmlBeanDefinitionReader loadBeanDefinitions
INFO: Loading XML bean definitions from ServletContext resource [/WEB-INF/petstore-servlet.xml]
Jul 12, 2011 12:06:40 AM org.springframework.context.support.AbstractApplicationContext obtainFreshBeanFactory
INFO: Bean factory for application context [org.springframework.web.context.support.XmlWebApplicationContext@1b17d49]: org.springframework.beans.factory.support.DefaultListableBeanFactory@1c794cc
Jul 12, 2011 12:06:40 AM org.springframework.beans.factory.support.DefaultListableBeanFactory preInstantiateSingletons
INFO: Pre-instantiating singletons in org.springframework.beans.factory.support.DefaultListableBeanFactory@1c794cc: defining beans [viewResolver,defaultHandlerMapping,/shop/addItemToCart.do,/shop/checkout.do,/shop/index.do,/shop/newAccount.do,/shop/removeItemFromCart.do,/shop/signoff.do,/shop/searchProducts.do,/shop/signon.do,/shop/signonForm.do,/shop/updateCartQuantities.do,/shop/viewCart.do,/shop/viewCategory.do,/shop/viewItem.do,/shop/viewProduct.do,secureHandlerMapping,signonInterceptor,secure_editAccount,secure_listOrders,secure_newOrder,secure_viewOrder]; parent: org.springframework.beans.factory.support.DefaultListableBeanFactory@125d06e
Jul 12, 2011 12:06:41 AM org.springframework.web.servlet.FrameworkServlet initServletBean
INFO: FrameworkServlet 'petstore': initialization completed in 280 ms
Jul 12, 2011 12:06:41 AM org.springframework.web.servlet.FrameworkServlet initServletBean
INFO: FrameworkServlet 'remoting': initialization started
Jul 12, 2011 12:06:41 AM org.springframework.context.support.AbstractApplicationContext prepareRefresh
INFO: Refreshing org.springframework.web.context.support.XmlWebApplicationContext@186f3b3: display name [WebApplicationContext for namespace 'remoting-servlet']; startup date [Tue Jul 12 00:06:41 BST 2011]; parent: org.springframework.web.context.support.XmlWebApplicationContext@d85cc
Jul 12, 2011 12:06:41 AM org.springframework.beans.factory.xml.XmlBeanDefinitionReader loadBeanDefinitions
INFO: Loading XML bean definitions from ServletContext resource [/WEB-INF/remoting-servlet.xml]
Jul 12, 2011 12:06:41 AM org.springframework.context.support.AbstractApplicationContext obtainFreshBeanFactory
INFO: Bean factory for application context [org.springframework.web.context.support.XmlWebApplicationContext@186f3b3]: org.springframework.beans.factory.support.DefaultListableBeanFactory@e9aa13
Jul 12, 2011 12:06:41 AM org.springframework.beans.factory.support.DefaultListableBeanFactory preInstantiateSingletons
INFO: Pre-instantiating singletons in org.springframework.beans.factory.support.DefaultListableBeanFactory@e9aa13: defining beans [/OrderService-hessian,/OrderService-burlap,/OrderService-httpinvoker]; parent: org.springframework.beans.factory.support.DefaultListableBeanFactory@125d06e
Jul 12, 2011 12:06:41 AM org.springframework.web.servlet.FrameworkServlet initServletBean
INFO: FrameworkServlet 'remoting': initialization completed in 179 ms
Jul 12, 2011 12:06:41 AM org.apache.axis.utils.JavaUtils isAttachmentSupported
WARNING: Unable to find required classes (javax.activation.DataHandler and javax.mail.internet.MimeMultipart). Attachment support is disabled.
Jul 12, 2011 12:06:42 AM org.apache.coyote.AbstractProtocol start
INFO: Starting ProtocolHandler ["http-bio-8080"]
Jul 12, 2011 12:06:42 AM org.apache.coyote.AbstractProtocol start
INFO: Starting ProtocolHandler ["ajp-bio-8009"]
Jul 12, 2011 12:06:42 AM org.apache.catalina.startup.Catalina start
INFO: Server startup in 5267 ms
Jul 12, 2011 12:06:48 AM org.apache.jasper.compiler.TldLocationsCache tldScanJar
INFO: At least one JAR was scanned for TLDs yet contained no TLDs. Enable debug logging for this logger for a complete list of JARs that were scanned where no TLDs were found. Skipping JAR scanning can improve startup time and JSP compilation time.
Jul 12, 2011 12:09:07 AM org.apache.catalina.core.AprLifecycleListener init
INFO: The APR based Apache Tomcat Native library which allows optimal performance in production environments was not found on the java.library.path: C:\Windows\system32;C:\Windows\Sun\Java\bin;C:\Windows\system32;C:\Windows;C:\Program Files\ActiveState Komodo Edit 6\;C:\Windows\system32;C:\Windows;C:\Windows\System32\Wbem;C:\Windows\System32\WindowsPowerShell\v1.0\;c:\Program Files\Microsoft SQL Server\100\Tools\Binn\;c:\Program Files\Microsoft SQL Server\100\DTS\Binn\;C:\Program Files\TortoiseGit\bin;C:\Program Files\TortoiseSVN\bin;c:\Program Files\Microsoft SQL Server\100\Tools\Binn\VSShell\Common7\IDE\;c:\Program Files\Microsoft Visual Studio 9.0\Common7\IDE\PrivateAssemblies\;.
Jul 12, 2011 12:09:07 AM org.apache.coyote.AbstractProtocol init
INFO: Initializing ProtocolHandler ["http-bio-8080"]
Jul 12, 2011 12:09:07 AM org.apache.coyote.AbstractProtocol init
INFO: Initializing ProtocolHandler ["ajp-bio-8009"]
Jul 12, 2011 12:09:07 AM org.apache.catalina.startup.Catalina load
INFO: Initialization processed in 1088 ms
Jul 12, 2011 12:09:07 AM org.apache.catalina.core.StandardService startInternal
INFO: Starting service Catalina
Jul 12, 2011 12:09:07 AM org.apache.catalina.core.StandardEngine startInternal
INFO: Starting Servlet Engine: Apache Tomcat/7.0.16
Jul 12, 2011 12:09:07 AM org.apache.catalina.startup.HostConfig deployWAR
INFO: Deploying web application archive jpetstore.war
Jul 12, 2011 12:09:09 AM org.springframework.web.context.ContextLoader initWebApplicationContext
INFO: Root WebApplicationContext: initialization started
Jul 12, 2011 12:09:09 AM org.springframework.context.support.AbstractApplicationContext prepareRefresh
INFO: Refreshing org.springframework.web.context.support.XmlWebApplicationContext@1eec35: display name [Root WebApplicationContext]; startup date [Tue Jul 12 00:09:09 BST 2011]; root of context hierarchy
Jul 12, 2011 12:09:10 AM org.springframework.beans.factory.xml.XmlBeanDefinitionReader loadBeanDefinitions
INFO: Loading XML bean definitions from ServletContext resource [/WEB-INF/dataAccessContext-local.xml]
Jul 12, 2011 12:09:10 AM org.springframework.beans.factory.xml.XmlBeanDefinitionReader loadBeanDefinitions
INFO: Loading XML bean definitions from ServletContext resource [/WEB-INF/applicationContext.xml]
Jul 12, 2011 12:09:10 AM org.springframework.context.support.AbstractApplicationContext obtainFreshBeanFactory
INFO: Bean factory for application context [org.springframework.web.context.support.XmlWebApplicationContext@1eec35]: org.springframework.beans.factory.support.DefaultListableBeanFactory@1d0d45b
Jul 12, 2011 12:09:11 AM org.springframework.core.io.support.PropertiesLoaderSupport loadProperties
INFO: Loading properties file from ServletContext resource [/WEB-INF/mail.properties]
Jul 12, 2011 12:09:11 AM org.springframework.core.io.support.PropertiesLoaderSupport loadProperties
INFO: Loading properties file from ServletContext resource [/WEB-INF/jdbc.properties]
Jul 12, 2011 12:09:11 AM org.springframework.beans.factory.support.DefaultListableBeanFactory preInstantiateSingletons
INFO: Pre-instantiating singletons in org.springframework.beans.factory.support.DefaultListableBeanFactory@1d0d45b: defining beans [dataSource,transactionManager,sqlMapClient,accountDao,categoryDao,productDao,itemDao,orderDao,sequenceDao,propertyConfigurer,accountValidator,orderValidator,petStore,org.springframework.aop.config.internalAutoProxyCreator,org.springframework.aop.support.DefaultBeanFactoryPointcutAdvisor#0,txAdvice]; root of factory hierarchy
Jul 12, 2011 12:09:12 AM org.springframework.web.context.ContextLoader initWebApplicationContext
INFO: Root WebApplicationContext: initialization completed in 2658 ms
Jul 12, 2011 12:09:12 AM org.springframework.web.servlet.FrameworkServlet initServletBean
INFO: FrameworkServlet 'petstore': initialization started
Jul 12, 2011 12:09:12 AM org.springframework.context.support.AbstractApplicationContext prepareRefresh
INFO: Refreshing org.springframework.web.context.support.XmlWebApplicationContext@14b84c7: display name [WebApplicationContext for namespace 'petstore-servlet']; startup date [Tue Jul 12 00:09:12 BST 2011]; parent: org.springframework.web.context.support.XmlWebApplicationContext@1eec35
Jul 12, 2011 12:09:12 AM org.springframework.beans.factory.xml.XmlBeanDefinitionReader loadBeanDefinitions
INFO: Loading XML bean definitions from ServletContext resource [/WEB-INF/petstore-servlet.xml]
Jul 12, 2011 12:09:12 AM org.springframework.context.support.AbstractApplicationContext obtainFreshBeanFactory
INFO: Bean factory for application context [org.springframework.web.context.support.XmlWebApplicationContext@14b84c7]: org.springframework.beans.factory.support.DefaultListableBeanFactory@31688f
Jul 12, 2011 12:09:12 AM org.springframework.beans.factory.support.DefaultListableBeanFactory preInstantiateSingletons
INFO: Pre-instantiating singletons in org.springframework.beans.factory.support.DefaultListableBeanFactory@31688f: defining beans [viewResolver,defaultHandlerMapping,/shop/addItemToCart.do,/shop/checkout.do,/shop/index.do,/shop/newAccount.do,/shop/removeItemFromCart.do,/shop/signoff.do,/shop/searchProducts.do,/shop/signon.do,/shop/signonForm.do,/shop/updateCartQuantities.do,/shop/viewCart.do,/shop/viewCategory.do,/shop/viewItem.do,/shop/viewProduct.do,secureHandlerMapping,signonInterceptor,secure_editAccount,secure_listOrders,secure_newOrder,secure_viewOrder]; parent: org.springframework.beans.factory.support.DefaultListableBeanFactory@1d0d45b
Jul 12, 2011 12:09:13 AM org.springframework.web.servlet.FrameworkServlet initServletBean
INFO: FrameworkServlet 'petstore': initialization completed in 520 ms
Jul 12, 2011 12:09:13 AM org.springframework.web.servlet.FrameworkServlet initServletBean
INFO: FrameworkServlet 'remoting': initialization started
Jul 12, 2011 12:09:13 AM org.springframework.context.support.AbstractApplicationContext prepareRefresh
INFO: Refreshing org.springframework.web.context.support.XmlWebApplicationContext@9ce4a3: display name [WebApplicationContext for namespace 'remoting-servlet']; startup date [Tue Jul 12 00:09:13 BST 2011]; parent: org.springframework.web.context.support.XmlWebApplicationContext@1eec35
Jul 12, 2011 12:09:13 AM org.springframework.beans.factory.xml.XmlBeanDefinitionReader loadBeanDefinitions
INFO: Loading XML bean definitions from ServletContext resource [/WEB-INF/remoting-servlet.xml]
Jul 12, 2011 12:09:13 AM org.springframework.context.support.AbstractApplicationContext obtainFreshBeanFactory
INFO: Bean factory for application context [org.springframework.web.context.support.XmlWebApplicationContext@9ce4a3]: org.springframework.beans.factory.support.DefaultListableBeanFactory@1add463
Jul 12, 2011 12:09:13 AM org.springframework.beans.factory.support.DefaultListableBeanFactory preInstantiateSingletons
INFO: Pre-instantiating singletons in org.springframework.beans.factory.support.DefaultListableBeanFactory@1add463: defining beans [/OrderService-hessian,/OrderService-burlap,/OrderService-httpinvoker]; parent: org.springframework.beans.factory.support.DefaultListableBeanFactory@1d0d45b
Jul 12, 2011 12:09:13 AM org.springframework.web.servlet.FrameworkServlet initServletBean
INFO: FrameworkServlet 'remoting': initialization completed in 151 ms
Jul 12, 2011 12:09:14 AM org.apache.axis.utils.JavaUtils isAttachmentSupported
WARNING: Unable to find required classes (javax.activation.DataHandler and javax.mail.internet.MimeMultipart). Attachment support is disabled.
Jul 12, 2011 12:09:14 AM org.apache.coyote.AbstractProtocol start
INFO: Starting ProtocolHandler ["http-bio-8080"]
Jul 12, 2011 12:09:14 AM org.apache.coyote.AbstractProtocol start
INFO: Starting ProtocolHandler ["ajp-bio-8009"]
Jul 12, 2011 12:09:14 AM org.apache.catalina.startup.Catalina start
INFO: Server startup in 7148 ms
Jul 12, 2011 12:09:49 AM org.apache.jasper.compiler.TldLocationsCache tldScanJar
INFO: At least one JAR was scanned for TLDs yet contained no TLDs. Enable debug logging for this logger for a complete list of JARs that were scanned where no TLDs were found. Skipping JAR scanning can improve startup time and JSP compilation time.
Jul 12, 2011 12:11:41 AM org.apache.catalina.core.AprLifecycleListener init
INFO: The APR based Apache Tomcat Native library which allows optimal performance in production environments was not found on the java.library.path: C:\Windows\system32;C:\Windows\Sun\Java\bin;C:\Windows\system32;C:\Windows;C:\Program Files\ActiveState Komodo Edit 6\;C:\Windows\system32;C:\Windows;C:\Windows\System32\Wbem;C:\Windows\System32\WindowsPowerShell\v1.0\;c:\Program Files\Microsoft SQL Server\100\Tools\Binn\;c:\Program Files\Microsoft SQL Server\100\DTS\Binn\;C:\Program Files\TortoiseGit\bin;C:\Program Files\TortoiseSVN\bin;c:\Program Files\Microsoft SQL Server\100\Tools\Binn\VSShell\Common7\IDE\;c:\Program Files\Microsoft Visual Studio 9.0\Common7\IDE\PrivateAssemblies\;.
Jul 12, 2011 12:11:42 AM org.apache.coyote.AbstractProtocol init
INFO: Initializing ProtocolHandler ["http-bio-8080"]
Jul 12, 2011 12:11:42 AM org.apache.coyote.AbstractProtocol init
INFO: Initializing ProtocolHandler ["ajp-bio-8009"]
Jul 12, 2011 12:11:42 AM org.apache.catalina.startup.Catalina load
INFO: Initialization processed in 1809 ms
Jul 12, 2011 12:11:42 AM org.apache.catalina.core.StandardService startInternal
INFO: Starting service Catalina
Jul 12, 2011 12:11:42 AM org.apache.catalina.core.StandardEngine startInternal
INFO: Starting Servlet Engine: Apache Tomcat/7.0.16
Jul 12, 2011 12:11:42 AM org.apache.catalina.startup.HostConfig deployWAR
INFO: Deploying web application archive jpetstore.war
Jul 12, 2011 12:11:44 AM org.springframework.web.context.ContextLoader initWebApplicationContext
INFO: Root WebApplicationContext: initialization started
Jul 12, 2011 12:11:45 AM org.springframework.context.support.AbstractApplicationContext prepareRefresh
INFO: Refreshing org.springframework.web.context.support.XmlWebApplicationContext@bac9b9: display name [Root WebApplicationContext]; startup date [Tue Jul 12 00:11:45 BST 2011]; root of context hierarchy
Jul 12, 2011 12:11:45 AM org.springframework.beans.factory.xml.XmlBeanDefinitionReader loadBeanDefinitions
INFO: Loading XML bean definitions from ServletContext resource [/WEB-INF/dataAccessContext-local.xml]
Jul 12, 2011 12:11:45 AM org.springframework.beans.factory.xml.XmlBeanDefinitionReader loadBeanDefinitions
INFO: Loading XML bean definitions from ServletContext resource [/WEB-INF/applicationContext.xml]
Jul 12, 2011 12:11:45 AM org.springframework.context.support.AbstractApplicationContext obtainFreshBeanFactory
INFO: Bean factory for application context [org.springframework.web.context.support.XmlWebApplicationContext@bac9b9]: org.springframework.beans.factory.support.DefaultListableBeanFactory@a4488
Jul 12, 2011 12:11:46 AM org.springframework.core.io.support.PropertiesLoaderSupport loadProperties
INFO: Loading properties file from ServletContext resource [/WEB-INF/mail.properties]
Jul 12, 2011 12:11:46 AM org.springframework.core.io.support.PropertiesLoaderSupport loadProperties
INFO: Loading properties file from ServletContext resource [/WEB-INF/jdbc.properties]
Jul 12, 2011 12:11:46 AM org.springframework.beans.factory.support.DefaultListableBeanFactory preInstantiateSingletons
INFO: Pre-instantiating singletons in org.springframework.beans.factory.support.DefaultListableBeanFactory@a4488: defining beans [dataSource,transactionManager,sqlMapClient,accountDao,categoryDao,productDao,itemDao,orderDao,sequenceDao,propertyConfigurer,accountValidator,orderValidator,petStore,org.springframework.aop.config.internalAutoProxyCreator,org.springframework.aop.support.DefaultBeanFactoryPointcutAdvisor#0,txAdvice]; root of factory hierarchy
Jul 12, 2011 12:11:47 AM org.springframework.web.context.ContextLoader initWebApplicationContext
INFO: Root WebApplicationContext: initialization completed in 2468 ms
Jul 12, 2011 12:11:47 AM org.springframework.web.servlet.FrameworkServlet initServletBean
INFO: FrameworkServlet 'petstore': initialization started
Jul 12, 2011 12:11:47 AM org.springframework.context.support.AbstractApplicationContext prepareRefresh
INFO: Refreshing org.springframework.web.context.support.XmlWebApplicationContext@d647d8: display name [WebApplicationContext for namespace 'petstore-servlet']; startup date [Tue Jul 12 00:11:47 BST 2011]; parent: org.springframework.web.context.support.XmlWebApplicationContext@bac9b9
Jul 12, 2011 12:11:47 AM org.springframework.beans.factory.xml.XmlBeanDefinitionReader loadBeanDefinitions
INFO: Loading XML bean definitions from ServletContext resource [/WEB-INF/petstore-servlet.xml]
Jul 12, 2011 12:11:47 AM org.springframework.context.support.AbstractApplicationContext obtainFreshBeanFactory
INFO: Bean factory for application context [org.springframework.web.context.support.XmlWebApplicationContext@d647d8]: org.springframework.beans.factory.support.DefaultListableBeanFactory@2a987d
Jul 12, 2011 12:11:47 AM org.springframework.beans.factory.support.DefaultListableBeanFactory preInstantiateSingletons
INFO: Pre-instantiating singletons in org.springframework.beans.factory.support.DefaultListableBeanFactory@2a987d: defining beans [viewResolver,defaultHandlerMapping,/shop/addItemToCart.do,/shop/checkout.do,/shop/index.do,/shop/newAccount.do,/shop/removeItemFromCart.do,/shop/signoff.do,/shop/searchProducts.do,/shop/signon.do,/shop/signonForm.do,/shop/updateCartQuantities.do,/shop/viewCart.do,/shop/viewCategory.do,/shop/viewItem.do,/shop/viewProduct.do,secureHandlerMapping,signonInterceptor,secure_editAccount,secure_listOrders,secure_newOrder,secure_viewOrder]; parent: org.springframework.beans.factory.support.DefaultListableBeanFactory@a4488
Jul 12, 2011 12:11:47 AM org.springframework.web.servlet.FrameworkServlet initServletBean
INFO: FrameworkServlet 'petstore': initialization completed in 303 ms
Jul 12, 2011 12:11:48 AM org.springframework.web.servlet.FrameworkServlet initServletBean
INFO: FrameworkServlet 'remoting': initialization started
Jul 12, 2011 12:11:48 AM org.springframework.context.support.AbstractApplicationContext prepareRefresh
INFO: Refreshing org.springframework.web.context.support.XmlWebApplicationContext@e63606: display name [WebApplicationContext for namespace 'remoting-servlet']; startup date [Tue Jul 12 00:11:48 BST 2011]; parent: org.springframework.web.context.support.XmlWebApplicationContext@bac9b9
Jul 12, 2011 12:11:48 AM org.springframework.beans.factory.xml.XmlBeanDefinitionReader loadBeanDefinitions
INFO: Loading XML bean definitions from ServletContext resource [/WEB-INF/remoting-servlet.xml]
Jul 12, 2011 12:11:48 AM org.springframework.context.support.AbstractApplicationContext obtainFreshBeanFactory
INFO: Bean factory for application context [org.springframework.web.context.support.XmlWebApplicationContext@e63606]: org.springframework.beans.factory.support.DefaultListableBeanFactory@17b2b2
Jul 12, 2011 12:11:48 AM org.springframework.beans.factory.support.DefaultListableBeanFactory preInstantiateSingletons
INFO: Pre-instantiating singletons in org.springframework.beans.factory.support.DefaultListableBeanFactory@17b2b2: defining beans [/OrderService-hessian,/OrderService-burlap,/OrderService-httpinvoker]; parent: org.springframework.beans.factory.support.DefaultListableBeanFactory@a4488
Jul 12, 2011 12:11:48 AM org.springframework.web.servlet.FrameworkServlet initServletBean
INFO: FrameworkServlet 'remoting': initialization completed in 156 ms
Jul 12, 2011 12:11:48 AM org.apache.axis.utils.JavaUtils isAttachmentSupported
WARNING: Unable to find required classes (javax.activation.DataHandler and javax.mail.internet.MimeMultipart). Attachment support is disabled.
Jul 12, 2011 12:11:49 AM org.apache.coyote.AbstractProtocol start
INFO: Starting ProtocolHandler ["http-bio-8080"]
Jul 12, 2011 12:11:49 AM org.apache.coyote.AbstractProtocol start
INFO: Starting ProtocolHandler ["ajp-bio-8009"]
Jul 12, 2011 12:11:49 AM org.apache.catalina.startup.Catalina start
INFO: Server startup in 6769 ms
Jul 12, 2011 12:15:31 AM org.apache.catalina.core.AprLifecycleListener init
INFO: The APR based Apache Tomcat Native library which allows optimal performance in production environments was not found on the java.library.path: C:\Windows\system32;C:\Windows\Sun\Java\bin;C:\Windows\system32;C:\Windows;C:\Program Files\ActiveState Komodo Edit 6\;C:\Windows\system32;C:\Windows;C:\Windows\System32\Wbem;C:\Windows\System32\WindowsPowerShell\v1.0\;c:\Program Files\Microsoft SQL Server\100\Tools\Binn\;c:\Program Files\Microsoft SQL Server\100\DTS\Binn\;C:\Program Files\TortoiseGit\bin;C:\Program Files\TortoiseSVN\bin;c:\Program Files\Microsoft SQL Server\100\Tools\Binn\VSShell\Common7\IDE\;c:\Program Files\Microsoft Visual Studio 9.0\Common7\IDE\PrivateAssemblies\;.
Jul 12, 2011 12:15:31 AM org.apache.coyote.AbstractProtocol init
INFO: Initializing ProtocolHandler ["http-bio-8080"]
Jul 12, 2011 12:15:31 AM org.apache.coyote.AbstractProtocol init
INFO: Initializing ProtocolHandler ["ajp-bio-8009"]
Jul 12, 2011 12:15:31 AM org.apache.catalina.startup.Catalina load
INFO: Initialization processed in 1015 ms
Jul 12, 2011 12:15:31 AM org.apache.catalina.core.StandardService startInternal
INFO: Starting service Catalina
Jul 12, 2011 12:15:31 AM org.apache.catalina.core.StandardEngine startInternal
INFO: Starting Servlet Engine: Apache Tomcat/7.0.16
Jul 12, 2011 12:15:31 AM org.apache.catalina.startup.HostConfig deployWAR
INFO: Deploying web application archive jpetstore.war
Jul 12, 2011 12:15:33 AM org.springframework.web.context.ContextLoader initWebApplicationContext
INFO: Root WebApplicationContext: initialization started
Jul 12, 2011 12:15:33 AM org.springframework.context.support.AbstractApplicationContext prepareRefresh
INFO: Refreshing org.springframework.web.context.support.XmlWebApplicationContext@1b446d1: display name [Root WebApplicationContext]; startup date [Tue Jul 12 00:15:33 BST 2011]; root of context hierarchy
Jul 12, 2011 12:15:33 AM org.springframework.beans.factory.xml.XmlBeanDefinitionReader loadBeanDefinitions
INFO: Loading XML bean definitions from ServletContext resource [/WEB-INF/dataAccessContext-local.xml]
Jul 12, 2011 12:15:33 AM org.springframework.beans.factory.xml.XmlBeanDefinitionReader loadBeanDefinitions
INFO: Loading XML bean definitions from ServletContext resource [/WEB-INF/applicationContext.xml]
Jul 12, 2011 12:15:34 AM org.springframework.context.support.AbstractApplicationContext obtainFreshBeanFactory
INFO: Bean factory for application context [org.springframework.web.context.support.XmlWebApplicationContext@1b446d1]: org.springframework.beans.factory.support.DefaultListableBeanFactory@11db6bb
Jul 12, 2011 12:15:34 AM org.springframework.core.io.support.PropertiesLoaderSupport loadProperties
INFO: Loading properties file from ServletContext resource [/WEB-INF/mail.properties]
Jul 12, 2011 12:15:34 AM org.springframework.core.io.support.PropertiesLoaderSupport loadProperties
INFO: Loading properties file from ServletContext resource [/WEB-INF/jdbc.properties]
Jul 12, 2011 12:15:34 AM org.springframework.beans.factory.support.DefaultListableBeanFactory preInstantiateSingletons
INFO: Pre-instantiating singletons in org.springframework.beans.factory.support.DefaultListableBeanFactory@11db6bb: defining beans [dataSource,transactionManager,sqlMapClient,accountDao,categoryDao,productDao,itemDao,orderDao,sequenceDao,propertyConfigurer,accountValidator,orderValidator,petStore,org.springframework.aop.config.internalAutoProxyCreator,org.springframework.aop.support.DefaultBeanFactoryPointcutAdvisor#0,txAdvice]; root of factory hierarchy
Jul 12, 2011 12:15:35 AM org.springframework.web.context.ContextLoader initWebApplicationContext
INFO: Root WebApplicationContext: initialization completed in 2070 ms
Jul 12, 2011 12:15:35 AM org.springframework.web.servlet.FrameworkServlet initServletBean
INFO: FrameworkServlet 'petstore': initialization started
Jul 12, 2011 12:15:35 AM org.springframework.context.support.AbstractApplicationContext prepareRefresh
INFO: Refreshing org.springframework.web.context.support.XmlWebApplicationContext@31688f: display name [WebApplicationContext for namespace 'petstore-servlet']; startup date [Tue Jul 12 00:15:35 BST 2011]; parent: org.springframework.web.context.support.XmlWebApplicationContext@1b446d1
Jul 12, 2011 12:15:35 AM org.springframework.beans.factory.xml.XmlBeanDefinitionReader loadBeanDefinitions
INFO: Loading XML bean definitions from ServletContext resource [/WEB-INF/petstore-servlet.xml]
Jul 12, 2011 12:15:35 AM org.springframework.context.support.AbstractApplicationContext obtainFreshBeanFactory
INFO: Bean factory for application context [org.springframework.web.context.support.XmlWebApplicationContext@31688f]: org.springframework.beans.factory.support.DefaultListableBeanFactory@adf5be
Jul 12, 2011 12:15:35 AM org.springframework.beans.factory.support.DefaultListableBeanFactory preInstantiateSingletons
INFO: Pre-instantiating singletons in org.springframework.beans.factory.support.DefaultListableBeanFactory@adf5be: defining beans [viewResolver,defaultHandlerMapping,/shop/addItemToCart.do,/shop/checkout.do,/shop/index.do,/shop/newAccount.do,/shop/removeItemFromCart.do,/shop/signoff.do,/shop/searchProducts.do,/shop/signon.do,/shop/signonForm.do,/shop/updateCartQuantities.do,/shop/viewCart.do,/shop/viewCategory.do,/shop/viewItem.do,/shop/viewProduct.do,secureHandlerMapping,signonInterceptor,secure_editAccount,secure_listOrders,secure_newOrder,secure_viewOrder]; parent: org.springframework.beans.factory.support.DefaultListableBeanFactory@11db6bb
Jul 12, 2011 12:15:35 AM org.springframework.web.servlet.FrameworkServlet initServletBean
INFO: FrameworkServlet 'petstore': initialization completed in 381 ms
Jul 12, 2011 12:15:36 AM org.springframework.web.servlet.FrameworkServlet initServletBean
INFO: FrameworkServlet 'remoting': initialization started
Jul 12, 2011 12:15:36 AM org.springframework.context.support.AbstractApplicationContext prepareRefresh
INFO: Refreshing org.springframework.web.context.support.XmlWebApplicationContext@158f1fa: display name [WebApplicationContext for namespace 'remoting-servlet']; startup date [Tue Jul 12 00:15:36 BST 2011]; parent: org.springframework.web.context.support.XmlWebApplicationContext@1b446d1
Jul 12, 2011 12:15:36 AM org.springframework.beans.factory.xml.XmlBeanDefinitionReader loadBeanDefinitions
INFO: Loading XML bean definitions from ServletContext resource [/WEB-INF/remoting-servlet.xml]
Jul 12, 2011 12:15:36 AM org.springframework.context.support.AbstractApplicationContext obtainFreshBeanFactory
INFO: Bean factory for application context [org.springframework.web.context.support.XmlWebApplicationContext@158f1fa]: org.springframework.beans.factory.support.DefaultListableBeanFactory@767286
Jul 12, 2011 12:15:36 AM org.springframework.beans.factory.support.DefaultListableBeanFactory preInstantiateSingletons
INFO: Pre-instantiating singletons in org.springframework.beans.factory.support.DefaultListableBeanFactory@767286: defining beans [/OrderService-hessian,/OrderService-burlap,/OrderService-httpinvoker]; parent: org.springframework.beans.factory.support.DefaultListableBeanFactory@11db6bb
Jul 12, 2011 12:15:36 AM org.springframework.web.servlet.FrameworkServlet initServletBean
INFO: FrameworkServlet 'remoting': initialization completed in 149 ms
Jul 12, 2011 12:15:36 AM org.apache.axis.utils.JavaUtils isAttachmentSupported
WARNING: Unable to find required classes (javax.activation.DataHandler and javax.mail.internet.MimeMultipart). Attachment support is disabled.
Jul 12, 2011 12:15:37 AM org.apache.coyote.AbstractProtocol start
INFO: Starting ProtocolHandler ["http-bio-8080"]
Jul 12, 2011 12:15:37 AM org.apache.coyote.AbstractProtocol start
INFO: Starting ProtocolHandler ["ajp-bio-8009"]
Jul 12, 2011 12:15:37 AM org.apache.catalina.startup.Catalina start
INFO: Server startup in 5624 ms
Jul 12, 2011 12:16:35 AM org.apache.catalina.core.AprLifecycleListener init
INFO: The APR based Apache Tomcat Native library which allows optimal performance in production environments was not found on the java.library.path: C:\Windows\system32;C:\Windows\Sun\Java\bin;C:\Windows\system32;C:\Windows;C:\Program Files\ActiveState Komodo Edit 6\;C:\Windows\system32;C:\Windows;C:\Windows\System32\Wbem;C:\Windows\System32\WindowsPowerShell\v1.0\;c:\Program Files\Microsoft SQL Server\100\Tools\Binn\;c:\Program Files\Microsoft SQL Server\100\DTS\Binn\;C:\Program Files\TortoiseGit\bin;C:\Program Files\TortoiseSVN\bin;c:\Program Files\Microsoft SQL Server\100\Tools\Binn\VSShell\Common7\IDE\;c:\Program Files\Microsoft Visual Studio 9.0\Common7\IDE\PrivateAssemblies\;.
Jul 12, 2011 12:16:36 AM org.apache.coyote.AbstractProtocol init
INFO: Initializing ProtocolHandler ["http-bio-8080"]
Jul 12, 2011 12:16:36 AM org.apache.coyote.AbstractProtocol init
SEVERE: Failed to initialize end point associated with ProtocolHandler ["http-bio-8080"]
java.net.BindException: Address already in use: JVM_Bind <null>:8080
	at org.apache.tomcat.util.net.JIoEndpoint.bind(JIoEndpoint.java:391)
	at org.apache.tomcat.util.net.AbstractEndpoint.init(AbstractEndpoint.java:490)
	at org.apache.coyote.AbstractProtocol.init(AbstractProtocol.java:364)
	at org.apache.coyote.http11.AbstractHttp11JsseProtocol.init(AbstractHttp11JsseProtocol.java:119)
	at org.apache.catalina.connector.Connector.initInternal(Connector.java:910)
	at org.apache.catalina.util.LifecycleBase.init(LifecycleBase.java:101)
	at org.apache.catalina.core.StandardService.initInternal(StandardService.java:559)
	at org.apache.catalina.util.LifecycleBase.init(LifecycleBase.java:101)
	at org.apache.catalina.core.StandardServer.initInternal(StandardServer.java:781)
	at org.apache.catalina.util.LifecycleBase.init(LifecycleBase.java:101)
	at org.apache.catalina.startup.Catalina.load(Catalina.java:572)
	at org.apache.catalina.startup.Catalina.load(Catalina.java:595)
	at sun.reflect.NativeMethodAccessorImpl.invoke0(Native Method)
	at sun.reflect.NativeMethodAccessorImpl.invoke(Unknown Source)
	at sun.reflect.DelegatingMethodAccessorImpl.invoke(Unknown Source)
	at java.lang.reflect.Method.invoke(Unknown Source)
	at org.apache.catalina.startup.Bootstrap.load(Bootstrap.java:262)
	at org.apache.catalina.startup.Bootstrap.main(Bootstrap.java:430)
Caused by: java.net.BindException: Address already in use: JVM_Bind
	at java.net.PlainSocketImpl.socketBind(Native Method)
	at java.net.PlainSocketImpl.bind(Unknown Source)
	at java.net.ServerSocket.bind(Unknown Source)
	at java.net.ServerSocket.<init>(Unknown Source)
	at java.net.ServerSocket.<init>(Unknown Source)
	at org.apache.tomcat.util.net.DefaultServerSocketFactory.createSocket(DefaultServerSocketFactory.java:48)
	at org.apache.tomcat.util.net.JIoEndpoint.bind(JIoEndpoint.java:378)
	... 17 more
Jul 12, 2011 12:16:36 AM org.apache.catalina.core.StandardService initInternal
SEVERE: Failed to initialize connector [Connector[HTTP/1.1-8080]]
org.apache.catalina.LifecycleException: Protocol handler initialization failed
	at org.apache.catalina.connector.Connector.initInternal(Connector.java:912)
	at org.apache.catalina.util.LifecycleBase.init(LifecycleBase.java:101)
	at org.apache.catalina.core.StandardService.initInternal(StandardService.java:559)
	at org.apache.catalina.util.LifecycleBase.init(LifecycleBase.java:101)
	at org.apache.catalina.core.StandardServer.initInternal(StandardServer.java:781)
	at org.apache.catalina.util.LifecycleBase.init(LifecycleBase.java:101)
	at org.apache.catalina.startup.Catalina.load(Catalina.java:572)
	at org.apache.catalina.startup.Catalina.load(Catalina.java:595)
	at sun.reflect.NativeMethodAccessorImpl.invoke0(Native Method)
	at sun.reflect.NativeMethodAccessorImpl.invoke(Unknown Source)
	at sun.reflect.DelegatingMethodAccessorImpl.invoke(Unknown Source)
	at java.lang.reflect.Method.invoke(Unknown Source)
	at org.apache.catalina.startup.Bootstrap.load(Bootstrap.java:262)
	at org.apache.catalina.startup.Bootstrap.main(Bootstrap.java:430)
Caused by: java.net.BindException: Address already in use: JVM_Bind <null>:8080
	at org.apache.tomcat.util.net.JIoEndpoint.bind(JIoEndpoint.java:391)
	at org.apache.tomcat.util.net.AbstractEndpoint.init(AbstractEndpoint.java:490)
	at org.apache.coyote.AbstractProtocol.init(AbstractProtocol.java:364)
	at org.apache.coyote.http11.AbstractHttp11JsseProtocol.init(AbstractHttp11JsseProtocol.java:119)
	at org.apache.catalina.connector.Connector.initInternal(Connector.java:910)
	... 13 more
Caused by: java.net.BindException: Address already in use: JVM_Bind
	at java.net.PlainSocketImpl.socketBind(Native Method)
	at java.net.PlainSocketImpl.bind(Unknown Source)
	at java.net.ServerSocket.bind(Unknown Source)
	at java.net.ServerSocket.<init>(Unknown Source)
	at java.net.ServerSocket.<init>(Unknown Source)
	at org.apache.tomcat.util.net.DefaultServerSocketFactory.createSocket(DefaultServerSocketFactory.java:48)
	at org.apache.tomcat.util.net.JIoEndpoint.bind(JIoEndpoint.java:378)
	... 17 more
Jul 12, 2011 12:16:36 AM org.apache.coyote.AbstractProtocol init
INFO: Initializing ProtocolHandler ["ajp-bio-8009"]
Jul 12, 2011 12:16:36 AM org.apache.coyote.AbstractProtocol init
SEVERE: Failed to initialize end point associated with ProtocolHandler ["ajp-bio-8009"]
java.net.BindException: Address already in use: JVM_Bind <null>:8009
	at org.apache.tomcat.util.net.JIoEndpoint.bind(JIoEndpoint.java:391)
	at org.apache.tomcat.util.net.AbstractEndpoint.init(AbstractEndpoint.java:490)
	at org.apache.coyote.AbstractProtocol.init(AbstractProtocol.java:364)
	at org.apache.catalina.connector.Connector.initInternal(Connector.java:910)
	at org.apache.catalina.util.LifecycleBase.init(LifecycleBase.java:101)
	at org.apache.catalina.core.StandardService.initInternal(StandardService.java:559)
	at org.apache.catalina.util.LifecycleBase.init(LifecycleBase.java:101)
	at org.apache.catalina.core.StandardServer.initInternal(StandardServer.java:781)
	at org.apache.catalina.util.LifecycleBase.init(LifecycleBase.java:101)
	at org.apache.catalina.startup.Catalina.load(Catalina.java:572)
	at org.apache.catalina.startup.Catalina.load(Catalina.java:595)
	at sun.reflect.NativeMethodAccessorImpl.invoke0(Native Method)
	at sun.reflect.NativeMethodAccessorImpl.invoke(Unknown Source)
	at sun.reflect.DelegatingMethodAccessorImpl.invoke(Unknown Source)
	at java.lang.reflect.Method.invoke(Unknown Source)
	at org.apache.catalina.startup.Bootstrap.load(Bootstrap.java:262)
	at org.apache.catalina.startup.Bootstrap.main(Bootstrap.java:430)
Caused by: java.net.BindException: Address already in use: JVM_Bind
	at java.net.PlainSocketImpl.socketBind(Native Method)
	at java.net.PlainSocketImpl.bind(Unknown Source)
	at java.net.ServerSocket.bind(Unknown Source)
	at java.net.ServerSocket.<init>(Unknown Source)
	at java.net.ServerSocket.<init>(Unknown Source)
	at org.apache.tomcat.util.net.DefaultServerSocketFactory.createSocket(DefaultServerSocketFactory.java:48)
	at org.apache.tomcat.util.net.JIoEndpoint.bind(JIoEndpoint.java:378)
	... 16 more
Jul 12, 2011 12:16:39 AM org.apache.catalina.core.StandardService initInternal
SEVERE: Failed to initialize connector [Connector[AJP/1.3-8009]]
org.apache.catalina.LifecycleException: Protocol handler initialization failed
	at org.apache.catalina.connector.Connector.initInternal(Connector.java:912)
	at org.apache.catalina.util.LifecycleBase.init(LifecycleBase.java:101)
	at org.apache.catalina.core.StandardService.initInternal(StandardService.java:559)
	at org.apache.catalina.util.LifecycleBase.init(LifecycleBase.java:101)
	at org.apache.catalina.core.StandardServer.initInternal(StandardServer.java:781)
	at org.apache.catalina.util.LifecycleBase.init(LifecycleBase.java:101)
	at org.apache.catalina.startup.Catalina.load(Catalina.java:572)
	at org.apache.catalina.startup.Catalina.load(Catalina.java:595)
	at sun.reflect.NativeMethodAccessorImpl.invoke0(Native Method)
	at sun.reflect.NativeMethodAccessorImpl.invoke(Unknown Source)
	at sun.reflect.DelegatingMethodAccessorImpl.invoke(Unknown Source)
	at java.lang.reflect.Method.invoke(Unknown Source)
	at org.apache.catalina.startup.Bootstrap.load(Bootstrap.java:262)
	at org.apache.catalina.startup.Bootstrap.main(Bootstrap.java:430)
Caused by: java.net.BindException: Address already in use: JVM_Bind <null>:8009
	at org.apache.tomcat.util.net.JIoEndpoint.bind(JIoEndpoint.java:391)
	at org.apache.tomcat.util.net.AbstractEndpoint.init(AbstractEndpoint.java:490)
	at org.apache.coyote.AbstractProtocol.init(AbstractProtocol.java:364)
	at org.apache.catalina.connector.Connector.initInternal(Connector.java:910)
	... 13 more
Caused by: java.net.BindException: Address already in use: JVM_Bind
	at java.net.PlainSocketImpl.socketBind(Native Method)
	at java.net.PlainSocketImpl.bind(Unknown Source)
	at java.net.ServerSocket.bind(Unknown Source)
	at java.net.ServerSocket.<init>(Unknown Source)
	at java.net.ServerSocket.<init>(Unknown Source)
	at org.apache.tomcat.util.net.DefaultServerSocketFactory.createSocket(DefaultServerSocketFactory.java:48)
	at org.apache.tomcat.util.net.JIoEndpoint.bind(JIoEndpoint.java:378)
	... 16 more
Jul 12, 2011 12:16:42 AM org.apache.catalina.startup.Catalina load
INFO: Initialization processed in 8257 ms
Jul 12, 2011 12:16:42 AM org.apache.catalina.core.StandardService startInternal
INFO: Starting service Catalina
Jul 12, 2011 12:16:42 AM org.apache.catalina.core.StandardEngine startInternal
INFO: Starting Servlet Engine: Apache Tomcat/7.0.16
Jul 12, 2011 12:16:42 AM org.apache.catalina.startup.HostConfig deployWAR
INFO: Deploying web application archive jpetstore.war
Jul 12, 2011 12:16:44 AM org.springframework.web.context.ContextLoader initWebApplicationContext
INFO: Root WebApplicationContext: initialization started
Jul 12, 2011 12:16:44 AM org.springframework.context.support.AbstractApplicationContext prepareRefresh
INFO: Refreshing org.springframework.web.context.support.XmlWebApplicationContext@15718f2: display name [Root WebApplicationContext]; startup date [Tue Jul 12 00:16:44 BST 2011]; root of context hierarchy
Jul 12, 2011 12:16:45 AM org.springframework.beans.factory.xml.XmlBeanDefinitionReader loadBeanDefinitions
INFO: Loading XML bean definitions from ServletContext resource [/WEB-INF/dataAccessContext-local.xml]
Jul 12, 2011 12:16:45 AM org.springframework.beans.factory.xml.XmlBeanDefinitionReader loadBeanDefinitions
INFO: Loading XML bean definitions from ServletContext resource [/WEB-INF/applicationContext.xml]
Jul 12, 2011 12:16:45 AM org.springframework.context.support.AbstractApplicationContext obtainFreshBeanFactory
INFO: Bean factory for application context [org.springframework.web.context.support.XmlWebApplicationContext@15718f2]: org.springframework.beans.factory.support.DefaultListableBeanFactory@11eb199
Jul 12, 2011 12:16:46 AM org.springframework.core.io.support.PropertiesLoaderSupport loadProperties
INFO: Loading properties file from ServletContext resource [/WEB-INF/mail.properties]
Jul 12, 2011 12:16:46 AM org.springframework.core.io.support.PropertiesLoaderSupport loadProperties
INFO: Loading properties file from ServletContext resource [/WEB-INF/jdbc.properties]
Jul 12, 2011 12:16:46 AM org.springframework.beans.factory.support.DefaultListableBeanFactory preInstantiateSingletons
INFO: Pre-instantiating singletons in org.springframework.beans.factory.support.DefaultListableBeanFactory@11eb199: defining beans [dataSource,transactionManager,sqlMapClient,accountDao,categoryDao,productDao,itemDao,orderDao,sequenceDao,propertyConfigurer,accountValidator,orderValidator,petStore,org.springframework.aop.config.internalAutoProxyCreator,org.springframework.aop.support.DefaultBeanFactoryPointcutAdvisor#0,txAdvice]; root of factory hierarchy
Jul 12, 2011 12:16:47 AM org.springframework.web.context.ContextLoader initWebApplicationContext
INFO: Root WebApplicationContext: initialization completed in 3189 ms
Jul 12, 2011 12:16:48 AM org.apache.catalina.util.SessionIdGenerator createSecureRandom
INFO: Creation of SecureRandom instance for session ID generation using [SHA1PRNG] took [283] milliseconds.
Jul 12, 2011 12:16:48 AM org.springframework.web.servlet.FrameworkServlet initServletBean
INFO: FrameworkServlet 'petstore': initialization started
Jul 12, 2011 12:16:48 AM org.springframework.context.support.AbstractApplicationContext prepareRefresh
INFO: Refreshing org.springframework.web.context.support.XmlWebApplicationContext@ae97c4: display name [WebApplicationContext for namespace 'petstore-servlet']; startup date [Tue Jul 12 00:16:48 BST 2011]; parent: org.springframework.web.context.support.XmlWebApplicationContext@15718f2
Jul 12, 2011 12:16:48 AM org.springframework.beans.factory.xml.XmlBeanDefinitionReader loadBeanDefinitions
INFO: Loading XML bean definitions from ServletContext resource [/WEB-INF/petstore-servlet.xml]
Jul 12, 2011 12:16:48 AM org.springframework.context.support.AbstractApplicationContext obtainFreshBeanFactory
INFO: Bean factory for application context [org.springframework.web.context.support.XmlWebApplicationContext@ae97c4]: org.springframework.beans.factory.support.DefaultListableBeanFactory@100aff5
Jul 12, 2011 12:16:48 AM org.springframework.beans.factory.support.DefaultListableBeanFactory preInstantiateSingletons
INFO: Pre-instantiating singletons in org.springframework.beans.factory.support.DefaultListableBeanFactory@100aff5: defining beans [viewResolver,defaultHandlerMapping,/shop/addItemToCart.do,/shop/checkout.do,/shop/index.do,/shop/newAccount.do,/shop/removeItemFromCart.do,/shop/signoff.do,/shop/searchProducts.do,/shop/signon.do,/shop/signonForm.do,/shop/updateCartQuantities.do,/shop/viewCart.do,/shop/viewCategory.do,/shop/viewItem.do,/shop/viewProduct.do,secureHandlerMapping,signonInterceptor,secure_editAccount,secure_listOrders,secure_newOrder,secure_viewOrder]; parent: org.springframework.beans.factory.support.DefaultListableBeanFactory@11eb199
Jul 12, 2011 12:16:48 AM org.springframework.web.servlet.FrameworkServlet initServletBean
INFO: FrameworkServlet 'petstore': initialization completed in 431 ms
Jul 12, 2011 12:16:49 AM org.springframework.web.servlet.FrameworkServlet initServletBean
INFO: FrameworkServlet 'remoting': initialization started
Jul 12, 2011 12:16:49 AM org.springframework.context.support.AbstractApplicationContext prepareRefresh
INFO: Refreshing org.springframework.web.context.support.XmlWebApplicationContext@dfbb43: display name [WebApplicationContext for namespace 'remoting-servlet']; startup date [Tue Jul 12 00:16:49 BST 2011]; parent: org.springframework.web.context.support.XmlWebApplicationContext@15718f2
Jul 12, 2011 12:16:49 AM org.springframework.beans.factory.xml.XmlBeanDefinitionReader loadBeanDefinitions
INFO: Loading XML bean definitions from ServletContext resource [/WEB-INF/remoting-servlet.xml]
Jul 12, 2011 12:16:49 AM org.springframework.context.support.AbstractApplicationContext obtainFreshBeanFactory
INFO: Bean factory for application context [org.springframework.web.context.support.XmlWebApplicationContext@dfbb43]: org.springframework.beans.factory.support.DefaultListableBeanFactory@aa3518
Jul 12, 2011 12:16:50 AM org.springframework.beans.factory.support.DefaultListableBeanFactory preInstantiateSingletons
INFO: Pre-instantiating singletons in org.springframework.beans.factory.support.DefaultListableBeanFactory@aa3518: defining beans [/OrderService-hessian,/OrderService-burlap,/OrderService-httpinvoker]; parent: org.springframework.beans.factory.support.DefaultListableBeanFactory@11eb199
Jul 12, 2011 12:16:50 AM org.springframework.web.servlet.FrameworkServlet initServletBean
INFO: FrameworkServlet 'remoting': initialization completed in 476 ms
Jul 12, 2011 12:16:50 AM org.apache.axis.utils.JavaUtils isAttachmentSupported
WARNING: Unable to find required classes (javax.activation.DataHandler and javax.mail.internet.MimeMultipart). Attachment support is disabled.
Jul 12, 2011 12:16:51 AM org.apache.catalina.startup.Catalina start
INFO: Server startup in 8804 ms
Jul 12, 2011 12:16:51 AM org.apache.catalina.core.StandardServer await
SEVERE: StandardServer.await: create[localhost:8005]: 
java.net.BindException: Address already in use: JVM_Bind
	at java.net.PlainSocketImpl.socketBind(Native Method)
	at java.net.PlainSocketImpl.bind(Unknown Source)
	at java.net.ServerSocket.bind(Unknown Source)
	at java.net.ServerSocket.<init>(Unknown Source)
	at org.apache.catalina.core.StandardServer.await(StandardServer.java:422)
	at org.apache.catalina.startup.Catalina.await(Catalina.java:708)
	at org.apache.catalina.startup.Catalina.start(Catalina.java:653)
	at sun.reflect.NativeMethodAccessorImpl.invoke0(Native Method)
	at sun.reflect.NativeMethodAccessorImpl.invoke(Unknown Source)
	at sun.reflect.DelegatingMethodAccessorImpl.invoke(Unknown Source)
	at java.lang.reflect.Method.invoke(Unknown Source)
	at org.apache.catalina.startup.Bootstrap.start(Bootstrap.java:303)
	at org.apache.catalina.startup.Bootstrap.main(Bootstrap.java:431)
Jul 12, 2011 12:16:51 AM org.apache.coyote.AbstractProtocol pause
INFO: Pausing ProtocolHandler ["http-bio-8080"]
Jul 12, 2011 12:16:51 AM org.apache.coyote.AbstractProtocol pause
INFO: Pausing ProtocolHandler ["ajp-bio-8009"]
Jul 12, 2011 12:16:51 AM org.apache.catalina.core.StandardService stopInternal
INFO: Stopping service Catalina
Jul 12, 2011 12:16:51 AM org.springframework.context.support.AbstractApplicationContext doClose
INFO: Closing org.springframework.web.context.support.XmlWebApplicationContext@dfbb43: display name [WebApplicationContext for namespace 'remoting-servlet']; startup date [Tue Jul 12 00:16:49 BST 2011]; parent: org.springframework.web.context.support.XmlWebApplicationContext@15718f2
Jul 12, 2011 12:16:51 AM org.springframework.beans.factory.support.DefaultSingletonBeanRegistry destroySingletons
INFO: Destroying singletons in org.springframework.beans.factory.support.DefaultListableBeanFactory@aa3518: defining beans [/OrderService-hessian,/OrderService-burlap,/OrderService-httpinvoker]; parent: org.springframework.beans.factory.support.DefaultListableBeanFactory@11eb199
Jul 12, 2011 12:16:51 AM org.springframework.context.support.AbstractApplicationContext doClose
INFO: Closing org.springframework.web.context.support.XmlWebApplicationContext@ae97c4: display name [WebApplicationContext for namespace 'petstore-servlet']; startup date [Tue Jul 12 00:16:48 BST 2011]; parent: org.springframework.web.context.support.XmlWebApplicationContext@15718f2
Jul 12, 2011 12:16:51 AM org.springframework.beans.factory.support.DefaultSingletonBeanRegistry destroySingletons
INFO: Destroying singletons in org.springframework.beans.factory.support.DefaultListableBeanFactory@100aff5: defining beans [viewResolver,defaultHandlerMapping,/shop/addItemToCart.do,/shop/checkout.do,/shop/index.do,/shop/newAccount.do,/shop/removeItemFromCart.do,/shop/signoff.do,/shop/searchProducts.do,/shop/signon.do,/shop/signonForm.do,/shop/updateCartQuantities.do,/shop/viewCart.do,/shop/viewCategory.do,/shop/viewItem.do,/shop/viewProduct.do,secureHandlerMapping,signonInterceptor,secure_editAccount,secure_listOrders,secure_newOrder,secure_viewOrder]; parent: org.springframework.beans.factory.support.DefaultListableBeanFactory@11eb199
Jul 12, 2011 12:16:52 AM org.springframework.context.support.AbstractApplicationContext doClose
INFO: Closing org.springframework.web.context.support.XmlWebApplicationContext@15718f2: display name [Root WebApplicationContext]; startup date [Tue Jul 12 00:16:44 BST 2011]; root of context hierarchy
Jul 12, 2011 12:16:52 AM org.springframework.beans.factory.support.DefaultSingletonBeanRegistry destroySingletons
INFO: Destroying singletons in org.springframework.beans.factory.support.DefaultListableBeanFactory@11eb199: defining beans [dataSource,transactionManager,sqlMapClient,accountDao,categoryDao,productDao,itemDao,orderDao,sequenceDao,propertyConfigurer,accountValidator,orderValidator,petStore,org.springframework.aop.config.internalAutoProxyCreator,org.springframework.aop.support.DefaultBeanFactoryPointcutAdvisor#0,txAdvice]; root of factory hierarchy
Jul 12, 2011 12:16:53 AM org.apache.coyote.AbstractProtocol destroy
INFO: Destroying ProtocolHandler ["http-bio-8080"]
Jul 12, 2011 12:16:53 AM org.apache.coyote.AbstractProtocol destroy
INFO: Destroying ProtocolHandler ["ajp-bio-8009"]
Jul 12, 2011 12:17:48 AM org.apache.jasper.compiler.TldLocationsCache tldScanJar
INFO: At least one JAR was scanned for TLDs yet contained no TLDs. Enable debug logging for this logger for a complete list of JARs that were scanned where no TLDs were found. Skipping JAR scanning can improve startup time and JSP compilation time.
Jul 12, 2011 12:18:09 AM org.apache.catalina.core.AprLifecycleListener init
INFO: The APR based Apache Tomcat Native library which allows optimal performance in production environments was not found on the java.library.path: C:\Windows\system32;C:\Windows\Sun\Java\bin;C:\Windows\system32;C:\Windows;C:\Program Files\ActiveState Komodo Edit 6\;C:\Windows\system32;C:\Windows;C:\Windows\System32\Wbem;C:\Windows\System32\WindowsPowerShell\v1.0\;c:\Program Files\Microsoft SQL Server\100\Tools\Binn\;c:\Program Files\Microsoft SQL Server\100\DTS\Binn\;C:\Program Files\TortoiseGit\bin;C:\Program Files\TortoiseSVN\bin;c:\Program Files\Microsoft SQL Server\100\Tools\Binn\VSShell\Common7\IDE\;c:\Program Files\Microsoft Visual Studio 9.0\Common7\IDE\PrivateAssemblies\;.
Jul 12, 2011 12:18:10 AM org.apache.coyote.AbstractProtocol init
INFO: Initializing ProtocolHandler ["http-bio-8080"]
Jul 12, 2011 12:18:10 AM org.apache.coyote.AbstractProtocol init
SEVERE: Failed to initialize end point associated with ProtocolHandler ["http-bio-8080"]
java.net.BindException: Address already in use: JVM_Bind <null>:8080
	at org.apache.tomcat.util.net.JIoEndpoint.bind(JIoEndpoint.java:391)
	at org.apache.tomcat.util.net.AbstractEndpoint.init(AbstractEndpoint.java:490)
	at org.apache.coyote.AbstractProtocol.init(AbstractProtocol.java:364)
	at org.apache.coyote.http11.AbstractHttp11JsseProtocol.init(AbstractHttp11JsseProtocol.java:119)
	at org.apache.catalina.connector.Connector.initInternal(Connector.java:910)
	at org.apache.catalina.util.LifecycleBase.init(LifecycleBase.java:101)
	at org.apache.catalina.core.StandardService.initInternal(StandardService.java:559)
	at org.apache.catalina.util.LifecycleBase.init(LifecycleBase.java:101)
	at org.apache.catalina.core.StandardServer.initInternal(StandardServer.java:781)
	at org.apache.catalina.util.LifecycleBase.init(LifecycleBase.java:101)
	at org.apache.catalina.startup.Catalina.load(Catalina.java:572)
	at org.apache.catalina.startup.Catalina.load(Catalina.java:595)
	at sun.reflect.NativeMethodAccessorImpl.invoke0(Native Method)
	at sun.reflect.NativeMethodAccessorImpl.invoke(Unknown Source)
	at sun.reflect.DelegatingMethodAccessorImpl.invoke(Unknown Source)
	at java.lang.reflect.Method.invoke(Unknown Source)
	at org.apache.catalina.startup.Bootstrap.load(Bootstrap.java:262)
	at org.apache.catalina.startup.Bootstrap.main(Bootstrap.java:430)
Caused by: java.net.BindException: Address already in use: JVM_Bind
	at java.net.PlainSocketImpl.socketBind(Native Method)
	at java.net.PlainSocketImpl.bind(Unknown Source)
	at java.net.ServerSocket.bind(Unknown Source)
	at java.net.ServerSocket.<init>(Unknown Source)
	at java.net.ServerSocket.<init>(Unknown Source)
	at org.apache.tomcat.util.net.DefaultServerSocketFactory.createSocket(DefaultServerSocketFactory.java:48)
	at org.apache.tomcat.util.net.JIoEndpoint.bind(JIoEndpoint.java:378)
	... 17 more
Jul 12, 2011 12:18:10 AM org.apache.catalina.core.StandardService initInternal
SEVERE: Failed to initialize connector [Connector[HTTP/1.1-8080]]
org.apache.catalina.LifecycleException: Protocol handler initialization failed
	at org.apache.catalina.connector.Connector.initInternal(Connector.java:912)
	at org.apache.catalina.util.LifecycleBase.init(LifecycleBase.java:101)
	at org.apache.catalina.core.StandardService.initInternal(StandardService.java:559)
	at org.apache.catalina.util.LifecycleBase.init(LifecycleBase.java:101)
	at org.apache.catalina.core.StandardServer.initInternal(StandardServer.java:781)
	at org.apache.catalina.util.LifecycleBase.init(LifecycleBase.java:101)
	at org.apache.catalina.startup.Catalina.load(Catalina.java:572)
	at org.apache.catalina.startup.Catalina.load(Catalina.java:595)
	at sun.reflect.NativeMethodAccessorImpl.invoke0(Native Method)
	at sun.reflect.NativeMethodAccessorImpl.invoke(Unknown Source)
	at sun.reflect.DelegatingMethodAccessorImpl.invoke(Unknown Source)
	at java.lang.reflect.Method.invoke(Unknown Source)
	at org.apache.catalina.startup.Bootstrap.load(Bootstrap.java:262)
	at org.apache.catalina.startup.Bootstrap.main(Bootstrap.java:430)
Caused by: java.net.BindException: Address already in use: JVM_Bind <null>:8080
	at org.apache.tomcat.util.net.JIoEndpoint.bind(JIoEndpoint.java:391)
	at org.apache.tomcat.util.net.AbstractEndpoint.init(AbstractEndpoint.java:490)
	at org.apache.coyote.AbstractProtocol.init(AbstractProtocol.java:364)
	at org.apache.coyote.http11.AbstractHttp11JsseProtocol.init(AbstractHttp11JsseProtocol.java:119)
	at org.apache.catalina.connector.Connector.initInternal(Connector.java:910)
	... 13 more
Caused by: java.net.BindException: Address already in use: JVM_Bind
	at java.net.PlainSocketImpl.socketBind(Native Method)
	at java.net.PlainSocketImpl.bind(Unknown Source)
	at java.net.ServerSocket.bind(Unknown Source)
	at java.net.ServerSocket.<init>(Unknown Source)
	at java.net.ServerSocket.<init>(Unknown Source)
	at org.apache.tomcat.util.net.DefaultServerSocketFactory.createSocket(DefaultServerSocketFactory.java:48)
	at org.apache.tomcat.util.net.JIoEndpoint.bind(JIoEndpoint.java:378)
	... 17 more
Jul 12, 2011 12:18:10 AM org.apache.coyote.AbstractProtocol init
INFO: Initializing ProtocolHandler ["ajp-bio-8009"]
Jul 12, 2011 12:18:10 AM org.apache.coyote.AbstractProtocol init
SEVERE: Failed to initialize end point associated with ProtocolHandler ["ajp-bio-8009"]
java.net.BindException: Address already in use: JVM_Bind <null>:8009
	at org.apache.tomcat.util.net.JIoEndpoint.bind(JIoEndpoint.java:391)
	at org.apache.tomcat.util.net.AbstractEndpoint.init(AbstractEndpoint.java:490)
	at org.apache.coyote.AbstractProtocol.init(AbstractProtocol.java:364)
	at org.apache.catalina.connector.Connector.initInternal(Connector.java:910)
	at org.apache.catalina.util.LifecycleBase.init(LifecycleBase.java:101)
	at org.apache.catalina.core.StandardService.initInternal(StandardService.java:559)
	at org.apache.catalina.util.LifecycleBase.init(LifecycleBase.java:101)
	at org.apache.catalina.core.StandardServer.initInternal(StandardServer.java:781)
	at org.apache.catalina.util.LifecycleBase.init(LifecycleBase.java:101)
	at org.apache.catalina.startup.Catalina.load(Catalina.java:572)
	at org.apache.catalina.startup.Catalina.load(Catalina.java:595)
	at sun.reflect.NativeMethodAccessorImpl.invoke0(Native Method)
	at sun.reflect.NativeMethodAccessorImpl.invoke(Unknown Source)
	at sun.reflect.DelegatingMethodAccessorImpl.invoke(Unknown Source)
	at java.lang.reflect.Method.invoke(Unknown Source)
	at org.apache.catalina.startup.Bootstrap.load(Bootstrap.java:262)
	at org.apache.catalina.startup.Bootstrap.main(Bootstrap.java:430)
Caused by: java.net.BindException: Address already in use: JVM_Bind
	at java.net.PlainSocketImpl.socketBind(Native Method)
	at java.net.PlainSocketImpl.bind(Unknown Source)
	at java.net.ServerSocket.bind(Unknown Source)
	at java.net.ServerSocket.<init>(Unknown Source)
	at java.net.ServerSocket.<init>(Unknown Source)
	at org.apache.tomcat.util.net.DefaultServerSocketFactory.createSocket(DefaultServerSocketFactory.java:48)
	at org.apache.tomcat.util.net.JIoEndpoint.bind(JIoEndpoint.java:378)
	... 16 more
Jul 12, 2011 12:18:14 AM org.apache.catalina.core.StandardService initInternal
SEVERE: Failed to initialize connector [Connector[AJP/1.3-8009]]
org.apache.catalina.LifecycleException: Protocol handler initialization failed
	at org.apache.catalina.connector.Connector.initInternal(Connector.java:912)
	at org.apache.catalina.util.LifecycleBase.init(LifecycleBase.java:101)
	at org.apache.catalina.core.StandardService.initInternal(StandardService.java:559)
	at org.apache.catalina.util.LifecycleBase.init(LifecycleBase.java:101)
	at org.apache.catalina.core.StandardServer.initInternal(StandardServer.java:781)
	at org.apache.catalina.util.LifecycleBase.init(LifecycleBase.java:101)
	at org.apache.catalina.startup.Catalina.load(Catalina.java:572)
	at org.apache.catalina.startup.Catalina.load(Catalina.java:595)
	at sun.reflect.NativeMethodAccessorImpl.invoke0(Native Method)
	at sun.reflect.NativeMethodAccessorImpl.invoke(Unknown Source)
	at sun.reflect.DelegatingMethodAccessorImpl.invoke(Unknown Source)
	at java.lang.reflect.Method.invoke(Unknown Source)
	at org.apache.catalina.startup.Bootstrap.load(Bootstrap.java:262)
	at org.apache.catalina.startup.Bootstrap.main(Bootstrap.java:430)
Caused by: java.net.BindException: Address already in use: JVM_Bind <null>:8009
	at org.apache.tomcat.util.net.JIoEndpoint.bind(JIoEndpoint.java:391)
	at org.apache.tomcat.util.net.AbstractEndpoint.init(AbstractEndpoint.java:490)
	at org.apache.coyote.AbstractProtocol.init(AbstractProtocol.java:364)
	at org.apache.catalina.connector.Connector.initInternal(Connector.java:910)
	... 13 more
Caused by: java.net.BindException: Address already in use: JVM_Bind
	at java.net.PlainSocketImpl.socketBind(Native Method)
	at java.net.PlainSocketImpl.bind(Unknown Source)
	at java.net.ServerSocket.bind(Unknown Source)
	at java.net.ServerSocket.<init>(Unknown Source)
	at java.net.ServerSocket.<init>(Unknown Source)
	at org.apache.tomcat.util.net.DefaultServerSocketFactory.createSocket(DefaultServerSocketFactory.java:48)
	at org.apache.tomcat.util.net.JIoEndpoint.bind(JIoEndpoint.java:378)
	... 16 more
Jul 12, 2011 12:18:17 AM org.apache.catalina.startup.Catalina load
INFO: Initialization processed in 8643 ms
Jul 12, 2011 12:18:18 AM org.apache.catalina.core.StandardService startInternal
INFO: Starting service Catalina
Jul 12, 2011 12:18:18 AM org.apache.catalina.core.StandardEngine startInternal
INFO: Starting Servlet Engine: Apache Tomcat/7.0.16
Jul 12, 2011 12:18:18 AM org.apache.catalina.startup.HostConfig deployWAR
INFO: Deploying web application archive jpetstore.war
Jul 12, 2011 12:18:20 AM org.springframework.web.context.ContextLoader initWebApplicationContext
INFO: Root WebApplicationContext: initialization started
Jul 12, 2011 12:18:20 AM org.springframework.context.support.AbstractApplicationContext prepareRefresh
INFO: Refreshing org.springframework.web.context.support.XmlWebApplicationContext@1556d12: display name [Root WebApplicationContext]; startup date [Tue Jul 12 00:18:20 BST 2011]; root of context hierarchy
Jul 12, 2011 12:18:20 AM org.springframework.beans.factory.xml.XmlBeanDefinitionReader loadBeanDefinitions
INFO: Loading XML bean definitions from ServletContext resource [/WEB-INF/dataAccessContext-local.xml]
Jul 12, 2011 12:18:20 AM org.springframework.beans.factory.xml.XmlBeanDefinitionReader loadBeanDefinitions
INFO: Loading XML bean definitions from ServletContext resource [/WEB-INF/applicationContext.xml]
Jul 12, 2011 12:18:21 AM org.springframework.context.support.AbstractApplicationContext obtainFreshBeanFactory
INFO: Bean factory for application context [org.springframework.web.context.support.XmlWebApplicationContext@1556d12]: org.springframework.beans.factory.support.DefaultListableBeanFactory@18bd7f1
Jul 12, 2011 12:18:21 AM org.springframework.core.io.support.PropertiesLoaderSupport loadProperties
INFO: Loading properties file from ServletContext resource [/WEB-INF/mail.properties]
Jul 12, 2011 12:18:21 AM org.springframework.core.io.support.PropertiesLoaderSupport loadProperties
INFO: Loading properties file from ServletContext resource [/WEB-INF/jdbc.properties]
Jul 12, 2011 12:18:21 AM org.springframework.beans.factory.support.DefaultListableBeanFactory preInstantiateSingletons
INFO: Pre-instantiating singletons in org.springframework.beans.factory.support.DefaultListableBeanFactory@18bd7f1: defining beans [dataSource,transactionManager,sqlMapClient,accountDao,categoryDao,productDao,itemDao,orderDao,sequenceDao,propertyConfigurer,accountValidator,orderValidator,petStore,org.springframework.aop.config.internalAutoProxyCreator,org.springframework.aop.support.DefaultBeanFactoryPointcutAdvisor#0,txAdvice]; root of factory hierarchy
Jul 12, 2011 12:18:23 AM org.springframework.web.context.ContextLoader initWebApplicationContext
INFO: Root WebApplicationContext: initialization completed in 3212 ms
Jul 12, 2011 12:18:23 AM org.apache.catalina.util.SessionIdGenerator createSecureRandom
INFO: Creation of SecureRandom instance for session ID generation using [SHA1PRNG] took [191] milliseconds.
Jul 12, 2011 12:18:23 AM org.springframework.web.servlet.FrameworkServlet initServletBean
INFO: FrameworkServlet 'petstore': initialization started
Jul 12, 2011 12:18:23 AM org.springframework.context.support.AbstractApplicationContext prepareRefresh
INFO: Refreshing org.springframework.web.context.support.XmlWebApplicationContext@194e776: display name [WebApplicationContext for namespace 'petstore-servlet']; startup date [Tue Jul 12 00:18:23 BST 2011]; parent: org.springframework.web.context.support.XmlWebApplicationContext@1556d12
Jul 12, 2011 12:18:23 AM org.springframework.beans.factory.xml.XmlBeanDefinitionReader loadBeanDefinitions
INFO: Loading XML bean definitions from ServletContext resource [/WEB-INF/petstore-servlet.xml]
Jul 12, 2011 12:18:23 AM org.springframework.context.support.AbstractApplicationContext obtainFreshBeanFactory
INFO: Bean factory for application context [org.springframework.web.context.support.XmlWebApplicationContext@194e776]: org.springframework.beans.factory.support.DefaultListableBeanFactory@f2225f
Jul 12, 2011 12:18:23 AM org.springframework.beans.factory.support.DefaultListableBeanFactory preInstantiateSingletons
INFO: Pre-instantiating singletons in org.springframework.beans.factory.support.DefaultListableBeanFactory@f2225f: defining beans [viewResolver,defaultHandlerMapping,/shop/addItemToCart.do,/shop/checkout.do,/shop/index.do,/shop/newAccount.do,/shop/removeItemFromCart.do,/shop/signoff.do,/shop/searchProducts.do,/shop/signon.do,/shop/signonForm.do,/shop/updateCartQuantities.do,/shop/viewCart.do,/shop/viewCategory.do,/shop/viewItem.do,/shop/viewProduct.do,secureHandlerMapping,signonInterceptor,secure_editAccount,secure_listOrders,secure_newOrder,secure_viewOrder]; parent: org.springframework.beans.factory.support.DefaultListableBeanFactory@18bd7f1
Jul 12, 2011 12:18:24 AM org.springframework.web.servlet.FrameworkServlet initServletBean
INFO: FrameworkServlet 'petstore': initialization completed in 489 ms
Jul 12, 2011 12:18:40 AM org.springframework.web.servlet.FrameworkServlet initServletBean
INFO: FrameworkServlet 'remoting': initialization started
Jul 12, 2011 12:18:40 AM org.springframework.context.support.AbstractApplicationContext prepareRefresh
INFO: Refreshing org.springframework.web.context.support.XmlWebApplicationContext@9db992: display name [WebApplicationContext for namespace 'remoting-servlet']; startup date [Tue Jul 12 00:18:40 BST 2011]; parent: org.springframework.web.context.support.XmlWebApplicationContext@1556d12
Jul 12, 2011 12:18:40 AM org.springframework.beans.factory.xml.XmlBeanDefinitionReader loadBeanDefinitions
INFO: Loading XML bean definitions from ServletContext resource [/WEB-INF/remoting-servlet.xml]
Jul 12, 2011 12:18:40 AM org.springframework.context.support.AbstractApplicationContext obtainFreshBeanFactory
INFO: Bean factory for application context [org.springframework.web.context.support.XmlWebApplicationContext@9db992]: org.springframework.beans.factory.support.DefaultListableBeanFactory@1dae160
Jul 12, 2011 12:18:40 AM org.springframework.beans.factory.support.DefaultListableBeanFactory preInstantiateSingletons
INFO: Pre-instantiating singletons in org.springframework.beans.factory.support.DefaultListableBeanFactory@1dae160: defining beans [/OrderService-hessian,/OrderService-burlap,/OrderService-httpinvoker]; parent: org.springframework.beans.factory.support.DefaultListableBeanFactory@18bd7f1
Jul 12, 2011 12:18:40 AM org.springframework.web.servlet.FrameworkServlet initServletBean
INFO: FrameworkServlet 'remoting': initialization completed in 219 ms
Jul 12, 2011 12:18:41 AM org.apache.axis.utils.JavaUtils isAttachmentSupported
WARNING: Unable to find required classes (javax.activation.DataHandler and javax.mail.internet.MimeMultipart). Attachment support is disabled.
Jul 12, 2011 12:18:41 AM org.apache.catalina.startup.Catalina start
INFO: Server startup in 23606 ms
Jul 12, 2011 12:18:41 AM org.apache.catalina.core.StandardServer await
SEVERE: StandardServer.await: create[localhost:8005]: 
java.net.BindException: Address already in use: JVM_Bind
	at java.net.PlainSocketImpl.socketBind(Native Method)
	at java.net.PlainSocketImpl.bind(Unknown Source)
	at java.net.ServerSocket.bind(Unknown Source)
	at java.net.ServerSocket.<init>(Unknown Source)
	at org.apache.catalina.core.StandardServer.await(StandardServer.java:422)
	at org.apache.catalina.startup.Catalina.await(Catalina.java:708)
	at org.apache.catalina.startup.Catalina.start(Catalina.java:653)
	at sun.reflect.NativeMethodAccessorImpl.invoke0(Native Method)
	at sun.reflect.NativeMethodAccessorImpl.invoke(Unknown Source)
	at sun.reflect.DelegatingMethodAccessorImpl.invoke(Unknown Source)
	at java.lang.reflect.Method.invoke(Unknown Source)
	at org.apache.catalina.startup.Bootstrap.start(Bootstrap.java:303)
	at org.apache.catalina.startup.Bootstrap.main(Bootstrap.java:431)
Jul 12, 2011 12:18:41 AM org.apache.coyote.AbstractProtocol pause
INFO: Pausing ProtocolHandler ["http-bio-8080"]
Jul 12, 2011 12:18:41 AM org.apache.coyote.AbstractProtocol pause
INFO: Pausing ProtocolHandler ["ajp-bio-8009"]
Jul 12, 2011 12:18:41 AM org.apache.catalina.core.StandardService stopInternal
INFO: Stopping service Catalina
Jul 12, 2011 12:18:41 AM org.springframework.context.support.AbstractApplicationContext doClose
INFO: Closing org.springframework.web.context.support.XmlWebApplicationContext@9db992: display name [WebApplicationContext for namespace 'remoting-servlet']; startup date [Tue Jul 12 00:18:40 BST 2011]; parent: org.springframework.web.context.support.XmlWebApplicationContext@1556d12
Jul 12, 2011 12:18:41 AM org.springframework.beans.factory.support.DefaultSingletonBeanRegistry destroySingletons
INFO: Destroying singletons in org.springframework.beans.factory.support.DefaultListableBeanFactory@1dae160: defining beans [/OrderService-hessian,/OrderService-burlap,/OrderService-httpinvoker]; parent: org.springframework.beans.factory.support.DefaultListableBeanFactory@18bd7f1
Jul 12, 2011 12:18:41 AM org.springframework.context.support.AbstractApplicationContext doClose
INFO: Closing org.springframework.web.context.support.XmlWebApplicationContext@194e776: display name [WebApplicationContext for namespace 'petstore-servlet']; startup date [Tue Jul 12 00:18:23 BST 2011]; parent: org.springframework.web.context.support.XmlWebApplicationContext@1556d12
Jul 12, 2011 12:18:41 AM org.springframework.beans.factory.support.DefaultSingletonBeanRegistry destroySingletons
INFO: Destroying singletons in org.springframework.beans.factory.support.DefaultListableBeanFactory@f2225f: defining beans [viewResolver,defaultHandlerMapping,/shop/addItemToCart.do,/shop/checkout.do,/shop/index.do,/shop/newAccount.do,/shop/removeItemFromCart.do,/shop/signoff.do,/shop/searchProducts.do,/shop/signon.do,/shop/signonForm.do,/shop/updateCartQuantities.do,/shop/viewCart.do,/shop/viewCategory.do,/shop/viewItem.do,/shop/viewProduct.do,secureHandlerMapping,signonInterceptor,secure_editAccount,secure_listOrders,secure_newOrder,secure_viewOrder]; parent: org.springframework.beans.factory.support.DefaultListableBeanFactory@18bd7f1
Jul 12, 2011 12:18:41 AM org.springframework.context.support.AbstractApplicationContext doClose
INFO: Closing org.springframework.web.context.support.XmlWebApplicationContext@1556d12: display name [Root WebApplicationContext]; startup date [Tue Jul 12 00:18:20 BST 2011]; root of context hierarchy
Jul 12, 2011 12:18:41 AM org.springframework.beans.factory.support.DefaultSingletonBeanRegistry destroySingletons
INFO: Destroying singletons in org.springframework.beans.factory.support.DefaultListableBeanFactory@18bd7f1: defining beans [dataSource,transactionManager,sqlMapClient,accountDao,categoryDao,productDao,itemDao,orderDao,sequenceDao,propertyConfigurer,accountValidator,orderValidator,petStore,org.springframework.aop.config.internalAutoProxyCreator,org.springframework.aop.support.DefaultBeanFactoryPointcutAdvisor#0,txAdvice]; root of factory hierarchy
Jul 12, 2011 12:18:41 AM org.apache.coyote.AbstractProtocol destroy
INFO: Destroying ProtocolHandler ["http-bio-8080"]
Jul 12, 2011 12:18:41 AM org.apache.coyote.AbstractProtocol destroy
INFO: Destroying ProtocolHandler ["ajp-bio-8009"]
Jul 12, 2011 1:08:30 AM org.apache.catalina.core.AprLifecycleListener init
INFO: The APR based Apache Tomcat Native library which allows optimal performance in production environments was not found on the java.library.path: C:\Windows\system32;C:\Windows\Sun\Java\bin;C:\Windows\system32;C:\Windows;C:\Program Files\ActiveState Komodo Edit 6\;C:\Windows\system32;C:\Windows;C:\Windows\System32\Wbem;C:\Windows\System32\WindowsPowerShell\v1.0\;c:\Program Files\Microsoft SQL Server\100\Tools\Binn\;c:\Program Files\Microsoft SQL Server\100\DTS\Binn\;C:\Program Files\TortoiseGit\bin;C:\Program Files\TortoiseSVN\bin;c:\Program Files\Microsoft SQL Server\100\Tools\Binn\VSShell\Common7\IDE\;c:\Program Files\Microsoft Visual Studio 9.0\Common7\IDE\PrivateAssemblies\;.
Jul 12, 2011 1:08:31 AM org.apache.coyote.AbstractProtocol init
INFO: Initializing ProtocolHandler ["http-bio-8080"]
Jul 12, 2011 1:08:31 AM org.apache.coyote.AbstractProtocol init
INFO: Initializing ProtocolHandler ["ajp-bio-8009"]
Jul 12, 2011 1:08:31 AM org.apache.catalina.startup.Catalina load
INFO: Initialization processed in 2063 ms
Jul 12, 2011 1:08:31 AM org.apache.catalina.core.StandardService startInternal
INFO: Starting service Catalina
Jul 12, 2011 1:08:31 AM org.apache.catalina.core.StandardEngine startInternal
INFO: Starting Servlet Engine: Apache Tomcat/7.0.16
Jul 12, 2011 1:08:31 AM org.apache.catalina.startup.HostConfig deployWAR
INFO: Deploying web application archive jpetstore.war
Jul 12, 2011 1:08:33 AM org.springframework.web.context.ContextLoader initWebApplicationContext
INFO: Root WebApplicationContext: initialization started
Jul 12, 2011 1:08:33 AM org.springframework.context.support.AbstractApplicationContext prepareRefresh
INFO: Refreshing org.springframework.web.context.support.XmlWebApplicationContext@1402d5a: display name [Root WebApplicationContext]; startup date [Tue Jul 12 01:08:33 BST 2011]; root of context hierarchy
Jul 12, 2011 1:08:33 AM org.springframework.beans.factory.xml.XmlBeanDefinitionReader loadBeanDefinitions
INFO: Loading XML bean definitions from ServletContext resource [/WEB-INF/dataAccessContext-local.xml]
Jul 12, 2011 1:08:34 AM org.springframework.beans.factory.xml.XmlBeanDefinitionReader loadBeanDefinitions
INFO: Loading XML bean definitions from ServletContext resource [/WEB-INF/applicationContext.xml]
Jul 12, 2011 1:08:34 AM org.springframework.context.support.AbstractApplicationContext obtainFreshBeanFactory
INFO: Bean factory for application context [org.springframework.web.context.support.XmlWebApplicationContext@1402d5a]: org.springframework.beans.factory.support.DefaultListableBeanFactory@e1dac2
Jul 12, 2011 1:08:34 AM org.springframework.core.io.support.PropertiesLoaderSupport loadProperties
INFO: Loading properties file from ServletContext resource [/WEB-INF/mail.properties]
Jul 12, 2011 1:08:34 AM org.springframework.core.io.support.PropertiesLoaderSupport loadProperties
INFO: Loading properties file from ServletContext resource [/WEB-INF/jdbc.properties]
Jul 12, 2011 1:08:34 AM org.springframework.beans.factory.support.DefaultListableBeanFactory preInstantiateSingletons
INFO: Pre-instantiating singletons in org.springframework.beans.factory.support.DefaultListableBeanFactory@e1dac2: defining beans [dataSource,transactionManager,sqlMapClient,accountDao,categoryDao,productDao,itemDao,orderDao,sequenceDao,propertyConfigurer,accountValidator,orderValidator,petStore,org.springframework.aop.config.internalAutoProxyCreator,org.springframework.aop.support.DefaultBeanFactoryPointcutAdvisor#0,txAdvice]; root of factory hierarchy
Jul 12, 2011 1:08:36 AM org.springframework.web.context.ContextLoader initWebApplicationContext
INFO: Root WebApplicationContext: initialization completed in 2603 ms
Jul 12, 2011 1:08:36 AM org.apache.catalina.util.SessionIdGenerator createSecureRandom
INFO: Creation of SecureRandom instance for session ID generation using [SHA1PRNG] took [189] milliseconds.
Jul 12, 2011 1:08:36 AM org.springframework.web.servlet.FrameworkServlet initServletBean
INFO: FrameworkServlet 'petstore': initialization started
Jul 12, 2011 1:08:36 AM org.springframework.context.support.AbstractApplicationContext prepareRefresh
INFO: Refreshing org.springframework.web.context.support.XmlWebApplicationContext@c9b196: display name [WebApplicationContext for namespace 'petstore-servlet']; startup date [Tue Jul 12 01:08:36 BST 2011]; parent: org.springframework.web.context.support.XmlWebApplicationContext@1402d5a
Jul 12, 2011 1:08:36 AM org.springframework.beans.factory.xml.XmlBeanDefinitionReader loadBeanDefinitions
INFO: Loading XML bean definitions from ServletContext resource [/WEB-INF/petstore-servlet.xml]
Jul 12, 2011 1:08:36 AM org.springframework.context.support.AbstractApplicationContext obtainFreshBeanFactory
INFO: Bean factory for application context [org.springframework.web.context.support.XmlWebApplicationContext@c9b196]: org.springframework.beans.factory.support.DefaultListableBeanFactory@b48b11
Jul 12, 2011 1:08:36 AM org.springframework.beans.factory.support.DefaultListableBeanFactory preInstantiateSingletons
INFO: Pre-instantiating singletons in org.springframework.beans.factory.support.DefaultListableBeanFactory@b48b11: defining beans [viewResolver,defaultHandlerMapping,/shop/addItemToCart.do,/shop/checkout.do,/shop/index.do,/shop/newAccount.do,/shop/removeItemFromCart.do,/shop/signoff.do,/shop/searchProducts.do,/shop/signon.do,/shop/signonForm.do,/shop/updateCartQuantities.do,/shop/viewCart.do,/shop/viewCategory.do,/shop/viewItem.do,/shop/viewProduct.do,secureHandlerMapping,signonInterceptor,secure_editAccount,secure_listOrders,secure_newOrder,secure_viewOrder]; parent: org.springframework.beans.factory.support.DefaultListableBeanFactory@e1dac2
Jul 12, 2011 1:08:36 AM org.springframework.web.servlet.FrameworkServlet initServletBean
INFO: FrameworkServlet 'petstore': initialization completed in 428 ms
Jul 12, 2011 1:08:37 AM org.springframework.web.servlet.FrameworkServlet initServletBean
INFO: FrameworkServlet 'remoting': initialization started
Jul 12, 2011 1:08:37 AM org.springframework.context.support.AbstractApplicationContext prepareRefresh
INFO: Refreshing org.springframework.web.context.support.XmlWebApplicationContext@1c01ba9: display name [WebApplicationContext for namespace 'remoting-servlet']; startup date [Tue Jul 12 01:08:37 BST 2011]; parent: org.springframework.web.context.support.XmlWebApplicationContext@1402d5a
Jul 12, 2011 1:08:37 AM org.springframework.beans.factory.xml.XmlBeanDefinitionReader loadBeanDefinitions
INFO: Loading XML bean definitions from ServletContext resource [/WEB-INF/remoting-servlet.xml]
Jul 12, 2011 1:08:37 AM org.springframework.context.support.AbstractApplicationContext obtainFreshBeanFactory
INFO: Bean factory for application context [org.springframework.web.context.support.XmlWebApplicationContext@1c01ba9]: org.springframework.beans.factory.support.DefaultListableBeanFactory@23d275
Jul 12, 2011 1:08:37 AM org.springframework.beans.factory.support.DefaultListableBeanFactory preInstantiateSingletons
INFO: Pre-instantiating singletons in org.springframework.beans.factory.support.DefaultListableBeanFactory@23d275: defining beans [/OrderService-hessian,/OrderService-burlap,/OrderService-httpinvoker]; parent: org.springframework.beans.factory.support.DefaultListableBeanFactory@e1dac2
Jul 12, 2011 1:08:37 AM org.springframework.web.servlet.FrameworkServlet initServletBean
INFO: FrameworkServlet 'remoting': initialization completed in 279 ms
Jul 12, 2011 1:08:38 AM org.apache.axis.utils.JavaUtils isAttachmentSupported
WARNING: Unable to find required classes (javax.activation.DataHandler and javax.mail.internet.MimeMultipart). Attachment support is disabled.
Jul 12, 2011 1:08:38 AM org.apache.coyote.AbstractProtocol start
INFO: Starting ProtocolHandler ["http-bio-8080"]
Jul 12, 2011 1:08:38 AM org.apache.coyote.AbstractProtocol start
INFO: Starting ProtocolHandler ["ajp-bio-8009"]
Jul 12, 2011 1:08:38 AM org.apache.catalina.startup.Catalina start
INFO: Server startup in 7385 ms
Jul 12, 2011 1:08:59 AM org.apache.jasper.compiler.TldLocationsCache tldScanJar
INFO: At least one JAR was scanned for TLDs yet contained no TLDs. Enable debug logging for this logger for a complete list of JARs that were scanned where no TLDs were found. Skipping JAR scanning can improve startup time and JSP compilation time.
Jul 12, 2011 1:09:14 AM org.apache.tomcat.util.http.Parameters processParameters
INFO: Parameters: Invalid chunk '' ignored.
