Jul 15, 2011 6:07:25 AM org.apache.catalina.core.AprLifecycleListener init
INFO: The APR based Apache Tomcat Native library which allows optimal performance in production environments was not found on the java.library.path: C:\Windows\system32;C:\Windows\Sun\Java\bin;C:\Windows\system32;C:\Windows;C:\Program Files\ActiveState Komodo Edit 6\;C:\Windows\system32;C:\Windows;C:\Windows\System32\Wbem;C:\Windows\System32\WindowsPowerShell\v1.0\;c:\Program Files\Microsoft SQL Server\100\Tools\Binn\;c:\Program Files\Microsoft SQL Server\100\DTS\Binn\;C:\Program Files\TortoiseGit\bin;C:\Program Files\TortoiseSVN\bin;c:\Program Files\Microsoft SQL Server\100\Tools\Binn\VSShell\Common7\IDE\;c:\Program Files\Microsoft Visual Studio 9.0\Common7\IDE\PrivateAssemblies\;.
Jul 15, 2011 6:07:27 AM org.apache.coyote.AbstractProtocol init
INFO: Initializing ProtocolHandler ["http-bio-8080"]
Jul 15, 2011 6:07:27 AM org.apache.coyote.AbstractProtocol init
INFO: Initializing ProtocolHandler ["ajp-bio-8009"]
Jul 15, 2011 6:07:27 AM org.apache.catalina.startup.Catalina load
INFO: Initialization processed in 2469 ms
Jul 15, 2011 6:07:27 AM org.apache.catalina.core.StandardService startInternal
INFO: Starting service Catalina
Jul 15, 2011 6:07:27 AM org.apache.catalina.core.StandardEngine startInternal
INFO: Starting Servlet Engine: Apache Tomcat/7.0.16
Jul 15, 2011 6:07:27 AM org.apache.catalina.startup.HostConfig deployWAR
INFO: Deploying web application archive jpetstore.war
Jul 15, 2011 6:07:29 AM org.springframework.web.context.ContextLoader initWebApplicationContext
INFO: Root WebApplicationContext: initialization started
Jul 15, 2011 6:07:30 AM org.springframework.context.support.AbstractApplicationContext prepareRefresh
INFO: Refreshing org.springframework.web.context.support.XmlWebApplicationContext@1f4e571: display name [Root WebApplicationContext]; startup date [Fri Jul 15 06:07:30 BST 2011]; root of context hierarchy
Jul 15, 2011 6:07:30 AM org.springframework.beans.factory.xml.XmlBeanDefinitionReader loadBeanDefinitions
INFO: Loading XML bean definitions from ServletContext resource [/WEB-INF/dataAccessContext-local.xml]
Jul 15, 2011 6:07:30 AM org.springframework.beans.factory.xml.XmlBeanDefinitionReader loadBeanDefinitions
INFO: Loading XML bean definitions from ServletContext resource [/WEB-INF/applicationContext.xml]
Jul 15, 2011 6:07:31 AM org.springframework.context.support.AbstractApplicationContext obtainFreshBeanFactory
INFO: Bean factory for application context [org.springframework.web.context.support.XmlWebApplicationContext@1f4e571]: org.springframework.beans.factory.support.DefaultListableBeanFactory@f8395f
Jul 15, 2011 6:07:31 AM org.springframework.core.io.support.PropertiesLoaderSupport loadProperties
INFO: Loading properties file from ServletContext resource [/WEB-INF/mail.properties]
Jul 15, 2011 6:07:31 AM org.springframework.core.io.support.PropertiesLoaderSupport loadProperties
INFO: Loading properties file from ServletContext resource [/WEB-INF/jdbc.properties]
Jul 15, 2011 6:07:31 AM org.springframework.beans.factory.support.DefaultListableBeanFactory preInstantiateSingletons
INFO: Pre-instantiating singletons in org.springframework.beans.factory.support.DefaultListableBeanFactory@f8395f: defining beans [dataSource,transactionManager,sqlMapClient,accountDao,categoryDao,productDao,itemDao,orderDao,sequenceDao,propertyConfigurer,accountValidator,orderValidator,petStore,org.springframework.aop.config.internalAutoProxyCreator,org.springframework.aop.support.DefaultBeanFactoryPointcutAdvisor#0,txAdvice]; root of factory hierarchy
Jul 15, 2011 6:07:33 AM org.springframework.web.context.ContextLoader initWebApplicationContext
INFO: Root WebApplicationContext: initialization completed in 3488 ms
Jul 15, 2011 6:07:33 AM org.apache.catalina.util.SessionIdGenerator createSecureRandom
INFO: Creation of SecureRandom instance for session ID generation using [SHA1PRNG] took [152] milliseconds.
Jul 15, 2011 6:07:33 AM org.springframework.web.servlet.FrameworkServlet initServletBean
INFO: FrameworkServlet 'petstore': initialization started
Jul 15, 2011 6:07:33 AM org.springframework.context.support.AbstractApplicationContext prepareRefresh
INFO: Refreshing org.springframework.web.context.support.XmlWebApplicationContext@178aae1: display name [WebApplicationContext for namespace 'petstore-servlet']; startup date [Fri Jul 15 06:07:33 BST 2011]; parent: org.springframework.web.context.support.XmlWebApplicationContext@1f4e571
Jul 15, 2011 6:07:33 AM org.springframework.beans.factory.xml.XmlBeanDefinitionReader loadBeanDefinitions
INFO: Loading XML bean definitions from ServletContext resource [/WEB-INF/petstore-servlet.xml]
Jul 15, 2011 6:07:33 AM org.springframework.context.support.AbstractApplicationContext obtainFreshBeanFactory
INFO: Bean factory for application context [org.springframework.web.context.support.XmlWebApplicationContext@178aae1]: org.springframework.beans.factory.support.DefaultListableBeanFactory@c08593
Jul 15, 2011 6:07:33 AM org.springframework.beans.factory.support.DefaultListableBeanFactory preInstantiateSingletons
INFO: Pre-instantiating singletons in org.springframework.beans.factory.support.DefaultListableBeanFactory@c08593: defining beans [viewResolver,defaultHandlerMapping,/shop/addItemToCart.do,/shop/checkout.do,/shop/index.do,/shop/newAccount.do,/shop/removeItemFromCart.do,/shop/signoff.do,/shop/searchProducts.do,/shop/signon.do,/shop/signonForm.do,/shop/updateCartQuantities.do,/shop/viewCart.do,/shop/viewCategory.do,/shop/viewItem.do,/shop/viewProduct.do,secureHandlerMapping,signonInterceptor,secure_editAccount,secure_listOrders,secure_newOrder,secure_viewOrder]; parent: org.springframework.beans.factory.support.DefaultListableBeanFactory@f8395f
Jul 15, 2011 6:07:34 AM org.springframework.web.servlet.FrameworkServlet initServletBean
INFO: FrameworkServlet 'petstore': initialization completed in 406 ms
Jul 15, 2011 6:07:34 AM org.springframework.web.servlet.FrameworkServlet initServletBean
INFO: FrameworkServlet 'remoting': initialization started
Jul 15, 2011 6:07:34 AM org.springframework.context.support.AbstractApplicationContext prepareRefresh
INFO: Refreshing org.springframework.web.context.support.XmlWebApplicationContext@1e4905a: display name [WebApplicationContext for namespace 'remoting-servlet']; startup date [Fri Jul 15 06:07:34 BST 2011]; parent: org.springframework.web.context.support.XmlWebApplicationContext@1f4e571
Jul 15, 2011 6:07:34 AM org.springframework.beans.factory.xml.XmlBeanDefinitionReader loadBeanDefinitions
INFO: Loading XML bean definitions from ServletContext resource [/WEB-INF/remoting-servlet.xml]
Jul 15, 2011 6:07:34 AM org.springframework.context.support.AbstractApplicationContext obtainFreshBeanFactory
INFO: Bean factory for application context [org.springframework.web.context.support.XmlWebApplicationContext@1e4905a]: org.springframework.beans.factory.support.DefaultListableBeanFactory@c12474
Jul 15, 2011 6:07:34 AM org.springframework.beans.factory.support.DefaultListableBeanFactory preInstantiateSingletons
INFO: Pre-instantiating singletons in org.springframework.beans.factory.support.DefaultListableBeanFactory@c12474: defining beans [/OrderService-hessian,/OrderService-burlap,/OrderService-httpinvoker]; parent: org.springframework.beans.factory.support.DefaultListableBeanFactory@f8395f
Jul 15, 2011 6:07:34 AM org.springframework.web.servlet.FrameworkServlet initServletBean
INFO: FrameworkServlet 'remoting': initialization completed in 202 ms
Jul 15, 2011 6:07:35 AM org.apache.axis.utils.JavaUtils isAttachmentSupported
WARNING: Unable to find required classes (javax.activation.DataHandler and javax.mail.internet.MimeMultipart). Attachment support is disabled.
Jul 15, 2011 6:07:35 AM org.apache.coyote.AbstractProtocol start
INFO: Starting ProtocolHandler ["http-bio-8080"]
Jul 15, 2011 6:07:35 AM org.apache.coyote.AbstractProtocol start
INFO: Starting ProtocolHandler ["ajp-bio-8009"]
Jul 15, 2011 6:07:35 AM org.apache.catalina.startup.Catalina start
INFO: Server startup in 8084 ms
