Jul 11, 2011 11:17:41 PM org.apache.catalina.core.AprLifecycleListener init
INFO: The APR based Apache Tomcat Native library which allows optimal performance in production environments was not found on the java.library.path: C:\Program Files\Java\jdk1.6.0_24\bin;.;C:\Windows\Sun\Java\bin;C:\Windows\system32;C:\Windows;C:\Program Files\ActiveState Komodo Edit 6\;C:\Windows\system32;C:\Windows;C:\Windows\System32\Wbem;C:\Windows\System32\WindowsPowerShell\v1.0\;c:\Program Files\Microsoft SQL Server\100\Tools\Binn\;c:\Program Files\Microsoft SQL Server\100\DTS\Binn\;C:\Program Files\TortoiseGit\bin;C:\Program Files\TortoiseSVN\bin;c:\Program Files\Microsoft SQL Server\100\Tools\Binn\VSShell\Common7\IDE\;c:\Program Files\Microsoft Visual Studio 9.0\Common7\IDE\PrivateAssemblies\
Jul 11, 2011 11:17:41 PM org.apache.coyote.AbstractProtocol init
INFO: Initializing ProtocolHandler ["http-bio-8080"]
Jul 11, 2011 11:17:41 PM org.apache.coyote.AbstractProtocol init
INFO: Initializing ProtocolHandler ["ajp-bio-8009"]
Jul 11, 2011 11:17:41 PM org.apache.catalina.startup.Catalina load
INFO: Initialization processed in 1337 ms
Jul 11, 2011 11:17:41 PM org.apache.catalina.core.StandardService startInternal
INFO: Starting service Catalina
Jul 11, 2011 11:17:41 PM org.apache.catalina.core.StandardEngine startInternal
INFO: Starting Servlet Engine: Apache Tomcat/7.0.16
Jul 11, 2011 11:17:41 PM org.apache.catalina.startup.HostConfig deployWAR
INFO: Deploying web application archive jpetstore.war
Jul 11, 2011 11:17:44 PM org.springframework.web.context.ContextLoader initWebApplicationContext
INFO: Root WebApplicationContext: initialization started
Jul 11, 2011 11:17:44 PM org.springframework.context.support.AbstractApplicationContext prepareRefresh
INFO: Refreshing org.springframework.web.context.support.XmlWebApplicationContext@1343ed0: display name [Root WebApplicationContext]; startup date [Mon Jul 11 23:17:44 BST 2011]; root of context hierarchy
Jul 11, 2011 11:17:44 PM org.springframework.beans.factory.xml.XmlBeanDefinitionReader loadBeanDefinitions
INFO: Loading XML bean definitions from ServletContext resource [/WEB-INF/dataAccessContext-local.xml]
Jul 11, 2011 11:17:44 PM org.springframework.beans.factory.xml.XmlBeanDefinitionReader loadBeanDefinitions
INFO: Loading XML bean definitions from ServletContext resource [/WEB-INF/applicationContext.xml]
Jul 11, 2011 11:17:45 PM org.springframework.context.support.AbstractApplicationContext obtainFreshBeanFactory
INFO: Bean factory for application context [org.springframework.web.context.support.XmlWebApplicationContext@1343ed0]: org.springframework.beans.factory.support.DefaultListableBeanFactory@10efd7c
Jul 11, 2011 11:17:45 PM org.springframework.core.io.support.PropertiesLoaderSupport loadProperties
INFO: Loading properties file from ServletContext resource [/WEB-INF/mail.properties]
Jul 11, 2011 11:17:45 PM org.springframework.core.io.support.PropertiesLoaderSupport loadProperties
INFO: Loading properties file from ServletContext resource [/WEB-INF/jdbc.properties]
Jul 11, 2011 11:17:45 PM org.springframework.beans.factory.support.DefaultListableBeanFactory preInstantiateSingletons
INFO: Pre-instantiating singletons in org.springframework.beans.factory.support.DefaultListableBeanFactory@10efd7c: defining beans [dataSource,transactionManager,sqlMapClient,accountDao,categoryDao,productDao,itemDao,orderDao,sequenceDao,propertyConfigurer,accountValidator,orderValidator,petStore,org.springframework.aop.config.internalAutoProxyCreator,org.springframework.aop.support.DefaultBeanFactoryPointcutAdvisor#0,txAdvice]; root of factory hierarchy
Jul 11, 2011 11:17:46 PM org.springframework.web.context.ContextLoader initWebApplicationContext
INFO: Root WebApplicationContext: initialization completed in 2350 ms
Jul 11, 2011 11:17:46 PM org.springframework.web.servlet.FrameworkServlet initServletBean
INFO: FrameworkServlet 'petstore': initialization started
Jul 11, 2011 11:17:46 PM org.springframework.context.support.AbstractApplicationContext prepareRefresh
INFO: Refreshing org.springframework.web.context.support.XmlWebApplicationContext@1ce663c: display name [WebApplicationContext for namespace 'petstore-servlet']; startup date [Mon Jul 11 23:17:46 BST 2011]; parent: org.springframework.web.context.support.XmlWebApplicationContext@1343ed0
Jul 11, 2011 11:17:46 PM org.springframework.beans.factory.xml.XmlBeanDefinitionReader loadBeanDefinitions
INFO: Loading XML bean definitions from ServletContext resource [/WEB-INF/petstore-servlet.xml]
Jul 11, 2011 11:17:46 PM org.springframework.context.support.AbstractApplicationContext obtainFreshBeanFactory
INFO: Bean factory for application context [org.springframework.web.context.support.XmlWebApplicationContext@1ce663c]: org.springframework.beans.factory.support.DefaultListableBeanFactory@2d0479
Jul 11, 2011 11:17:46 PM org.springframework.beans.factory.support.DefaultListableBeanFactory preInstantiateSingletons
INFO: Pre-instantiating singletons in org.springframework.beans.factory.support.DefaultListableBeanFactory@2d0479: defining beans [viewResolver,defaultHandlerMapping,/shop/addItemToCart.do,/shop/checkout.do,/shop/index.do,/shop/newAccount.do,/shop/removeItemFromCart.do,/shop/signoff.do,/shop/searchProducts.do,/shop/signon.do,/shop/signonForm.do,/shop/updateCartQuantities.do,/shop/viewCart.do,/shop/viewCategory.do,/shop/viewItem.do,/shop/viewProduct.do,secureHandlerMapping,signonInterceptor,secure_editAccount,secure_listOrders,secure_newOrder,secure_viewOrder]; parent: org.springframework.beans.factory.support.DefaultListableBeanFactory@10efd7c
Jul 11, 2011 11:17:47 PM org.springframework.web.servlet.FrameworkServlet initServletBean
INFO: FrameworkServlet 'petstore': initialization completed in 284 ms
Jul 11, 2011 11:17:47 PM org.springframework.web.servlet.FrameworkServlet initServletBean
INFO: FrameworkServlet 'remoting': initialization started
Jul 11, 2011 11:17:47 PM org.springframework.context.support.AbstractApplicationContext prepareRefresh
INFO: Refreshing org.springframework.web.context.support.XmlWebApplicationContext@f6f1b6: display name [WebApplicationContext for namespace 'remoting-servlet']; startup date [Mon Jul 11 23:17:47 BST 2011]; parent: org.springframework.web.context.support.XmlWebApplicationContext@1343ed0
Jul 11, 2011 11:17:47 PM org.springframework.beans.factory.xml.XmlBeanDefinitionReader loadBeanDefinitions
INFO: Loading XML bean definitions from ServletContext resource [/WEB-INF/remoting-servlet.xml]
Jul 11, 2011 11:17:47 PM org.springframework.context.support.AbstractApplicationContext obtainFreshBeanFactory
INFO: Bean factory for application context [org.springframework.web.context.support.XmlWebApplicationContext@f6f1b6]: org.springframework.beans.factory.support.DefaultListableBeanFactory@771eb1
Jul 11, 2011 11:17:47 PM org.springframework.beans.factory.support.DefaultListableBeanFactory preInstantiateSingletons
INFO: Pre-instantiating singletons in org.springframework.beans.factory.support.DefaultListableBeanFactory@771eb1: defining beans [/OrderService-hessian,/OrderService-burlap,/OrderService-httpinvoker]; parent: org.springframework.beans.factory.support.DefaultListableBeanFactory@10efd7c
Jul 11, 2011 11:17:47 PM org.springframework.web.servlet.FrameworkServlet initServletBean
INFO: FrameworkServlet 'remoting': initialization completed in 155 ms
Jul 11, 2011 11:17:47 PM org.apache.axis.utils.JavaUtils isAttachmentSupported
WARNING: Unable to find required classes (javax.activation.DataHandler and javax.mail.internet.MimeMultipart). Attachment support is disabled.
Jul 11, 2011 11:17:48 PM org.apache.coyote.AbstractProtocol start
INFO: Starting ProtocolHandler ["http-bio-8080"]
Jul 11, 2011 11:17:48 PM org.apache.coyote.AbstractProtocol start
INFO: Starting ProtocolHandler ["ajp-bio-8009"]
Jul 11, 2011 11:17:48 PM org.apache.catalina.startup.Catalina start
INFO: Server startup in 7024 ms
Jul 11, 2011 11:26:50 PM org.apache.catalina.core.AprLifecycleListener init
INFO: The APR based Apache Tomcat Native library which allows optimal performance in production environments was not found on the java.library.path: C:\Windows\system32;C:\Windows\Sun\Java\bin;C:\Windows\system32;C:\Windows;C:\Program Files\ActiveState Komodo Edit 6\;C:\Windows\system32;C:\Windows;C:\Windows\System32\Wbem;C:\Windows\System32\WindowsPowerShell\v1.0\;c:\Program Files\Microsoft SQL Server\100\Tools\Binn\;c:\Program Files\Microsoft SQL Server\100\DTS\Binn\;C:\Program Files\TortoiseGit\bin;C:\Program Files\TortoiseSVN\bin;c:\Program Files\Microsoft SQL Server\100\Tools\Binn\VSShell\Common7\IDE\;c:\Program Files\Microsoft Visual Studio 9.0\Common7\IDE\PrivateAssemblies\;.
Jul 11, 2011 11:26:51 PM org.apache.coyote.AbstractProtocol init
INFO: Initializing ProtocolHandler ["http-bio-8080"]
Jul 11, 2011 11:26:51 PM org.apache.coyote.AbstractProtocol init
SEVERE: Failed to initialize end point associated with ProtocolHandler ["http-bio-8080"]
java.net.BindException: Address already in use: JVM_Bind <null>:8080
	at org.apache.tomcat.util.net.JIoEndpoint.bind(JIoEndpoint.java:391)
	at org.apache.tomcat.util.net.AbstractEndpoint.init(AbstractEndpoint.java:490)
	at org.apache.coyote.AbstractProtocol.init(AbstractProtocol.java:364)
	at org.apache.coyote.http11.AbstractHttp11JsseProtocol.init(AbstractHttp11JsseProtocol.java:119)
	at org.apache.catalina.connector.Connector.initInternal(Connector.java:910)
	at org.apache.catalina.util.LifecycleBase.init(LifecycleBase.java:101)
	at org.apache.catalina.core.StandardService.initInternal(StandardService.java:559)
	at org.apache.catalina.util.LifecycleBase.init(LifecycleBase.java:101)
	at org.apache.catalina.core.StandardServer.initInternal(StandardServer.java:781)
	at org.apache.catalina.util.LifecycleBase.init(LifecycleBase.java:101)
	at org.apache.catalina.startup.Catalina.load(Catalina.java:572)
	at org.apache.catalina.startup.Catalina.load(Catalina.java:595)
	at sun.reflect.NativeMethodAccessorImpl.invoke0(Native Method)
	at sun.reflect.NativeMethodAccessorImpl.invoke(Unknown Source)
	at sun.reflect.DelegatingMethodAccessorImpl.invoke(Unknown Source)
	at java.lang.reflect.Method.invoke(Unknown Source)
	at org.apache.catalina.startup.Bootstrap.load(Bootstrap.java:262)
	at org.apache.catalina.startup.Bootstrap.main(Bootstrap.java:430)
Caused by: java.net.BindException: Address already in use: JVM_Bind
	at java.net.PlainSocketImpl.socketBind(Native Method)
	at java.net.PlainSocketImpl.bind(Unknown Source)
	at java.net.ServerSocket.bind(Unknown Source)
	at java.net.ServerSocket.<init>(Unknown Source)
	at java.net.ServerSocket.<init>(Unknown Source)
	at org.apache.tomcat.util.net.DefaultServerSocketFactory.createSocket(DefaultServerSocketFactory.java:48)
	at org.apache.tomcat.util.net.JIoEndpoint.bind(JIoEndpoint.java:378)
	... 17 more
Jul 11, 2011 11:26:51 PM org.apache.catalina.core.StandardService initInternal
SEVERE: Failed to initialize connector [Connector[HTTP/1.1-8080]]
org.apache.catalina.LifecycleException: Protocol handler initialization failed
	at org.apache.catalina.connector.Connector.initInternal(Connector.java:912)
	at org.apache.catalina.util.LifecycleBase.init(LifecycleBase.java:101)
	at org.apache.catalina.core.StandardService.initInternal(StandardService.java:559)
	at org.apache.catalina.util.LifecycleBase.init(LifecycleBase.java:101)
	at org.apache.catalina.core.StandardServer.initInternal(StandardServer.java:781)
	at org.apache.catalina.util.LifecycleBase.init(LifecycleBase.java:101)
	at org.apache.catalina.startup.Catalina.load(Catalina.java:572)
	at org.apache.catalina.startup.Catalina.load(Catalina.java:595)
	at sun.reflect.NativeMethodAccessorImpl.invoke0(Native Method)
	at sun.reflect.NativeMethodAccessorImpl.invoke(Unknown Source)
	at sun.reflect.DelegatingMethodAccessorImpl.invoke(Unknown Source)
	at java.lang.reflect.Method.invoke(Unknown Source)
	at org.apache.catalina.startup.Bootstrap.load(Bootstrap.java:262)
	at org.apache.catalina.startup.Bootstrap.main(Bootstrap.java:430)
Caused by: java.net.BindException: Address already in use: JVM_Bind <null>:8080
	at org.apache.tomcat.util.net.JIoEndpoint.bind(JIoEndpoint.java:391)
	at org.apache.tomcat.util.net.AbstractEndpoint.init(AbstractEndpoint.java:490)
	at org.apache.coyote.AbstractProtocol.init(AbstractProtocol.java:364)
	at org.apache.coyote.http11.AbstractHttp11JsseProtocol.init(AbstractHttp11JsseProtocol.java:119)
	at org.apache.catalina.connector.Connector.initInternal(Connector.java:910)
	... 13 more
Caused by: java.net.BindException: Address already in use: JVM_Bind
	at java.net.PlainSocketImpl.socketBind(Native Method)
	at java.net.PlainSocketImpl.bind(Unknown Source)
	at java.net.ServerSocket.bind(Unknown Source)
	at java.net.ServerSocket.<init>(Unknown Source)
	at java.net.ServerSocket.<init>(Unknown Source)
	at org.apache.tomcat.util.net.DefaultServerSocketFactory.createSocket(DefaultServerSocketFactory.java:48)
	at org.apache.tomcat.util.net.JIoEndpoint.bind(JIoEndpoint.java:378)
	... 17 more
Jul 11, 2011 11:26:51 PM org.apache.coyote.AbstractProtocol init
INFO: Initializing ProtocolHandler ["ajp-bio-8009"]
Jul 11, 2011 11:26:51 PM org.apache.coyote.AbstractProtocol init
SEVERE: Failed to initialize end point associated with ProtocolHandler ["ajp-bio-8009"]
java.net.BindException: Address already in use: JVM_Bind <null>:8009
	at org.apache.tomcat.util.net.JIoEndpoint.bind(JIoEndpoint.java:391)
	at org.apache.tomcat.util.net.AbstractEndpoint.init(AbstractEndpoint.java:490)
	at org.apache.coyote.AbstractProtocol.init(AbstractProtocol.java:364)
	at org.apache.catalina.connector.Connector.initInternal(Connector.java:910)
	at org.apache.catalina.util.LifecycleBase.init(LifecycleBase.java:101)
	at org.apache.catalina.core.StandardService.initInternal(StandardService.java:559)
	at org.apache.catalina.util.LifecycleBase.init(LifecycleBase.java:101)
	at org.apache.catalina.core.StandardServer.initInternal(StandardServer.java:781)
	at org.apache.catalina.util.LifecycleBase.init(LifecycleBase.java:101)
	at org.apache.catalina.startup.Catalina.load(Catalina.java:572)
	at org.apache.catalina.startup.Catalina.load(Catalina.java:595)
	at sun.reflect.NativeMethodAccessorImpl.invoke0(Native Method)
	at sun.reflect.NativeMethodAccessorImpl.invoke(Unknown Source)
	at sun.reflect.DelegatingMethodAccessorImpl.invoke(Unknown Source)
	at java.lang.reflect.Method.invoke(Unknown Source)
	at org.apache.catalina.startup.Bootstrap.load(Bootstrap.java:262)
	at org.apache.catalina.startup.Bootstrap.main(Bootstrap.java:430)
Caused by: java.net.BindException: Address already in use: JVM_Bind
	at java.net.PlainSocketImpl.socketBind(Native Method)
	at java.net.PlainSocketImpl.bind(Unknown Source)
	at java.net.ServerSocket.bind(Unknown Source)
	at java.net.ServerSocket.<init>(Unknown Source)
	at java.net.ServerSocket.<init>(Unknown Source)
	at org.apache.tomcat.util.net.DefaultServerSocketFactory.createSocket(DefaultServerSocketFactory.java:48)
	at org.apache.tomcat.util.net.JIoEndpoint.bind(JIoEndpoint.java:378)
	... 16 more
Jul 11, 2011 11:26:51 PM org.apache.catalina.core.StandardService initInternal
SEVERE: Failed to initialize connector [Connector[AJP/1.3-8009]]
org.apache.catalina.LifecycleException: Protocol handler initialization failed
	at org.apache.catalina.connector.Connector.initInternal(Connector.java:912)
	at org.apache.catalina.util.LifecycleBase.init(LifecycleBase.java:101)
	at org.apache.catalina.core.StandardService.initInternal(StandardService.java:559)
	at org.apache.catalina.util.LifecycleBase.init(LifecycleBase.java:101)
	at org.apache.catalina.core.StandardServer.initInternal(StandardServer.java:781)
	at org.apache.catalina.util.LifecycleBase.init(LifecycleBase.java:101)
	at org.apache.catalina.startup.Catalina.load(Catalina.java:572)
	at org.apache.catalina.startup.Catalina.load(Catalina.java:595)
	at sun.reflect.NativeMethodAccessorImpl.invoke0(Native Method)
	at sun.reflect.NativeMethodAccessorImpl.invoke(Unknown Source)
	at sun.reflect.DelegatingMethodAccessorImpl.invoke(Unknown Source)
	at java.lang.reflect.Method.invoke(Unknown Source)
	at org.apache.catalina.startup.Bootstrap.load(Bootstrap.java:262)
	at org.apache.catalina.startup.Bootstrap.main(Bootstrap.java:430)
Caused by: java.net.BindException: Address already in use: JVM_Bind <null>:8009
	at org.apache.tomcat.util.net.JIoEndpoint.bind(JIoEndpoint.java:391)
	at org.apache.tomcat.util.net.AbstractEndpoint.init(AbstractEndpoint.java:490)
	at org.apache.coyote.AbstractProtocol.init(AbstractProtocol.java:364)
	at org.apache.catalina.connector.Connector.initInternal(Connector.java:910)
	... 13 more
Caused by: java.net.BindException: Address already in use: JVM_Bind
	at java.net.PlainSocketImpl.socketBind(Native Method)
	at java.net.PlainSocketImpl.bind(Unknown Source)
	at java.net.ServerSocket.bind(Unknown Source)
	at java.net.ServerSocket.<init>(Unknown Source)
	at java.net.ServerSocket.<init>(Unknown Source)
	at org.apache.tomcat.util.net.DefaultServerSocketFactory.createSocket(DefaultServerSocketFactory.java:48)
	at org.apache.tomcat.util.net.JIoEndpoint.bind(JIoEndpoint.java:378)
	... 16 more
Jul 11, 2011 11:26:52 PM org.apache.catalina.startup.Catalina load
INFO: Initialization processed in 2277 ms
Jul 11, 2011 11:26:52 PM org.apache.catalina.core.StandardService startInternal
INFO: Starting service Catalina
Jul 11, 2011 11:26:52 PM org.apache.catalina.core.StandardEngine startInternal
INFO: Starting Servlet Engine: Apache Tomcat/7.0.16
Jul 11, 2011 11:26:52 PM org.apache.catalina.startup.HostConfig deployWAR
INFO: Deploying web application archive jpetstore.war
Jul 11, 2011 11:26:54 PM org.springframework.web.context.ContextLoader initWebApplicationContext
INFO: Root WebApplicationContext: initialization started
Jul 11, 2011 11:26:54 PM org.springframework.context.support.AbstractApplicationContext prepareRefresh
INFO: Refreshing org.springframework.web.context.support.XmlWebApplicationContext@100bac2: display name [Root WebApplicationContext]; startup date [Mon Jul 11 23:26:54 BST 2011]; root of context hierarchy
Jul 11, 2011 11:26:54 PM org.springframework.beans.factory.xml.XmlBeanDefinitionReader loadBeanDefinitions
INFO: Loading XML bean definitions from ServletContext resource [/WEB-INF/dataAccessContext-local.xml]
Jul 11, 2011 11:26:54 PM org.springframework.beans.factory.xml.XmlBeanDefinitionReader loadBeanDefinitions
INFO: Loading XML bean definitions from ServletContext resource [/WEB-INF/applicationContext.xml]
Jul 11, 2011 11:26:55 PM org.springframework.context.support.AbstractApplicationContext obtainFreshBeanFactory
INFO: Bean factory for application context [org.springframework.web.context.support.XmlWebApplicationContext@100bac2]: org.springframework.beans.factory.support.DefaultListableBeanFactory@124111a
Jul 11, 2011 11:26:55 PM org.springframework.core.io.support.PropertiesLoaderSupport loadProperties
INFO: Loading properties file from ServletContext resource [/WEB-INF/mail.properties]
Jul 11, 2011 11:26:55 PM org.springframework.core.io.support.PropertiesLoaderSupport loadProperties
INFO: Loading properties file from ServletContext resource [/WEB-INF/jdbc.properties]
Jul 11, 2011 11:26:55 PM org.springframework.beans.factory.support.DefaultListableBeanFactory preInstantiateSingletons
INFO: Pre-instantiating singletons in org.springframework.beans.factory.support.DefaultListableBeanFactory@124111a: defining beans [dataSource,transactionManager,sqlMapClient,accountDao,categoryDao,productDao,itemDao,orderDao,sequenceDao,propertyConfigurer,accountValidator,orderValidator,petStore,org.springframework.aop.config.internalAutoProxyCreator,org.springframework.aop.support.DefaultBeanFactoryPointcutAdvisor#0,txAdvice]; root of factory hierarchy
Jul 11, 2011 11:26:56 PM org.springframework.web.context.ContextLoader initWebApplicationContext
INFO: Root WebApplicationContext: initialization completed in 2283 ms
Jul 11, 2011 11:26:56 PM org.springframework.web.servlet.FrameworkServlet initServletBean
INFO: FrameworkServlet 'petstore': initialization started
Jul 11, 2011 11:26:56 PM org.springframework.context.support.AbstractApplicationContext prepareRefresh
INFO: Refreshing org.springframework.web.context.support.XmlWebApplicationContext@1e1ec86: display name [WebApplicationContext for namespace 'petstore-servlet']; startup date [Mon Jul 11 23:26:56 BST 2011]; parent: org.springframework.web.context.support.XmlWebApplicationContext@100bac2
Jul 11, 2011 11:26:56 PM org.springframework.beans.factory.xml.XmlBeanDefinitionReader loadBeanDefinitions
INFO: Loading XML bean definitions from ServletContext resource [/WEB-INF/petstore-servlet.xml]
Jul 11, 2011 11:26:57 PM org.springframework.context.support.AbstractApplicationContext obtainFreshBeanFactory
INFO: Bean factory for application context [org.springframework.web.context.support.XmlWebApplicationContext@1e1ec86]: org.springframework.beans.factory.support.DefaultListableBeanFactory@a1aa85
Jul 11, 2011 11:26:57 PM org.springframework.beans.factory.support.DefaultListableBeanFactory preInstantiateSingletons
INFO: Pre-instantiating singletons in org.springframework.beans.factory.support.DefaultListableBeanFactory@a1aa85: defining beans [viewResolver,defaultHandlerMapping,/shop/addItemToCart.do,/shop/checkout.do,/shop/index.do,/shop/newAccount.do,/shop/removeItemFromCart.do,/shop/signoff.do,/shop/searchProducts.do,/shop/signon.do,/shop/signonForm.do,/shop/updateCartQuantities.do,/shop/viewCart.do,/shop/viewCategory.do,/shop/viewItem.do,/shop/viewProduct.do,secureHandlerMapping,signonInterceptor,secure_editAccount,secure_listOrders,secure_newOrder,secure_viewOrder]; parent: org.springframework.beans.factory.support.DefaultListableBeanFactory@124111a
Jul 11, 2011 11:26:57 PM org.springframework.web.servlet.FrameworkServlet initServletBean
INFO: FrameworkServlet 'petstore': initialization completed in 353 ms
Jul 11, 2011 11:26:57 PM org.springframework.web.servlet.FrameworkServlet initServletBean
INFO: FrameworkServlet 'remoting': initialization started
Jul 11, 2011 11:26:57 PM org.springframework.context.support.AbstractApplicationContext prepareRefresh
INFO: Refreshing org.springframework.web.context.support.XmlWebApplicationContext@1f95165: display name [WebApplicationContext for namespace 'remoting-servlet']; startup date [Mon Jul 11 23:26:57 BST 2011]; parent: org.springframework.web.context.support.XmlWebApplicationContext@100bac2
Jul 11, 2011 11:26:57 PM org.springframework.beans.factory.xml.XmlBeanDefinitionReader loadBeanDefinitions
INFO: Loading XML bean definitions from ServletContext resource [/WEB-INF/remoting-servlet.xml]
Jul 11, 2011 11:26:57 PM org.springframework.context.support.AbstractApplicationContext obtainFreshBeanFactory
INFO: Bean factory for application context [org.springframework.web.context.support.XmlWebApplicationContext@1f95165]: org.springframework.beans.factory.support.DefaultListableBeanFactory@a09e41
Jul 11, 2011 11:26:57 PM org.springframework.beans.factory.support.DefaultListableBeanFactory preInstantiateSingletons
INFO: Pre-instantiating singletons in org.springframework.beans.factory.support.DefaultListableBeanFactory@a09e41: defining beans [/OrderService-hessian,/OrderService-burlap,/OrderService-httpinvoker]; parent: org.springframework.beans.factory.support.DefaultListableBeanFactory@124111a
Jul 11, 2011 11:26:57 PM org.springframework.web.servlet.FrameworkServlet initServletBean
INFO: FrameworkServlet 'remoting': initialization completed in 218 ms
Jul 11, 2011 11:26:58 PM org.apache.axis.utils.JavaUtils isAttachmentSupported
WARNING: Unable to find required classes (javax.activation.DataHandler and javax.mail.internet.MimeMultipart). Attachment support is disabled.
Jul 11, 2011 11:26:58 PM org.apache.catalina.startup.Catalina start
INFO: Server startup in 6942 ms
Jul 11, 2011 11:26:58 PM org.apache.catalina.core.StandardServer await
SEVERE: StandardServer.await: create[localhost:8005]: 
java.net.BindException: Address already in use: JVM_Bind
	at java.net.PlainSocketImpl.socketBind(Native Method)
	at java.net.PlainSocketImpl.bind(Unknown Source)
	at java.net.ServerSocket.bind(Unknown Source)
	at java.net.ServerSocket.<init>(Unknown Source)
	at org.apache.catalina.core.StandardServer.await(StandardServer.java:422)
	at org.apache.catalina.startup.Catalina.await(Catalina.java:708)
	at org.apache.catalina.startup.Catalina.start(Catalina.java:653)
	at sun.reflect.NativeMethodAccessorImpl.invoke0(Native Method)
	at sun.reflect.NativeMethodAccessorImpl.invoke(Unknown Source)
	at sun.reflect.DelegatingMethodAccessorImpl.invoke(Unknown Source)
	at java.lang.reflect.Method.invoke(Unknown Source)
	at org.apache.catalina.startup.Bootstrap.start(Bootstrap.java:303)
	at org.apache.catalina.startup.Bootstrap.main(Bootstrap.java:431)
Jul 11, 2011 11:26:58 PM org.apache.coyote.AbstractProtocol pause
INFO: Pausing ProtocolHandler ["http-bio-8080"]
Jul 11, 2011 11:26:58 PM org.apache.coyote.AbstractProtocol pause
INFO: Pausing ProtocolHandler ["ajp-bio-8009"]
Jul 11, 2011 11:26:58 PM org.apache.catalina.core.StandardService stopInternal
INFO: Stopping service Catalina
Jul 11, 2011 11:26:58 PM org.springframework.context.support.AbstractApplicationContext doClose
INFO: Closing org.springframework.web.context.support.XmlWebApplicationContext@1f95165: display name [WebApplicationContext for namespace 'remoting-servlet']; startup date [Mon Jul 11 23:26:57 BST 2011]; parent: org.springframework.web.context.support.XmlWebApplicationContext@100bac2
Jul 11, 2011 11:26:58 PM org.springframework.beans.factory.support.DefaultSingletonBeanRegistry destroySingletons
INFO: Destroying singletons in org.springframework.beans.factory.support.DefaultListableBeanFactory@a09e41: defining beans [/OrderService-hessian,/OrderService-burlap,/OrderService-httpinvoker]; parent: org.springframework.beans.factory.support.DefaultListableBeanFactory@124111a
Jul 11, 2011 11:26:58 PM org.springframework.context.support.AbstractApplicationContext doClose
INFO: Closing org.springframework.web.context.support.XmlWebApplicationContext@1e1ec86: display name [WebApplicationContext for namespace 'petstore-servlet']; startup date [Mon Jul 11 23:26:56 BST 2011]; parent: org.springframework.web.context.support.XmlWebApplicationContext@100bac2
Jul 11, 2011 11:26:58 PM org.springframework.beans.factory.support.DefaultSingletonBeanRegistry destroySingletons
INFO: Destroying singletons in org.springframework.beans.factory.support.DefaultListableBeanFactory@a1aa85: defining beans [viewResolver,defaultHandlerMapping,/shop/addItemToCart.do,/shop/checkout.do,/shop/index.do,/shop/newAccount.do,/shop/removeItemFromCart.do,/shop/signoff.do,/shop/searchProducts.do,/shop/signon.do,/shop/signonForm.do,/shop/updateCartQuantities.do,/shop/viewCart.do,/shop/viewCategory.do,/shop/viewItem.do,/shop/viewProduct.do,secureHandlerMapping,signonInterceptor,secure_editAccount,secure_listOrders,secure_newOrder,secure_viewOrder]; parent: org.springframework.beans.factory.support.DefaultListableBeanFactory@124111a
Jul 11, 2011 11:26:58 PM org.springframework.context.support.AbstractApplicationContext doClose
INFO: Closing org.springframework.web.context.support.XmlWebApplicationContext@100bac2: display name [Root WebApplicationContext]; startup date [Mon Jul 11 23:26:54 BST 2011]; root of context hierarchy
Jul 11, 2011 11:26:58 PM org.springframework.beans.factory.support.DefaultSingletonBeanRegistry destroySingletons
INFO: Destroying singletons in org.springframework.beans.factory.support.DefaultListableBeanFactory@124111a: defining beans [dataSource,transactionManager,sqlMapClient,accountDao,categoryDao,productDao,itemDao,orderDao,sequenceDao,propertyConfigurer,accountValidator,orderValidator,petStore,org.springframework.aop.config.internalAutoProxyCreator,org.springframework.aop.support.DefaultBeanFactoryPointcutAdvisor#0,txAdvice]; root of factory hierarchy
Jul 11, 2011 11:26:58 PM org.apache.coyote.AbstractProtocol destroy
INFO: Destroying ProtocolHandler ["http-bio-8080"]
Jul 11, 2011 11:26:58 PM org.apache.coyote.AbstractProtocol destroy
INFO: Destroying ProtocolHandler ["ajp-bio-8009"]
Jul 11, 2011 11:27:22 PM org.apache.jasper.compiler.TldLocationsCache tldScanJar
INFO: At least one JAR was scanned for TLDs yet contained no TLDs. Enable debug logging for this logger for a complete list of JARs that were scanned where no TLDs were found. Skipping JAR scanning can improve startup time and JSP compilation time.
Jul 11, 2011 11:27:43 PM org.apache.coyote.AbstractProtocol pause
INFO: Pausing ProtocolHandler ["http-bio-8080"]
Jul 11, 2011 11:27:44 PM org.apache.coyote.AbstractProtocol pause
INFO: Pausing ProtocolHandler ["ajp-bio-8009"]
Jul 11, 2011 11:27:45 PM org.apache.catalina.core.StandardService stopInternal
INFO: Stopping service Catalina
Jul 11, 2011 11:27:45 PM org.springframework.context.support.AbstractApplicationContext doClose
INFO: Closing org.springframework.web.context.support.XmlWebApplicationContext@f6f1b6: display name [WebApplicationContext for namespace 'remoting-servlet']; startup date [Mon Jul 11 23:17:47 BST 2011]; parent: org.springframework.web.context.support.XmlWebApplicationContext@1343ed0
Jul 11, 2011 11:27:45 PM org.springframework.beans.factory.support.DefaultSingletonBeanRegistry destroySingletons
INFO: Destroying singletons in org.springframework.beans.factory.support.DefaultListableBeanFactory@771eb1: defining beans [/OrderService-hessian,/OrderService-burlap,/OrderService-httpinvoker]; parent: org.springframework.beans.factory.support.DefaultListableBeanFactory@10efd7c
Jul 11, 2011 11:27:45 PM org.springframework.context.support.AbstractApplicationContext doClose
INFO: Closing org.springframework.web.context.support.XmlWebApplicationContext@1ce663c: display name [WebApplicationContext for namespace 'petstore-servlet']; startup date [Mon Jul 11 23:17:46 BST 2011]; parent: org.springframework.web.context.support.XmlWebApplicationContext@1343ed0
Jul 11, 2011 11:27:45 PM org.springframework.beans.factory.support.DefaultSingletonBeanRegistry destroySingletons
INFO: Destroying singletons in org.springframework.beans.factory.support.DefaultListableBeanFactory@2d0479: defining beans [viewResolver,defaultHandlerMapping,/shop/addItemToCart.do,/shop/checkout.do,/shop/index.do,/shop/newAccount.do,/shop/removeItemFromCart.do,/shop/signoff.do,/shop/searchProducts.do,/shop/signon.do,/shop/signonForm.do,/shop/updateCartQuantities.do,/shop/viewCart.do,/shop/viewCategory.do,/shop/viewItem.do,/shop/viewProduct.do,secureHandlerMapping,signonInterceptor,secure_editAccount,secure_listOrders,secure_newOrder,secure_viewOrder]; parent: org.springframework.beans.factory.support.DefaultListableBeanFactory@10efd7c
Jul 11, 2011 11:27:45 PM org.springframework.context.support.AbstractApplicationContext doClose
INFO: Closing org.springframework.web.context.support.XmlWebApplicationContext@1343ed0: display name [Root WebApplicationContext]; startup date [Mon Jul 11 23:17:44 BST 2011]; root of context hierarchy
Jul 11, 2011 11:27:45 PM org.springframework.beans.factory.support.DefaultSingletonBeanRegistry destroySingletons
INFO: Destroying singletons in org.springframework.beans.factory.support.DefaultListableBeanFactory@10efd7c: defining beans [dataSource,transactionManager,sqlMapClient,accountDao,categoryDao,productDao,itemDao,orderDao,sequenceDao,propertyConfigurer,accountValidator,orderValidator,petStore,org.springframework.aop.config.internalAutoProxyCreator,org.springframework.aop.support.DefaultBeanFactoryPointcutAdvisor#0,txAdvice]; root of factory hierarchy
Jul 11, 2011 11:27:45 PM org.apache.coyote.AbstractProtocol stop
INFO: Stopping ProtocolHandler ["http-bio-8080"]
Jul 11, 2011 11:27:45 PM org.apache.coyote.AbstractProtocol stop
INFO: Stopping ProtocolHandler ["ajp-bio-8009"]
Jul 11, 2011 11:27:45 PM org.apache.coyote.AbstractProtocol destroy
INFO: Destroying ProtocolHandler ["http-bio-8080"]
Jul 11, 2011 11:27:45 PM org.apache.coyote.AbstractProtocol destroy
INFO: Destroying ProtocolHandler ["ajp-bio-8009"]
Jul 11, 2011 11:27:52 PM org.apache.catalina.core.AprLifecycleListener init
INFO: The APR based Apache Tomcat Native library which allows optimal performance in production environments was not found on the java.library.path: C:\Windows\system32;C:\Windows\Sun\Java\bin;C:\Windows\system32;C:\Windows;C:\Program Files\ActiveState Komodo Edit 6\;C:\Windows\system32;C:\Windows;C:\Windows\System32\Wbem;C:\Windows\System32\WindowsPowerShell\v1.0\;c:\Program Files\Microsoft SQL Server\100\Tools\Binn\;c:\Program Files\Microsoft SQL Server\100\DTS\Binn\;C:\Program Files\TortoiseGit\bin;C:\Program Files\TortoiseSVN\bin;c:\Program Files\Microsoft SQL Server\100\Tools\Binn\VSShell\Common7\IDE\;c:\Program Files\Microsoft Visual Studio 9.0\Common7\IDE\PrivateAssemblies\;.
Jul 11, 2011 11:27:52 PM org.apache.coyote.AbstractProtocol init
INFO: Initializing ProtocolHandler ["http-bio-8080"]
Jul 11, 2011 11:27:52 PM org.apache.coyote.AbstractProtocol init
INFO: Initializing ProtocolHandler ["ajp-bio-8009"]
Jul 11, 2011 11:27:52 PM org.apache.catalina.startup.Catalina load
INFO: Initialization processed in 887 ms
Jul 11, 2011 11:27:52 PM org.apache.catalina.core.StandardService startInternal
INFO: Starting service Catalina
Jul 11, 2011 11:27:52 PM org.apache.catalina.core.StandardEngine startInternal
INFO: Starting Servlet Engine: Apache Tomcat/7.0.16
Jul 11, 2011 11:27:52 PM org.apache.catalina.startup.HostConfig deployWAR
INFO: Deploying web application archive jpetstore.war
Jul 11, 2011 11:27:54 PM org.springframework.web.context.ContextLoader initWebApplicationContext
INFO: Root WebApplicationContext: initialization started
Jul 11, 2011 11:27:54 PM org.springframework.context.support.AbstractApplicationContext prepareRefresh
INFO: Refreshing org.springframework.web.context.support.XmlWebApplicationContext@68c26c: display name [Root WebApplicationContext]; startup date [Mon Jul 11 23:27:54 BST 2011]; root of context hierarchy
Jul 11, 2011 11:27:54 PM org.springframework.beans.factory.xml.XmlBeanDefinitionReader loadBeanDefinitions
INFO: Loading XML bean definitions from ServletContext resource [/WEB-INF/dataAccessContext-local.xml]
Jul 11, 2011 11:27:54 PM org.springframework.beans.factory.xml.XmlBeanDefinitionReader loadBeanDefinitions
INFO: Loading XML bean definitions from ServletContext resource [/WEB-INF/applicationContext.xml]
Jul 11, 2011 11:27:54 PM org.springframework.context.support.AbstractApplicationContext obtainFreshBeanFactory
INFO: Bean factory for application context [org.springframework.web.context.support.XmlWebApplicationContext@68c26c]: org.springframework.beans.factory.support.DefaultListableBeanFactory@196f4b5
Jul 11, 2011 11:27:54 PM org.springframework.core.io.support.PropertiesLoaderSupport loadProperties
INFO: Loading properties file from ServletContext resource [/WEB-INF/mail.properties]
Jul 11, 2011 11:27:54 PM org.springframework.core.io.support.PropertiesLoaderSupport loadProperties
INFO: Loading properties file from ServletContext resource [/WEB-INF/jdbc.properties]
Jul 11, 2011 11:27:54 PM org.springframework.beans.factory.support.DefaultListableBeanFactory preInstantiateSingletons
INFO: Pre-instantiating singletons in org.springframework.beans.factory.support.DefaultListableBeanFactory@196f4b5: defining beans [dataSource,transactionManager,sqlMapClient,accountDao,categoryDao,productDao,itemDao,orderDao,sequenceDao,propertyConfigurer,accountValidator,orderValidator,petStore,org.springframework.aop.config.internalAutoProxyCreator,org.springframework.aop.support.DefaultBeanFactoryPointcutAdvisor#0,txAdvice]; root of factory hierarchy
Jul 11, 2011 11:27:55 PM org.springframework.web.context.ContextLoader initWebApplicationContext
INFO: Root WebApplicationContext: initialization completed in 1619 ms
Jul 11, 2011 11:27:55 PM org.springframework.web.servlet.FrameworkServlet initServletBean
INFO: FrameworkServlet 'petstore': initialization started
Jul 11, 2011 11:27:55 PM org.springframework.context.support.AbstractApplicationContext prepareRefresh
INFO: Refreshing org.springframework.web.context.support.XmlWebApplicationContext@1b17d49: display name [WebApplicationContext for namespace 'petstore-servlet']; startup date [Mon Jul 11 23:27:55 BST 2011]; parent: org.springframework.web.context.support.XmlWebApplicationContext@68c26c
Jul 11, 2011 11:27:55 PM org.springframework.beans.factory.xml.XmlBeanDefinitionReader loadBeanDefinitions
INFO: Loading XML bean definitions from ServletContext resource [/WEB-INF/petstore-servlet.xml]
Jul 11, 2011 11:27:55 PM org.springframework.context.support.AbstractApplicationContext obtainFreshBeanFactory
INFO: Bean factory for application context [org.springframework.web.context.support.XmlWebApplicationContext@1b17d49]: org.springframework.beans.factory.support.DefaultListableBeanFactory@1c794cc
Jul 11, 2011 11:27:55 PM org.springframework.beans.factory.support.DefaultListableBeanFactory preInstantiateSingletons
INFO: Pre-instantiating singletons in org.springframework.beans.factory.support.DefaultListableBeanFactory@1c794cc: defining beans [viewResolver,defaultHandlerMapping,/shop/addItemToCart.do,/shop/checkout.do,/shop/index.do,/shop/newAccount.do,/shop/removeItemFromCart.do,/shop/signoff.do,/shop/searchProducts.do,/shop/signon.do,/shop/signonForm.do,/shop/updateCartQuantities.do,/shop/viewCart.do,/shop/viewCategory.do,/shop/viewItem.do,/shop/viewProduct.do,secureHandlerMapping,signonInterceptor,secure_editAccount,secure_listOrders,secure_newOrder,secure_viewOrder]; parent: org.springframework.beans.factory.support.DefaultListableBeanFactory@196f4b5
Jul 11, 2011 11:27:56 PM org.springframework.web.servlet.FrameworkServlet initServletBean
INFO: FrameworkServlet 'petstore': initialization completed in 255 ms
Jul 11, 2011 11:27:56 PM org.springframework.web.servlet.FrameworkServlet initServletBean
INFO: FrameworkServlet 'remoting': initialization started
Jul 11, 2011 11:27:56 PM org.springframework.context.support.AbstractApplicationContext prepareRefresh
INFO: Refreshing org.springframework.web.context.support.XmlWebApplicationContext@baa31b: display name [WebApplicationContext for namespace 'remoting-servlet']; startup date [Mon Jul 11 23:27:56 BST 2011]; parent: org.springframework.web.context.support.XmlWebApplicationContext@68c26c
Jul 11, 2011 11:27:56 PM org.springframework.beans.factory.xml.XmlBeanDefinitionReader loadBeanDefinitions
INFO: Loading XML bean definitions from ServletContext resource [/WEB-INF/remoting-servlet.xml]
Jul 11, 2011 11:27:56 PM org.springframework.context.support.AbstractApplicationContext obtainFreshBeanFactory
INFO: Bean factory for application context [org.springframework.web.context.support.XmlWebApplicationContext@baa31b]: org.springframework.beans.factory.support.DefaultListableBeanFactory@12a66ea
Jul 11, 2011 11:27:56 PM org.springframework.beans.factory.support.DefaultListableBeanFactory preInstantiateSingletons
INFO: Pre-instantiating singletons in org.springframework.beans.factory.support.DefaultListableBeanFactory@12a66ea: defining beans [/OrderService-hessian,/OrderService-burlap,/OrderService-httpinvoker]; parent: org.springframework.beans.factory.support.DefaultListableBeanFactory@196f4b5
Jul 11, 2011 11:27:56 PM org.springframework.web.servlet.FrameworkServlet initServletBean
INFO: FrameworkServlet 'remoting': initialization completed in 149 ms
Jul 11, 2011 11:27:56 PM org.apache.axis.utils.JavaUtils isAttachmentSupported
WARNING: Unable to find required classes (javax.activation.DataHandler and javax.mail.internet.MimeMultipart). Attachment support is disabled.
Jul 11, 2011 11:27:56 PM org.apache.coyote.AbstractProtocol start
INFO: Starting ProtocolHandler ["http-bio-8080"]
Jul 11, 2011 11:27:56 PM org.apache.coyote.AbstractProtocol start
INFO: Starting ProtocolHandler ["ajp-bio-8009"]
Jul 11, 2011 11:27:56 PM org.apache.catalina.startup.Catalina start
INFO: Server startup in 4658 ms
Jul 11, 2011 11:28:07 PM org.apache.jasper.compiler.TldLocationsCache tldScanJar
INFO: At least one JAR was scanned for TLDs yet contained no TLDs. Enable debug logging for this logger for a complete list of JARs that were scanned where no TLDs were found. Skipping JAR scanning can improve startup time and JSP compilation time.
Jul 11, 2011 11:57:55 PM org.apache.catalina.core.AprLifecycleListener init
INFO: The APR based Apache Tomcat Native library which allows optimal performance in production environments was not found on the java.library.path: C:\Windows\system32;C:\Windows\Sun\Java\bin;C:\Windows\system32;C:\Windows;C:\Program Files\ActiveState Komodo Edit 6\;C:\Windows\system32;C:\Windows;C:\Windows\System32\Wbem;C:\Windows\System32\WindowsPowerShell\v1.0\;c:\Program Files\Microsoft SQL Server\100\Tools\Binn\;c:\Program Files\Microsoft SQL Server\100\DTS\Binn\;C:\Program Files\TortoiseGit\bin;C:\Program Files\TortoiseSVN\bin;c:\Program Files\Microsoft SQL Server\100\Tools\Binn\VSShell\Common7\IDE\;c:\Program Files\Microsoft Visual Studio 9.0\Common7\IDE\PrivateAssemblies\;.
Jul 11, 2011 11:57:56 PM org.apache.coyote.AbstractProtocol init
INFO: Initializing ProtocolHandler ["http-bio-8080"]
Jul 11, 2011 11:57:56 PM org.apache.coyote.AbstractProtocol init
INFO: Initializing ProtocolHandler ["ajp-bio-8009"]
Jul 11, 2011 11:57:56 PM org.apache.catalina.startup.Catalina load
INFO: Initialization processed in 1158 ms
Jul 11, 2011 11:57:56 PM org.apache.catalina.core.StandardService startInternal
INFO: Starting service Catalina
Jul 11, 2011 11:57:56 PM org.apache.catalina.core.StandardEngine startInternal
INFO: Starting Servlet Engine: Apache Tomcat/7.0.16
Jul 11, 2011 11:57:56 PM org.apache.catalina.startup.HostConfig deployWAR
INFO: Deploying web application archive jpetstore.war
Jul 11, 2011 11:57:57 PM org.springframework.web.context.ContextLoader initWebApplicationContext
INFO: Root WebApplicationContext: initialization started
Jul 11, 2011 11:57:58 PM org.springframework.context.support.AbstractApplicationContext prepareRefresh
INFO: Refreshing org.springframework.web.context.support.XmlWebApplicationContext@955cd5: display name [Root WebApplicationContext]; startup date [Mon Jul 11 23:57:58 BST 2011]; root of context hierarchy
Jul 11, 2011 11:57:58 PM org.springframework.beans.factory.xml.XmlBeanDefinitionReader loadBeanDefinitions
INFO: Loading XML bean definitions from ServletContext resource [/WEB-INF/dataAccessContext-local.xml]
Jul 11, 2011 11:57:58 PM org.springframework.beans.factory.xml.XmlBeanDefinitionReader loadBeanDefinitions
INFO: Loading XML bean definitions from ServletContext resource [/WEB-INF/applicationContext.xml]
Jul 11, 2011 11:57:58 PM org.springframework.context.support.AbstractApplicationContext obtainFreshBeanFactory
INFO: Bean factory for application context [org.springframework.web.context.support.XmlWebApplicationContext@955cd5]: org.springframework.beans.factory.support.DefaultListableBeanFactory@1c7e2da
Jul 11, 2011 11:57:58 PM org.springframework.core.io.support.PropertiesLoaderSupport loadProperties
INFO: Loading properties file from ServletContext resource [/WEB-INF/mail.properties]
Jul 11, 2011 11:57:58 PM org.springframework.core.io.support.PropertiesLoaderSupport loadProperties
INFO: Loading properties file from ServletContext resource [/WEB-INF/jdbc.properties]
Jul 11, 2011 11:57:58 PM org.springframework.beans.factory.support.DefaultListableBeanFactory preInstantiateSingletons
INFO: Pre-instantiating singletons in org.springframework.beans.factory.support.DefaultListableBeanFactory@1c7e2da: defining beans [dataSource,transactionManager,sqlMapClient,accountDao,categoryDao,productDao,itemDao,orderDao,sequenceDao,propertyConfigurer,accountValidator,orderValidator,petStore,org.springframework.aop.config.internalAutoProxyCreator,org.springframework.aop.support.DefaultBeanFactoryPointcutAdvisor#0,txAdvice]; root of factory hierarchy
Jul 11, 2011 11:57:59 PM org.springframework.web.context.ContextLoader initWebApplicationContext
INFO: Root WebApplicationContext: initialization completed in 1994 ms
Jul 11, 2011 11:58:00 PM org.springframework.web.servlet.FrameworkServlet initServletBean
INFO: FrameworkServlet 'petstore': initialization started
Jul 11, 2011 11:58:00 PM org.springframework.context.support.AbstractApplicationContext prepareRefresh
INFO: Refreshing org.springframework.web.context.support.XmlWebApplicationContext@adf5be: display name [WebApplicationContext for namespace 'petstore-servlet']; startup date [Mon Jul 11 23:58:00 BST 2011]; parent: org.springframework.web.context.support.XmlWebApplicationContext@955cd5
Jul 11, 2011 11:58:00 PM org.springframework.beans.factory.xml.XmlBeanDefinitionReader loadBeanDefinitions
INFO: Loading XML bean definitions from ServletContext resource [/WEB-INF/petstore-servlet.xml]
Jul 11, 2011 11:58:00 PM org.springframework.context.support.AbstractApplicationContext obtainFreshBeanFactory
INFO: Bean factory for application context [org.springframework.web.context.support.XmlWebApplicationContext@adf5be]: org.springframework.beans.factory.support.DefaultListableBeanFactory@9fdee
Jul 11, 2011 11:58:00 PM org.springframework.beans.factory.support.DefaultListableBeanFactory preInstantiateSingletons
INFO: Pre-instantiating singletons in org.springframework.beans.factory.support.DefaultListableBeanFactory@9fdee: defining beans [viewResolver,defaultHandlerMapping,/shop/addItemToCart.do,/shop/checkout.do,/shop/index.do,/shop/newAccount.do,/shop/removeItemFromCart.do,/shop/signoff.do,/shop/searchProducts.do,/shop/signon.do,/shop/signonForm.do,/shop/updateCartQuantities.do,/shop/viewCart.do,/shop/viewCategory.do,/shop/viewItem.do,/shop/viewProduct.do,secureHandlerMapping,signonInterceptor,secure_editAccount,secure_listOrders,secure_newOrder,secure_viewOrder]; parent: org.springframework.beans.factory.support.DefaultListableBeanFactory@1c7e2da
Jul 11, 2011 11:58:00 PM org.springframework.web.servlet.FrameworkServlet initServletBean
INFO: FrameworkServlet 'petstore': initialization completed in 339 ms
Jul 11, 2011 11:58:00 PM org.springframework.web.servlet.FrameworkServlet initServletBean
INFO: FrameworkServlet 'remoting': initialization started
Jul 11, 2011 11:58:00 PM org.springframework.context.support.AbstractApplicationContext prepareRefresh
INFO: Refreshing org.springframework.web.context.support.XmlWebApplicationContext@152bdc7: display name [WebApplicationContext for namespace 'remoting-servlet']; startup date [Mon Jul 11 23:58:00 BST 2011]; parent: org.springframework.web.context.support.XmlWebApplicationContext@955cd5
Jul 11, 2011 11:58:00 PM org.springframework.beans.factory.xml.XmlBeanDefinitionReader loadBeanDefinitions
INFO: Loading XML bean definitions from ServletContext resource [/WEB-INF/remoting-servlet.xml]
Jul 11, 2011 11:58:00 PM org.springframework.context.support.AbstractApplicationContext obtainFreshBeanFactory
INFO: Bean factory for application context [org.springframework.web.context.support.XmlWebApplicationContext@152bdc7]: org.springframework.beans.factory.support.DefaultListableBeanFactory@1296d1d
Jul 11, 2011 11:58:00 PM org.springframework.beans.factory.support.DefaultListableBeanFactory preInstantiateSingletons
INFO: Pre-instantiating singletons in org.springframework.beans.factory.support.DefaultListableBeanFactory@1296d1d: defining beans [/OrderService-hessian,/OrderService-burlap,/OrderService-httpinvoker]; parent: org.springframework.beans.factory.support.DefaultListableBeanFactory@1c7e2da
Jul 11, 2011 11:58:00 PM org.springframework.web.servlet.FrameworkServlet initServletBean
INFO: FrameworkServlet 'remoting': initialization completed in 161 ms
Jul 11, 2011 11:58:01 PM org.apache.axis.utils.JavaUtils isAttachmentSupported
WARNING: Unable to find required classes (javax.activation.DataHandler and javax.mail.internet.MimeMultipart). Attachment support is disabled.
Jul 11, 2011 11:58:01 PM org.apache.coyote.AbstractProtocol start
INFO: Starting ProtocolHandler ["http-bio-8080"]
Jul 11, 2011 11:58:01 PM org.apache.coyote.AbstractProtocol start
INFO: Starting ProtocolHandler ["ajp-bio-8009"]
Jul 11, 2011 11:58:01 PM org.apache.catalina.startup.Catalina start
INFO: Server startup in 5300 ms
Jul 11, 2011 11:58:51 PM org.apache.catalina.core.AprLifecycleListener init
INFO: The APR based Apache Tomcat Native library which allows optimal performance in production environments was not found on the java.library.path: C:\Windows\system32;C:\Windows\Sun\Java\bin;C:\Windows\system32;C:\Windows;C:\Program Files\ActiveState Komodo Edit 6\;C:\Windows\system32;C:\Windows;C:\Windows\System32\Wbem;C:\Windows\System32\WindowsPowerShell\v1.0\;c:\Program Files\Microsoft SQL Server\100\Tools\Binn\;c:\Program Files\Microsoft SQL Server\100\DTS\Binn\;C:\Program Files\TortoiseGit\bin;C:\Program Files\TortoiseSVN\bin;c:\Program Files\Microsoft SQL Server\100\Tools\Binn\VSShell\Common7\IDE\;c:\Program Files\Microsoft Visual Studio 9.0\Common7\IDE\PrivateAssemblies\;.
Jul 11, 2011 11:58:52 PM org.apache.coyote.AbstractProtocol init
INFO: Initializing ProtocolHandler ["http-bio-8080"]
Jul 11, 2011 11:58:52 PM org.apache.coyote.AbstractProtocol init
SEVERE: Failed to initialize end point associated with ProtocolHandler ["http-bio-8080"]
java.net.BindException: Address already in use: JVM_Bind <null>:8080
	at org.apache.tomcat.util.net.JIoEndpoint.bind(JIoEndpoint.java:391)
	at org.apache.tomcat.util.net.AbstractEndpoint.init(AbstractEndpoint.java:490)
	at org.apache.coyote.AbstractProtocol.init(AbstractProtocol.java:364)
	at org.apache.coyote.http11.AbstractHttp11JsseProtocol.init(AbstractHttp11JsseProtocol.java:119)
	at org.apache.catalina.connector.Connector.initInternal(Connector.java:910)
	at org.apache.catalina.util.LifecycleBase.init(LifecycleBase.java:101)
	at org.apache.catalina.core.StandardService.initInternal(StandardService.java:559)
	at org.apache.catalina.util.LifecycleBase.init(LifecycleBase.java:101)
	at org.apache.catalina.core.StandardServer.initInternal(StandardServer.java:781)
	at org.apache.catalina.util.LifecycleBase.init(LifecycleBase.java:101)
	at org.apache.catalina.startup.Catalina.load(Catalina.java:572)
	at org.apache.catalina.startup.Catalina.load(Catalina.java:595)
	at sun.reflect.NativeMethodAccessorImpl.invoke0(Native Method)
	at sun.reflect.NativeMethodAccessorImpl.invoke(Unknown Source)
	at sun.reflect.DelegatingMethodAccessorImpl.invoke(Unknown Source)
	at java.lang.reflect.Method.invoke(Unknown Source)
	at org.apache.catalina.startup.Bootstrap.load(Bootstrap.java:262)
	at org.apache.catalina.startup.Bootstrap.main(Bootstrap.java:430)
Caused by: java.net.BindException: Address already in use: JVM_Bind
	at java.net.PlainSocketImpl.socketBind(Native Method)
	at java.net.PlainSocketImpl.bind(Unknown Source)
	at java.net.ServerSocket.bind(Unknown Source)
	at java.net.ServerSocket.<init>(Unknown Source)
	at java.net.ServerSocket.<init>(Unknown Source)
	at org.apache.tomcat.util.net.DefaultServerSocketFactory.createSocket(DefaultServerSocketFactory.java:48)
	at org.apache.tomcat.util.net.JIoEndpoint.bind(JIoEndpoint.java:378)
	... 17 more
Jul 11, 2011 11:58:52 PM org.apache.catalina.core.StandardService initInternal
SEVERE: Failed to initialize connector [Connector[HTTP/1.1-8080]]
org.apache.catalina.LifecycleException: Protocol handler initialization failed
	at org.apache.catalina.connector.Connector.initInternal(Connector.java:912)
	at org.apache.catalina.util.LifecycleBase.init(LifecycleBase.java:101)
	at org.apache.catalina.core.StandardService.initInternal(StandardService.java:559)
	at org.apache.catalina.util.LifecycleBase.init(LifecycleBase.java:101)
	at org.apache.catalina.core.StandardServer.initInternal(StandardServer.java:781)
	at org.apache.catalina.util.LifecycleBase.init(LifecycleBase.java:101)
	at org.apache.catalina.startup.Catalina.load(Catalina.java:572)
	at org.apache.catalina.startup.Catalina.load(Catalina.java:595)
	at sun.reflect.NativeMethodAccessorImpl.invoke0(Native Method)
	at sun.reflect.NativeMethodAccessorImpl.invoke(Unknown Source)
	at sun.reflect.DelegatingMethodAccessorImpl.invoke(Unknown Source)
	at java.lang.reflect.Method.invoke(Unknown Source)
	at org.apache.catalina.startup.Bootstrap.load(Bootstrap.java:262)
	at org.apache.catalina.startup.Bootstrap.main(Bootstrap.java:430)
Caused by: java.net.BindException: Address already in use: JVM_Bind <null>:8080
	at org.apache.tomcat.util.net.JIoEndpoint.bind(JIoEndpoint.java:391)
	at org.apache.tomcat.util.net.AbstractEndpoint.init(AbstractEndpoint.java:490)
	at org.apache.coyote.AbstractProtocol.init(AbstractProtocol.java:364)
	at org.apache.coyote.http11.AbstractHttp11JsseProtocol.init(AbstractHttp11JsseProtocol.java:119)
	at org.apache.catalina.connector.Connector.initInternal(Connector.java:910)
	... 13 more
Caused by: java.net.BindException: Address already in use: JVM_Bind
	at java.net.PlainSocketImpl.socketBind(Native Method)
	at java.net.PlainSocketImpl.bind(Unknown Source)
	at java.net.ServerSocket.bind(Unknown Source)
	at java.net.ServerSocket.<init>(Unknown Source)
	at java.net.ServerSocket.<init>(Unknown Source)
	at org.apache.tomcat.util.net.DefaultServerSocketFactory.createSocket(DefaultServerSocketFactory.java:48)
	at org.apache.tomcat.util.net.JIoEndpoint.bind(JIoEndpoint.java:378)
	... 17 more
Jul 11, 2011 11:58:53 PM org.apache.coyote.AbstractProtocol init
INFO: Initializing ProtocolHandler ["ajp-bio-8009"]
Jul 11, 2011 11:58:53 PM org.apache.coyote.AbstractProtocol init
SEVERE: Failed to initialize end point associated with ProtocolHandler ["ajp-bio-8009"]
java.net.BindException: Address already in use: JVM_Bind <null>:8009
	at org.apache.tomcat.util.net.JIoEndpoint.bind(JIoEndpoint.java:391)
	at org.apache.tomcat.util.net.AbstractEndpoint.init(AbstractEndpoint.java:490)
	at org.apache.coyote.AbstractProtocol.init(AbstractProtocol.java:364)
	at org.apache.catalina.connector.Connector.initInternal(Connector.java:910)
	at org.apache.catalina.util.LifecycleBase.init(LifecycleBase.java:101)
	at org.apache.catalina.core.StandardService.initInternal(StandardService.java:559)
	at org.apache.catalina.util.LifecycleBase.init(LifecycleBase.java:101)
	at org.apache.catalina.core.StandardServer.initInternal(StandardServer.java:781)
	at org.apache.catalina.util.LifecycleBase.init(LifecycleBase.java:101)
	at org.apache.catalina.startup.Catalina.load(Catalina.java:572)
	at org.apache.catalina.startup.Catalina.load(Catalina.java:595)
	at sun.reflect.NativeMethodAccessorImpl.invoke0(Native Method)
	at sun.reflect.NativeMethodAccessorImpl.invoke(Unknown Source)
	at sun.reflect.DelegatingMethodAccessorImpl.invoke(Unknown Source)
	at java.lang.reflect.Method.invoke(Unknown Source)
	at org.apache.catalina.startup.Bootstrap.load(Bootstrap.java:262)
	at org.apache.catalina.startup.Bootstrap.main(Bootstrap.java:430)
Caused by: java.net.BindException: Address already in use: JVM_Bind
	at java.net.PlainSocketImpl.socketBind(Native Method)
	at java.net.PlainSocketImpl.bind(Unknown Source)
	at java.net.ServerSocket.bind(Unknown Source)
	at java.net.ServerSocket.<init>(Unknown Source)
	at java.net.ServerSocket.<init>(Unknown Source)
	at org.apache.tomcat.util.net.DefaultServerSocketFactory.createSocket(DefaultServerSocketFactory.java:48)
	at org.apache.tomcat.util.net.JIoEndpoint.bind(JIoEndpoint.java:378)
	... 16 more
Jul 11, 2011 11:58:54 PM org.apache.catalina.core.StandardService initInternal
SEVERE: Failed to initialize connector [Connector[AJP/1.3-8009]]
org.apache.catalina.LifecycleException: Protocol handler initialization failed
	at org.apache.catalina.connector.Connector.initInternal(Connector.java:912)
	at org.apache.catalina.util.LifecycleBase.init(LifecycleBase.java:101)
	at org.apache.catalina.core.StandardService.initInternal(StandardService.java:559)
	at org.apache.catalina.util.LifecycleBase.init(LifecycleBase.java:101)
	at org.apache.catalina.core.StandardServer.initInternal(StandardServer.java:781)
	at org.apache.catalina.util.LifecycleBase.init(LifecycleBase.java:101)
	at org.apache.catalina.startup.Catalina.load(Catalina.java:572)
	at org.apache.catalina.startup.Catalina.load(Catalina.java:595)
	at sun.reflect.NativeMethodAccessorImpl.invoke0(Native Method)
	at sun.reflect.NativeMethodAccessorImpl.invoke(Unknown Source)
	at sun.reflect.DelegatingMethodAccessorImpl.invoke(Unknown Source)
	at java.lang.reflect.Method.invoke(Unknown Source)
	at org.apache.catalina.startup.Bootstrap.load(Bootstrap.java:262)
	at org.apache.catalina.startup.Bootstrap.main(Bootstrap.java:430)
Caused by: java.net.BindException: Address already in use: JVM_Bind <null>:8009
	at org.apache.tomcat.util.net.JIoEndpoint.bind(JIoEndpoint.java:391)
	at org.apache.tomcat.util.net.AbstractEndpoint.init(AbstractEndpoint.java:490)
	at org.apache.coyote.AbstractProtocol.init(AbstractProtocol.java:364)
	at org.apache.catalina.connector.Connector.initInternal(Connector.java:910)
	... 13 more
Caused by: java.net.BindException: Address already in use: JVM_Bind
	at java.net.PlainSocketImpl.socketBind(Native Method)
	at java.net.PlainSocketImpl.bind(Unknown Source)
	at java.net.ServerSocket.bind(Unknown Source)
	at java.net.ServerSocket.<init>(Unknown Source)
	at java.net.ServerSocket.<init>(Unknown Source)
	at org.apache.tomcat.util.net.DefaultServerSocketFactory.createSocket(DefaultServerSocketFactory.java:48)
	at org.apache.tomcat.util.net.JIoEndpoint.bind(JIoEndpoint.java:378)
	... 16 more
Jul 11, 2011 11:58:56 PM org.apache.catalina.startup.Catalina load
INFO: Initialization processed in 5577 ms
Jul 11, 2011 11:58:56 PM org.apache.catalina.core.StandardService startInternal
INFO: Starting service Catalina
Jul 11, 2011 11:58:56 PM org.apache.catalina.core.StandardEngine startInternal
INFO: Starting Servlet Engine: Apache Tomcat/7.0.16
Jul 11, 2011 11:58:56 PM org.apache.catalina.startup.HostConfig deployWAR
INFO: Deploying web application archive jpetstore.war
Jul 11, 2011 11:58:58 PM org.springframework.web.context.ContextLoader initWebApplicationContext
INFO: Root WebApplicationContext: initialization started
Jul 11, 2011 11:58:58 PM org.springframework.context.support.AbstractApplicationContext prepareRefresh
INFO: Refreshing org.springframework.web.context.support.XmlWebApplicationContext@18f51f: display name [Root WebApplicationContext]; startup date [Mon Jul 11 23:58:58 BST 2011]; root of context hierarchy
Jul 11, 2011 11:58:58 PM org.springframework.beans.factory.xml.XmlBeanDefinitionReader loadBeanDefinitions
INFO: Loading XML bean definitions from ServletContext resource [/WEB-INF/dataAccessContext-local.xml]
Jul 11, 2011 11:58:59 PM org.springframework.beans.factory.xml.XmlBeanDefinitionReader loadBeanDefinitions
INFO: Loading XML bean definitions from ServletContext resource [/WEB-INF/applicationContext.xml]
Jul 11, 2011 11:58:59 PM org.springframework.context.support.AbstractApplicationContext obtainFreshBeanFactory
INFO: Bean factory for application context [org.springframework.web.context.support.XmlWebApplicationContext@18f51f]: org.springframework.beans.factory.support.DefaultListableBeanFactory@5c3987
Jul 11, 2011 11:58:59 PM org.springframework.core.io.support.PropertiesLoaderSupport loadProperties
INFO: Loading properties file from ServletContext resource [/WEB-INF/mail.properties]
Jul 11, 2011 11:58:59 PM org.springframework.core.io.support.PropertiesLoaderSupport loadProperties
INFO: Loading properties file from ServletContext resource [/WEB-INF/jdbc.properties]
Jul 11, 2011 11:58:59 PM org.springframework.beans.factory.support.DefaultListableBeanFactory preInstantiateSingletons
INFO: Pre-instantiating singletons in org.springframework.beans.factory.support.DefaultListableBeanFactory@5c3987: defining beans [dataSource,transactionManager,sqlMapClient,accountDao,categoryDao,productDao,itemDao,orderDao,sequenceDao,propertyConfigurer,accountValidator,orderValidator,petStore,org.springframework.aop.config.internalAutoProxyCreator,org.springframework.aop.support.DefaultBeanFactoryPointcutAdvisor#0,txAdvice]; root of factory hierarchy
Jul 11, 2011 11:59:01 PM org.springframework.web.context.ContextLoader initWebApplicationContext
INFO: Root WebApplicationContext: initialization completed in 3050 ms
Jul 11, 2011 11:59:01 PM org.springframework.web.servlet.FrameworkServlet initServletBean
INFO: FrameworkServlet 'petstore': initialization started
Jul 11, 2011 11:59:01 PM org.springframework.context.support.AbstractApplicationContext prepareRefresh
INFO: Refreshing org.springframework.web.context.support.XmlWebApplicationContext@198e8b4: display name [WebApplicationContext for namespace 'petstore-servlet']; startup date [Mon Jul 11 23:59:01 BST 2011]; parent: org.springframework.web.context.support.XmlWebApplicationContext@18f51f
Jul 11, 2011 11:59:01 PM org.springframework.beans.factory.xml.XmlBeanDefinitionReader loadBeanDefinitions
INFO: Loading XML bean definitions from ServletContext resource [/WEB-INF/petstore-servlet.xml]
Jul 11, 2011 11:59:01 PM org.springframework.context.support.AbstractApplicationContext obtainFreshBeanFactory
INFO: Bean factory for application context [org.springframework.web.context.support.XmlWebApplicationContext@198e8b4]: org.springframework.beans.factory.support.DefaultListableBeanFactory@1c5ddd3
Jul 11, 2011 11:59:02 PM org.springframework.beans.factory.support.DefaultListableBeanFactory preInstantiateSingletons
INFO: Pre-instantiating singletons in org.springframework.beans.factory.support.DefaultListableBeanFactory@1c5ddd3: defining beans [viewResolver,defaultHandlerMapping,/shop/addItemToCart.do,/shop/checkout.do,/shop/index.do,/shop/newAccount.do,/shop/removeItemFromCart.do,/shop/signoff.do,/shop/searchProducts.do,/shop/signon.do,/shop/signonForm.do,/shop/updateCartQuantities.do,/shop/viewCart.do,/shop/viewCategory.do,/shop/viewItem.do,/shop/viewProduct.do,secureHandlerMapping,signonInterceptor,secure_editAccount,secure_listOrders,secure_newOrder,secure_viewOrder]; parent: org.springframework.beans.factory.support.DefaultListableBeanFactory@5c3987
Jul 11, 2011 11:59:02 PM org.springframework.web.servlet.FrameworkServlet initServletBean
INFO: FrameworkServlet 'petstore': initialization completed in 355 ms
Jul 11, 2011 11:59:06 PM org.springframework.web.servlet.FrameworkServlet initServletBean
INFO: FrameworkServlet 'remoting': initialization started
Jul 11, 2011 11:59:06 PM org.springframework.context.support.AbstractApplicationContext prepareRefresh
INFO: Refreshing org.springframework.web.context.support.XmlWebApplicationContext@a0e990: display name [WebApplicationContext for namespace 'remoting-servlet']; startup date [Mon Jul 11 23:59:06 BST 2011]; parent: org.springframework.web.context.support.XmlWebApplicationContext@18f51f
Jul 11, 2011 11:59:06 PM org.springframework.beans.factory.xml.XmlBeanDefinitionReader loadBeanDefinitions
INFO: Loading XML bean definitions from ServletContext resource [/WEB-INF/remoting-servlet.xml]
Jul 11, 2011 11:59:06 PM org.springframework.context.support.AbstractApplicationContext obtainFreshBeanFactory
INFO: Bean factory for application context [org.springframework.web.context.support.XmlWebApplicationContext@a0e990]: org.springframework.beans.factory.support.DefaultListableBeanFactory@1e09eab
Jul 11, 2011 11:59:07 PM org.springframework.beans.factory.support.DefaultListableBeanFactory preInstantiateSingletons
INFO: Pre-instantiating singletons in org.springframework.beans.factory.support.DefaultListableBeanFactory@1e09eab: defining beans [/OrderService-hessian,/OrderService-burlap,/OrderService-httpinvoker]; parent: org.springframework.beans.factory.support.DefaultListableBeanFactory@5c3987
Jul 11, 2011 11:59:07 PM org.springframework.web.servlet.FrameworkServlet initServletBean
INFO: FrameworkServlet 'remoting': initialization completed in 1307 ms
Jul 11, 2011 11:59:09 PM org.apache.axis.utils.JavaUtils isAttachmentSupported
WARNING: Unable to find required classes (javax.activation.DataHandler and javax.mail.internet.MimeMultipart). Attachment support is disabled.
Jul 11, 2011 11:59:10 PM org.apache.catalina.startup.Catalina start
INFO: Server startup in 13837 ms
Jul 11, 2011 11:59:10 PM org.apache.catalina.core.StandardServer await
SEVERE: StandardServer.await: create[localhost:8005]: 
java.net.BindException: Address already in use: JVM_Bind
	at java.net.PlainSocketImpl.socketBind(Native Method)
	at java.net.PlainSocketImpl.bind(Unknown Source)
	at java.net.ServerSocket.bind(Unknown Source)
	at java.net.ServerSocket.<init>(Unknown Source)
	at org.apache.catalina.core.StandardServer.await(StandardServer.java:422)
	at org.apache.catalina.startup.Catalina.await(Catalina.java:708)
	at org.apache.catalina.startup.Catalina.start(Catalina.java:653)
	at sun.reflect.NativeMethodAccessorImpl.invoke0(Native Method)
	at sun.reflect.NativeMethodAccessorImpl.invoke(Unknown Source)
	at sun.reflect.DelegatingMethodAccessorImpl.invoke(Unknown Source)
	at java.lang.reflect.Method.invoke(Unknown Source)
	at org.apache.catalina.startup.Bootstrap.start(Bootstrap.java:303)
	at org.apache.catalina.startup.Bootstrap.main(Bootstrap.java:431)
Jul 11, 2011 11:59:10 PM org.apache.coyote.AbstractProtocol pause
INFO: Pausing ProtocolHandler ["http-bio-8080"]
Jul 11, 2011 11:59:10 PM org.apache.coyote.AbstractProtocol pause
INFO: Pausing ProtocolHandler ["ajp-bio-8009"]
Jul 11, 2011 11:59:10 PM org.apache.catalina.core.StandardService stopInternal
INFO: Stopping service Catalina
Jul 11, 2011 11:59:10 PM org.springframework.context.support.AbstractApplicationContext doClose
INFO: Closing org.springframework.web.context.support.XmlWebApplicationContext@a0e990: display name [WebApplicationContext for namespace 'remoting-servlet']; startup date [Mon Jul 11 23:59:06 BST 2011]; parent: org.springframework.web.context.support.XmlWebApplicationContext@18f51f
Jul 11, 2011 11:59:10 PM org.springframework.beans.factory.support.DefaultSingletonBeanRegistry destroySingletons
INFO: Destroying singletons in org.springframework.beans.factory.support.DefaultListableBeanFactory@1e09eab: defining beans [/OrderService-hessian,/OrderService-burlap,/OrderService-httpinvoker]; parent: org.springframework.beans.factory.support.DefaultListableBeanFactory@5c3987
Jul 11, 2011 11:59:10 PM org.springframework.context.support.AbstractApplicationContext doClose
INFO: Closing org.springframework.web.context.support.XmlWebApplicationContext@198e8b4: display name [WebApplicationContext for namespace 'petstore-servlet']; startup date [Mon Jul 11 23:59:01 BST 2011]; parent: org.springframework.web.context.support.XmlWebApplicationContext@18f51f
Jul 11, 2011 11:59:10 PM org.springframework.beans.factory.support.DefaultSingletonBeanRegistry destroySingletons
INFO: Destroying singletons in org.springframework.beans.factory.support.DefaultListableBeanFactory@1c5ddd3: defining beans [viewResolver,defaultHandlerMapping,/shop/addItemToCart.do,/shop/checkout.do,/shop/index.do,/shop/newAccount.do,/shop/removeItemFromCart.do,/shop/signoff.do,/shop/searchProducts.do,/shop/signon.do,/shop/signonForm.do,/shop/updateCartQuantities.do,/shop/viewCart.do,/shop/viewCategory.do,/shop/viewItem.do,/shop/viewProduct.do,secureHandlerMapping,signonInterceptor,secure_editAccount,secure_listOrders,secure_newOrder,secure_viewOrder]; parent: org.springframework.beans.factory.support.DefaultListableBeanFactory@5c3987
Jul 11, 2011 11:59:10 PM org.springframework.context.support.AbstractApplicationContext doClose
INFO: Closing org.springframework.web.context.support.XmlWebApplicationContext@18f51f: display name [Root WebApplicationContext]; startup date [Mon Jul 11 23:58:58 BST 2011]; root of context hierarchy
Jul 11, 2011 11:59:10 PM org.springframework.beans.factory.support.DefaultSingletonBeanRegistry destroySingletons
INFO: Destroying singletons in org.springframework.beans.factory.support.DefaultListableBeanFactory@5c3987: defining beans [dataSource,transactionManager,sqlMapClient,accountDao,categoryDao,productDao,itemDao,orderDao,sequenceDao,propertyConfigurer,accountValidator,orderValidator,petStore,org.springframework.aop.config.internalAutoProxyCreator,org.springframework.aop.support.DefaultBeanFactoryPointcutAdvisor#0,txAdvice]; root of factory hierarchy
Jul 11, 2011 11:59:12 PM org.apache.coyote.AbstractProtocol destroy
INFO: Destroying ProtocolHandler ["http-bio-8080"]
Jul 11, 2011 11:59:12 PM org.apache.coyote.AbstractProtocol destroy
INFO: Destroying ProtocolHandler ["ajp-bio-8009"]
Jul 11, 2011 11:59:24 PM org.apache.catalina.core.AprLifecycleListener init
INFO: The APR based Apache Tomcat Native library which allows optimal performance in production environments was not found on the java.library.path: C:\Windows\system32;C:\Windows\Sun\Java\bin;C:\Windows\system32;C:\Windows;C:\Program Files\ActiveState Komodo Edit 6\;C:\Windows\system32;C:\Windows;C:\Windows\System32\Wbem;C:\Windows\System32\WindowsPowerShell\v1.0\;c:\Program Files\Microsoft SQL Server\100\Tools\Binn\;c:\Program Files\Microsoft SQL Server\100\DTS\Binn\;C:\Program Files\TortoiseGit\bin;C:\Program Files\TortoiseSVN\bin;c:\Program Files\Microsoft SQL Server\100\Tools\Binn\VSShell\Common7\IDE\;c:\Program Files\Microsoft Visual Studio 9.0\Common7\IDE\PrivateAssemblies\;.
Jul 11, 2011 11:59:24 PM org.apache.coyote.AbstractProtocol init
INFO: Initializing ProtocolHandler ["http-bio-8080"]
Jul 11, 2011 11:59:24 PM org.apache.coyote.AbstractProtocol init
INFO: Initializing ProtocolHandler ["ajp-bio-8009"]
Jul 11, 2011 11:59:24 PM org.apache.catalina.startup.Catalina load
INFO: Initialization processed in 1196 ms
Jul 11, 2011 11:59:24 PM org.apache.catalina.core.StandardService startInternal
INFO: Starting service Catalina
Jul 11, 2011 11:59:24 PM org.apache.catalina.core.StandardEngine startInternal
INFO: Starting Servlet Engine: Apache Tomcat/7.0.16
Jul 11, 2011 11:59:24 PM org.apache.catalina.startup.HostConfig deployWAR
INFO: Deploying web application archive jpetstore.war
Jul 11, 2011 11:59:26 PM org.springframework.web.context.ContextLoader initWebApplicationContext
INFO: Root WebApplicationContext: initialization started
Jul 11, 2011 11:59:26 PM org.springframework.context.support.AbstractApplicationContext prepareRefresh
INFO: Refreshing org.springframework.web.context.support.XmlWebApplicationContext@d85cc: display name [Root WebApplicationContext]; startup date [Mon Jul 11 23:59:26 BST 2011]; root of context hierarchy
Jul 11, 2011 11:59:26 PM org.springframework.beans.factory.xml.XmlBeanDefinitionReader loadBeanDefinitions
INFO: Loading XML bean definitions from ServletContext resource [/WEB-INF/dataAccessContext-local.xml]
Jul 11, 2011 11:59:26 PM org.springframework.beans.factory.xml.XmlBeanDefinitionReader loadBeanDefinitions
INFO: Loading XML bean definitions from ServletContext resource [/WEB-INF/applicationContext.xml]
Jul 11, 2011 11:59:27 PM org.springframework.context.support.AbstractApplicationContext obtainFreshBeanFactory
INFO: Bean factory for application context [org.springframework.web.context.support.XmlWebApplicationContext@d85cc]: org.springframework.beans.factory.support.DefaultListableBeanFactory@196f4b5
Jul 11, 2011 11:59:27 PM org.springframework.core.io.support.PropertiesLoaderSupport loadProperties
INFO: Loading properties file from ServletContext resource [/WEB-INF/mail.properties]
Jul 11, 2011 11:59:27 PM org.springframework.core.io.support.PropertiesLoaderSupport loadProperties
INFO: Loading properties file from ServletContext resource [/WEB-INF/jdbc.properties]
Jul 11, 2011 11:59:27 PM org.springframework.beans.factory.support.DefaultListableBeanFactory preInstantiateSingletons
INFO: Pre-instantiating singletons in org.springframework.beans.factory.support.DefaultListableBeanFactory@196f4b5: defining beans [dataSource,transactionManager,sqlMapClient,accountDao,categoryDao,productDao,itemDao,orderDao,sequenceDao,propertyConfigurer,accountValidator,orderValidator,petStore,org.springframework.aop.config.internalAutoProxyCreator,org.springframework.aop.support.DefaultBeanFactoryPointcutAdvisor#0,txAdvice]; root of factory hierarchy
Jul 11, 2011 11:59:28 PM org.springframework.web.context.ContextLoader initWebApplicationContext
INFO: Root WebApplicationContext: initialization completed in 2139 ms
Jul 11, 2011 11:59:28 PM org.springframework.web.servlet.FrameworkServlet initServletBean
INFO: FrameworkServlet 'petstore': initialization started
Jul 11, 2011 11:59:28 PM org.springframework.context.support.AbstractApplicationContext prepareRefresh
INFO: Refreshing org.springframework.web.context.support.XmlWebApplicationContext@15b123b: display name [WebApplicationContext for namespace 'petstore-servlet']; startup date [Mon Jul 11 23:59:28 BST 2011]; parent: org.springframework.web.context.support.XmlWebApplicationContext@d85cc
Jul 11, 2011 11:59:28 PM org.springframework.beans.factory.xml.XmlBeanDefinitionReader loadBeanDefinitions
INFO: Loading XML bean definitions from ServletContext resource [/WEB-INF/petstore-servlet.xml]
Jul 11, 2011 11:59:28 PM org.springframework.context.support.AbstractApplicationContext obtainFreshBeanFactory
INFO: Bean factory for application context [org.springframework.web.context.support.XmlWebApplicationContext@15b123b]: org.springframework.beans.factory.support.DefaultListableBeanFactory@178920a
Jul 11, 2011 11:59:28 PM org.springframework.beans.factory.support.DefaultListableBeanFactory preInstantiateSingletons
INFO: Pre-instantiating singletons in org.springframework.beans.factory.support.DefaultListableBeanFactory@178920a: defining beans [viewResolver,defaultHandlerMapping,/shop/addItemToCart.do,/shop/checkout.do,/shop/index.do,/shop/newAccount.do,/shop/removeItemFromCart.do,/shop/signoff.do,/shop/searchProducts.do,/shop/signon.do,/shop/signonForm.do,/shop/updateCartQuantities.do,/shop/viewCart.do,/shop/viewCategory.do,/shop/viewItem.do,/shop/viewProduct.do,secureHandlerMapping,signonInterceptor,secure_editAccount,secure_listOrders,secure_newOrder,secure_viewOrder]; parent: org.springframework.beans.factory.support.DefaultListableBeanFactory@196f4b5
Jul 11, 2011 11:59:29 PM org.springframework.web.servlet.FrameworkServlet initServletBean
INFO: FrameworkServlet 'petstore': initialization completed in 432 ms
Jul 11, 2011 11:59:29 PM org.springframework.web.servlet.FrameworkServlet initServletBean
INFO: FrameworkServlet 'remoting': initialization started
Jul 11, 2011 11:59:29 PM org.springframework.context.support.AbstractApplicationContext prepareRefresh
INFO: Refreshing org.springframework.web.context.support.XmlWebApplicationContext@baa31b: display name [WebApplicationContext for namespace 'remoting-servlet']; startup date [Mon Jul 11 23:59:29 BST 2011]; parent: org.springframework.web.context.support.XmlWebApplicationContext@d85cc
Jul 11, 2011 11:59:29 PM org.springframework.beans.factory.xml.XmlBeanDefinitionReader loadBeanDefinitions
INFO: Loading XML bean definitions from ServletContext resource [/WEB-INF/remoting-servlet.xml]
Jul 11, 2011 11:59:29 PM org.springframework.context.support.AbstractApplicationContext obtainFreshBeanFactory
INFO: Bean factory for application context [org.springframework.web.context.support.XmlWebApplicationContext@baa31b]: org.springframework.beans.factory.support.DefaultListableBeanFactory@12a66ea
Jul 11, 2011 11:59:29 PM org.springframework.beans.factory.support.DefaultListableBeanFactory preInstantiateSingletons
INFO: Pre-instantiating singletons in org.springframework.beans.factory.support.DefaultListableBeanFactory@12a66ea: defining beans [/OrderService-hessian,/OrderService-burlap,/OrderService-httpinvoker]; parent: org.springframework.beans.factory.support.DefaultListableBeanFactory@196f4b5
Jul 11, 2011 11:59:29 PM org.springframework.web.servlet.FrameworkServlet initServletBean
INFO: FrameworkServlet 'remoting': initialization completed in 133 ms
Jul 11, 2011 11:59:30 PM org.apache.axis.utils.JavaUtils isAttachmentSupported
WARNING: Unable to find required classes (javax.activation.DataHandler and javax.mail.internet.MimeMultipart). Attachment support is disabled.
Jul 11, 2011 11:59:30 PM org.apache.coyote.AbstractProtocol start
INFO: Starting ProtocolHandler ["http-bio-8080"]
Jul 11, 2011 11:59:30 PM org.apache.coyote.AbstractProtocol start
INFO: Starting ProtocolHandler ["ajp-bio-8009"]
Jul 11, 2011 11:59:30 PM org.apache.catalina.startup.Catalina start
INFO: Server startup in 5896 ms
